-------------------------------------------------------------------------------
      name:  log01_noer
       log:  D:/Workplace/SCS/outputs/logs/01_descriptive_statistics_2006_2024_
> noER.log
  log type:  text
 opened on:  16 May 2026, 04:08:59

. 
. use "$DATA", clear

. keep if inrange(year, 2006, 2024)
(0 observations deleted)

. 
. gen double lnCE = CE

. label variable lnCE "Log carbon emissions"

. 
. capture confirm variable SCCD2

. if _rc gen double SCCD2 = SCCD^2

. label variable SCCD2 "Spatial coupling coordination degree squared"

. 
. xtset id year

Panel variable: id (strongly balanced)
 Time variable: year, 2006 to 2024
         Delta: 1 unit

. 
. di as text "Dataset structure"
Dataset structure

. describe

Contains data from D:/Workplace/SCS/插值回归_2006_2024_拟合更新.dta
 Observations:         5,396                  
    Variables:            31                  14 May 2026 16:14
-------------------------------------------------------------------------------
Variable      Storage   Display    Value
    name         type    format    label      Variable label
-------------------------------------------------------------------------------
province        str24   %24s                  
id              long    %12.0g                
city            str15   %15s                  
year            int     %8.0g                 
CE              float   %9.0g                 
SCCD            float   %9.0g                 
OPEN            float   %9.0g                 
FDI             float   %9.0g                 
RD              float   %9.0g                 
UR              float   %9.0g                 
URG             float   %9.0g                 
ER              float   %9.0g                 
EI              float   %9.0g                 
NTL             float   %9.0g                 
MCCD            float   %9.0g                 
POLY            float   %9.0g                 
ISL             float   %9.0g                 
OIU             float   %9.0g                 
ISU             float   %9.0g                 
GI              float   %9.0g                 
GTI             float   %9.0g                 
IV              float   %9.0g                 
c_SCCD          float   %9.0g                 
DEI             float   %9.0g                 
region          str6    %6s                   
_est_z1         byte    %8.0g                 
_est_z2         byte    %8.0g                 
_est_z3         byte    %8.0g                 
is_fitted       byte    %8.0g                 
lnCE            double  %10.0g                Log carbon emissions
SCCD2           double  %10.0g                Spatial coupling coordination
                                                degree squared
-------------------------------------------------------------------------------
Sorted by: id  year
     Note: Dataset has changed since last saved.

. 
. di as text "Panel diagnostics"
Panel diagnostics

. isid id year

. xtdescribe

      id:  110000, 120000, ..., 650200                       n =        284
    year:  2006, 2007, ..., 2024                             T =         19
           Delta(year) = 1 unit
           Span(year)  = 19 periods
           (id*year uniquely identifies each observation)

Distribution of T_i:   min      5%     25%       50%       75%     95%     max
                        19      19      19        19        19      19      19

     Freq.  Percent    Cum. |  Pattern
 ---------------------------+---------------------
      284    100.00  100.00 |  1111111111111111111
 ---------------------------+---------------------
      284    100.00         |  XXXXXXXXXXXXXXXXXXX

. summarize year

    Variable |        Obs        Mean    Std. dev.       Min        Max
-------------+---------------------------------------------------------
        year |      5,396        2015    5.477733       2006       2024

. tabulate year

       year |      Freq.     Percent        Cum.
------------+-----------------------------------
       2006 |        284        5.26        5.26
       2007 |        284        5.26       10.53
       2008 |        284        5.26       15.79
       2009 |        284        5.26       21.05
       2010 |        284        5.26       26.32
       2011 |        284        5.26       31.58
       2012 |        284        5.26       36.84
       2013 |        284        5.26       42.11
       2014 |        284        5.26       47.37
       2015 |        284        5.26       52.63
       2016 |        284        5.26       57.89
       2017 |        284        5.26       63.16
       2018 |        284        5.26       68.42
       2019 |        284        5.26       73.68
       2020 |        284        5.26       78.95
       2021 |        284        5.26       84.21
       2022 |        284        5.26       89.47
       2023 |        284        5.26       94.74
       2024 |        284        5.26      100.00
------------+-----------------------------------
      Total |      5,396      100.00

. quietly levelsof id, local(ids)

. di as result "Number of unique city ids: " wordcount("`ids'")
Number of unique city ids: 284

. 
. capture confirm variable is_fitted

. if !_rc {
.     tabulate is_fitted

  is_fitted |      Freq.     Percent        Cum.
------------+-----------------------------------
          0 |      4,544       84.21       84.21
          1 |        852       15.79      100.00
------------+-----------------------------------
      Total |      5,396      100.00
.     preserve
.     contract year is_fitted
.     rename _freq observations
.     export delimited using "$TABLES/panel_observations_by_year_2006_2024_noER
> .csv", replace
file D:/Workplace/SCS/outputs/tables/panel_observations_by_year_2006_2024_noER.
> csv saved
.     restore
. }

. 
. di as text "Missing-value diagnostics"
Missing-value diagnostics

. misstable summarize
                                                               Obs<.
                                                +------------------------------
               |                                | Unique
      Variable |     Obs=.     Obs>.     Obs<.  | values        Min         Max
  -------------+--------------------------------+------------------------------
          OPEN |        15               5,381  |   >500  -.7196932    3.639746
           FDI |        31               5,365  |   >500  -1.692785    5.080404
           URG |        15               5,381  |   >500   1.207041    6.378049
            IV |       284               5,112  |   >500   .1214217    .8222161
  -----------------------------------------------------------------------------

. 
. tempname misspost

. postfile `misspost' str32 variable long missing_count using "$TABLES/missing_
> values_2006_2024_noER.dta", replace

. foreach v of varlist _all {
  2.     quietly count if missing(`v')
  3.     post `misspost' ("`v'") (r(N))
  4. }

. postclose `misspost'

. preserve

. use "$TABLES/missing_values_2006_2024_noER.dta", clear

. export delimited using "$TABLES/missing_values_2006_2024_noER.csv", replace
file D:/Workplace/SCS/outputs/tables/missing_values_2006_2024_noER.csv saved

. restore

. 
. local descvars lnCE SCCD SCCD2 OPEN UR URG GI DEI POLY OIU GTI MCCD NTL FDI R
> D EI ISL ISU IV c_SCCD is_fitted

. local keepvars

. foreach v of local descvars {
  2.     capture confirm variable `v'
  3.     if !_rc local keepvars `keepvars' `v'
  4. }

. 
. estpost summarize `keepvars', detail

             |  e(count)   e(sum_w)    e(mean)     e(Var)      e(sd) 
-------------+-------------------------------------------------------
        lnCE |      5396       5396   4.612174   1.569736   1.252891 
        SCCD |      5396       5396   .3178395   .0071811   .0847414 
       SCCD2 |      5396       5396   .1082018   .0043659    .066075 
        OPEN |      5381       5381   .1934035   .1135054   .3369056 
          UR |      5396       5396   54.49798   237.7402   15.41883 
         URG |      5381       5381    2.43726   .3009379   .5485781 
          GI |      5396       5396   .1860857    .009541   .0976778 
         DEI |      5396       5396   .0600344   .0058108   .0762287 
        POLY |      5396       5396   .3460677    .035614   .1887166 
         OIU |      5396       5396   2.287665   .0208685   .1444593 
         GTI |      5396       5396   4.046587   3.223299   1.795355 
        MCCD |      5396       5396   .3178395   .0071811   .0847414 
         NTL |      5396       5396   1.420868   1.273281   1.128398 
         FDI |      5365       5365   2.243564   .0766421   .2768431 
          RD |      5396       5396   .0152204   .0002452   .0156595 
          EI |      5396       5396  -.1614343    .298718    .546551 
         ISL |      5396       5396   .4157302     .00975   .0987422 
         ISU |      5396       5396   1.033855   .3166055   .5626771 
          IV |      5112       5112   .3162584    .007257   .0851879 
      c_SCCD |      5396       5396   .0047433   .0071811   .0847414 
   is_fitted |      5396       5396   .1578947   .1329886   .3646761 

             | e(skewn~)  e(kurto~)     e(sum)     e(min)     e(max) 
-------------+-------------------------------------------------------
        lnCE | -.1995248   3.300333   24887.29          0   8.324579 
        SCCD |  1.491465   7.018509   1715.062   .1214217   .8222161 
       SCCD2 |  2.926523   16.82643   583.8567   .0147432   .6760393 
        OPEN |  4.017439   25.19512   1040.704  -.7196932   3.639746 
          UR |   .444542   2.962329   294071.1   6.490588        100 
         URG |  1.315244   6.251379    13114.9   1.207041   6.378049 
          GI |  2.267268   11.70187   1004.119   .0426538   1.026784 
         DEI |  4.434185   34.28439   323.9458          0   .9400007 
        POLY | -.2726203   2.618625   1867.382          0     .96336 
         OIU |  .1490698   3.856068   12344.24     1.1631     2.8357 
         GTI |  .1217594    2.81327   21835.38          0   9.871687 
        MCCD |  1.491465   7.018509   1715.062   .1214217   .8222161 
         NTL |  -.100457   2.563087   7667.002  -2.322296   4.095221 
         FDI | -1.567138   27.86192   12036.72  -1.692785   5.080404 
          RD |  3.011205   19.04733   82.12903          0   .2068348 
          EI | -.1765947   4.628503  -871.0997  -5.026489   2.087253 
         ISL |  .3748769   3.815558    2243.28      .0382      .8387 
         ISU |     2.453   12.97904   5578.681      .0943       5.35 
          IV |  1.521488   7.119336   1616.713   .1214217   .8222161 
      c_SCCD |  1.491465   7.018509   25.59477  -.1916746   .5091199 
   is_fitted |  1.876388   4.520833        852          0          1 

             |     e(p1)      e(p5)     e(p10)     e(p25)     e(p50) 
-------------+-------------------------------------------------------
        lnCE |  1.386294   2.484907   2.995732   3.828641    4.65396 
        SCCD |  .1785979   .2119101   .2285923   .2631492   .3040722 
       SCCD2 |  .0318972   .0449059   .0522544   .0692475   .0924599 
        OPEN | -.0473731   .0038019   .0089243    .028204   .0802766 
          UR |  22.77655   31.96391      36.06   43.55969   52.60575 
         URG |  1.537471    1.73779   1.842961   2.065764   2.342243 
          GI |  .0645846    .084353   .0965184   .1228332   .1615467 
         DEI |  .0012315   .0029068   .0046456   .0102356   .0470247 
        POLY |         0          0   .0094974   .2183437   .3741095 
         OIU |    1.9598     2.0626     2.1042     2.1902   2.283236 
         GTI |         0   1.098612   1.791759   2.772589   4.037678 
        MCCD |  .1785979   .2119101   .2285923   .2631492   .3040722 
         NTL | -1.116204   -.433478  -.0172384   .6085158   1.433716 
         FDI |   1.39531   1.784116   1.945958   2.140287   2.281741 
          RD |  .0009961   .0019803   .0028995   .0051577   .0104295 
          EI | -1.383208  -1.085316  -.8803781  -.5107904  -.0825373 
         ISL |     .1967      .2661      .2978     .34785   .4121262 
         ISU |     .2788      .4485      .5244      .6864     .91105 
          IV |  .1782244   .2104448   .2271134   .2613255   .3020427 
      c_SCCD | -.1344984  -.1011862  -.0845039  -.0499471   -.009024 
   is_fitted |         0          0          0          0          0 

             |    e(p75)     e(p90)     e(p95)     e(p99) 
-------------+--------------------------------------------
        lnCE |  5.436523     6.1717   6.605298   7.462789 
        SCCD |  .3541137    .418815   .4776701   .6169899 
       SCCD2 |  .1253965    .175406   .2281687   .3806765 
        OPEN |  .2104332   .4740882   .7818252   1.708463 
          UR |  64.11474   75.72935    82.7285   94.84906 
         URG |  2.695529   3.139276   3.468587   4.247392 
          GI |  .2215111   .3054919   .3677267   .5571068 
         DEI |   .074519   .1247616   .1735185   .3727742 
        POLY |  .4724806   .5579898   .6283673   .7682202 
         OIU |    2.3794   2.470005     2.5337     2.6463 
         GTI |  5.236442   6.383507   7.145985   8.304248 
        MCCD |  .3541137    .418815   .4776701   .6169899 
         NTL |  2.259392   2.867096   3.228245   3.822873 
         FDI |  2.406201   2.491733    2.54942   2.634865 
          RD |  .0197837   .0331935   .0444089   .0760091 
          EI |  .1304459   .5071405   .7394393   1.201764 
         ISL |  .4763851   .5352169      .5853      .6856 
         ISU |  1.218653     1.6295     2.0415     3.3277 
          IV |  .3518956   .4176502   .4778069    .616665 
      c_SCCD |  .0410175   .1057187   .1645738   .3038937 
   is_fitted |         0          1          1          1 

. esttab using "$TABLES/table2_descriptive_statistics_2006_2024_noER.rtf", repl
> ace ///
>     cells("count(fmt(0)) mean(fmt(3)) p50(fmt(3)) sd(fmt(3)) min(fmt(3)) max(
> fmt(3))") ///
>     noobs nonumber nomtitle label title("Descriptive statistics: 2006-2024 ma
> in sample")
(output written to D:/Workplace/SCS/outputs/tables/table2_descriptive_statistic
> s_2006_2024_noER.rtf)

. 
. tempname posth

. postfile `posth' str32 variable double N mean median sd min max using "$TABLE
> S/table2_descriptive_statistics_2006_2024_noER.dta", replace

. foreach v of local keepvars {
  2.     quietly summarize `v', detail
  3.     post `posth' ("`v'") (r(N)) (r(mean)) (r(p50)) (r(sd)) (r(min)) (r(max
> ))
  4. }

. postclose `posth'

. preserve

. use "$TABLES/table2_descriptive_statistics_2006_2024_noER.dta", clear

. export delimited using "$TABLES/table2_descriptive_statistics_2006_2024_noER.
> csv", replace
file D:/Workplace/SCS/outputs/tables/table2_descriptive_statistics_2006_2024_no
> ER.csv saved

. restore

. 
. log close log01_noer
      name:  log01_noer
       log:  D:/Workplace/SCS/outputs/logs/01_descriptive_statistics_2006_2024_
> noER.log
  log type:  text
 closed on:  16 May 2026, 04:09:00
-------------------------------------------------------------------------------
