-------------------------------------------------------------------------------
      name:  log02
       log:  D:/Workplace/SCS/outputs/logs/02_baseline_regression.log
  log type:  text
 opened on:  31 May 2026, 23:46:12

. 
. use "$DATA", clear

. capture confirm variable SCCD2

. if _rc gen double SCCD2 = SCCD^2

. label variable SCCD2 "Spatial coupling coordination degree squared"

. xtset id year

Panel variable: id (strongly balanced)
 Time variable: year, 2006 to 2024
         Delta: 1 unit

. 
. global BASE_CONTROLS OPEN UR URG GI

. 
. eststo clear

. xtreg CE SCCD SCCD2 i.year, fe vce(cluster id)

Fixed-effects (within) regression               Number of obs     =      5,396
Group variable: id                              Number of groups  =        284

R-squared:                                      Obs per group:
     Within  = 0.5681                                         min =         19
     Between = 0.5504                                         avg =       19.0
     Overall = 0.4837                                         max =         19

                                                F(20, 283)        =      88.30
corr(u_i, Xb) = 0.2253                          Prob > F          =     0.0000

                                   (Std. err. adjusted for 284 clusters in id)
------------------------------------------------------------------------------
             |               Robust
          CE | Coefficient  std. err.      t    P>|t|     [95% conf. interval]
-------------+----------------------------------------------------------------
        SCCD |    13.4678    1.54617     8.71   0.000     10.42435    16.51125
       SCCD2 |  -11.47182   1.813525    -6.33   0.000    -15.04153   -7.902112
             |
        year |
       2007  |   .1131936   .0277577     4.08   0.000     .0585558    .1678314
       2008  |   .2115057   .0285069     7.42   0.000     .1553933    .2676181
       2009  |   .2771314   .0287432     9.64   0.000     .2205537    .3337091
       2010  |   .2985005   .0290255    10.28   0.000     .2413672    .3556339
       2011  |   .3232825   .0347823     9.29   0.000     .2548177    .3917473
       2012  |   .3587993   .0430777     8.33   0.000      .274006    .4435926
       2013  |   .2367169   .0515955     4.59   0.000     .1351573    .3382764
       2014  |    .231576   .0557915     4.15   0.000      .121757    .3413949
       2015  |   1.024753   .0579782    17.67   0.000     .9106293    1.138876
       2016  |   1.065958   .0615489    17.32   0.000      .944806     1.18711
       2017  |   1.090343    .064443    16.92   0.000     .9634943    1.217191
       2018  |   1.066486   .0718711    14.84   0.000     .9250162    1.207956
       2019  |   1.037664    .082284    12.61   0.000     .8756976     1.19963
       2020  |    .014475   .0837825     0.17   0.863    -.1504409    .1793909
       2021  |   .0855948   .0771373     1.11   0.268    -.0662409    .2374305
       2022  |   .7466243   .0622449    11.99   0.000     .6241026    .8691461
       2023  |   .7860717   .0657633    11.95   0.000     .6566244     .915519
       2024  |    .825977   .0693217    11.92   0.000     .6895254    .9624287
             |
       _cons |   1.057338   .3105992     3.40   0.001       .44596    1.668716
-------------+----------------------------------------------------------------
     sigma_u |   .7270529
     sigma_e |    .573362
         rho |  .61655797   (fraction of variance due to u_i)
------------------------------------------------------------------------------

. eststo b1_full

. xtreg CE SCCD SCCD2 OPEN i.year, fe vce(cluster id)

Fixed-effects (within) regression               Number of obs     =      5,381
Group variable: id                              Number of groups  =        284

R-squared:                                      Obs per group:
     Within  = 0.5788                                         min =          4
     Between = 0.5788                                         avg =       18.9
     Overall = 0.5257                                         max =         19

                                                F(21, 283)        =      85.37
corr(u_i, Xb) = 0.2422                          Prob > F          =     0.0000

                                   (Std. err. adjusted for 284 clusters in id)
------------------------------------------------------------------------------
             |               Robust
          CE | Coefficient  std. err.      t    P>|t|     [95% conf. interval]
-------------+----------------------------------------------------------------
        SCCD |   12.34401   1.520665     8.12   0.000     9.350757    15.33726
       SCCD2 |  -10.36917   1.815673    -5.71   0.000    -13.94311   -6.795234
        OPEN |   .4855436   .1074025     4.52   0.000     .2741343    .6969528
             |
        year |
       2007  |   .1367918    .027614     4.95   0.000     .0824369    .1911468
       2008  |   .2234007   .0279652     7.99   0.000     .1683544     .278447
       2009  |   .2916119   .0284104    10.26   0.000     .2356894    .3475345
       2010  |   .3219895   .0287512    11.20   0.000     .2653961    .3785829
       2011  |     .35196   .0339822    10.36   0.000     .2850701      .41885
       2012  |   .3951788   .0423222     9.34   0.000     .3118724    .4784851
       2013  |   .2646083   .0509462     5.19   0.000     .1643268    .3648898
       2014  |   .2881303   .0537742     5.36   0.000     .1822821    .3939786
       2015  |   1.082813   .0552934    19.58   0.000     .9739744    1.191652
       2016  |   1.124208   .0587446    19.14   0.000     1.008576    1.239839
       2017  |   1.148272   .0607593    18.90   0.000     1.028675     1.26787
       2018  |   1.131518   .0672105    16.84   0.000     .9992217    1.263814
       2019  |   1.097663   .0756409    14.51   0.000      .948773    1.246553
       2020  |  -.0068606   .0812185    -0.08   0.933    -.1667296    .1530084
       2021  |   .0633885   .0749629     0.85   0.398     -.084167    .2109441
       2022  |   .7885489   .0603913    13.06   0.000     .6696758    .9074221
       2023  |   .8287796   .0638224    12.99   0.000     .7031527    .9544065
       2024  |   .8694242   .0672945    12.92   0.000     .7369629    1.001885
             |
       _cons |   1.170565   .2993948     3.91   0.000     .5812421    1.759889
-------------+----------------------------------------------------------------
     sigma_u |  .68616168
     sigma_e |  .56579929
         rho |  .59525864   (fraction of variance due to u_i)
------------------------------------------------------------------------------

. eststo b2_full

. xtreg CE SCCD SCCD2 OPEN UR i.year, fe vce(cluster id)

Fixed-effects (within) regression               Number of obs     =      5,381
Group variable: id                              Number of groups  =        284

R-squared:                                      Obs per group:
     Within  = 0.6290                                         min =          4
     Between = 0.5689                                         avg =       18.9
     Overall = 0.5918                                         max =         19

                                                F(22, 283)        =      88.21
corr(u_i, Xb) = 0.1209                          Prob > F          =     0.0000

                                   (Std. err. adjusted for 284 clusters in id)
------------------------------------------------------------------------------
             |               Robust
          CE | Coefficient  std. err.      t    P>|t|     [95% conf. interval]
-------------+----------------------------------------------------------------
        SCCD |   9.122755   1.373909     6.64   0.000     6.418378    11.82713
       SCCD2 |  -8.282669   1.622472    -5.10   0.000    -11.47631   -5.089025
        OPEN |   .2041536   .0835129     2.44   0.015     .0397683    .3685389
          UR |   .0321007   .0043736     7.34   0.000     .0234918    .0407097
             |
        year |
       2007  |   .0699791   .0263759     2.65   0.008     .0180612    .1218969
       2008  |    .143054   .0289195     4.95   0.000     .0861294    .1999787
       2009  |   .1873346   .0303187     6.18   0.000     .1276558    .2470134
       2010  |   .1845568   .0326266     5.66   0.000     .1203351    .2487785
       2011  |    .189694   .0387584     4.89   0.000     .1134026    .2659854
       2012  |   .2165258   .0457251     4.74   0.000     .1265214    .3065303
       2013  |    .073023   .0528865     1.38   0.168    -.0310778    .1771238
       2014  |   .0737418   .0562111     1.31   0.191    -.0369031    .1843868
       2015  |   .8352697   .0578972    14.43   0.000     .7213058    .9492335
       2016  |   .8697951   .0617596    14.08   0.000     .7482285    .9913616
       2017  |    .894904   .0637008    14.05   0.000     .7695166    1.020291
       2018  |    .823994   .0702411    11.73   0.000     .6857326    .9622553
       2019  |   .8088308   .0759412    10.65   0.000     .6593495    .9583121
       2020  |  -.0036844   .0701257    -0.05   0.958    -.1417186    .1343498
       2021  |     .05579     .06438     0.87   0.387    -.0709345    .1825145
       2022  |   .5836003   .0579271    10.07   0.000     .4695775     .697623
       2023  |   .6168485   .0609184    10.13   0.000     .4969379    .7367591
       2024  |   .6504273   .0639508    10.17   0.000     .5245478    .7763069
             |
       _cons |   .4375979   .2844563     1.54   0.125    -.1223206    .9975165
-------------+----------------------------------------------------------------
     sigma_u |  .61709088
     sigma_e |   .5310552
         rho |  .57451601   (fraction of variance due to u_i)
------------------------------------------------------------------------------

. eststo b3_full

. xtreg CE SCCD SCCD2 OPEN UR URG i.year, fe vce(cluster id)

Fixed-effects (within) regression               Number of obs     =      5,366
Group variable: id                              Number of groups  =        284

R-squared:                                      Obs per group:
     Within  = 0.6311                                         min =          4
     Between = 0.5642                                         avg =       18.9
     Overall = 0.5901                                         max =         19

                                                F(23, 283)        =      89.19
corr(u_i, Xb) = 0.1144                          Prob > F          =     0.0000

                                   (Std. err. adjusted for 284 clusters in id)
------------------------------------------------------------------------------
             |               Robust
          CE | Coefficient  std. err.      t    P>|t|     [95% conf. interval]
-------------+----------------------------------------------------------------
        SCCD |   8.871349   1.408458     6.30   0.000     6.098967    11.64373
       SCCD2 |  -7.881634   1.657993    -4.75   0.000     -11.1452   -4.618071
        OPEN |   .2229154   .0853419     2.61   0.009     .0549299     .390901
          UR |   .0300079   .0042348     7.09   0.000     .0216722    .0383435
         URG |  -.1348294   .0725469    -1.86   0.064    -.2776295    .0079706
             |
        year |
       2007  |   .0733815   .0260314     2.82   0.005     .0221418    .1246212
       2008  |   .1343356   .0300846     4.47   0.000     .0751176    .1935537
       2009  |   .1663397   .0336465     4.94   0.000     .1001106    .2325688
       2010  |     .16292   .0361824     4.50   0.000     .0916992    .2341407
       2011  |   .1579357   .0444845     3.55   0.000     .0703732    .2454983
       2012  |   .1726486    .053535     3.22   0.001     .0672713    .2780259
       2013  |   .0259133   .0609838     0.42   0.671    -.0941261    .1459526
       2014  |   .0272451   .0647445     0.42   0.674    -.1001967    .1546869
       2015  |   .7916225   .0639099    12.39   0.000     .6658235    .9174215
       2016  |   .8237837   .0680911    12.10   0.000     .6897544     .957813
       2017  |   .8442241   .0703998    11.99   0.000     .7056504    .9827979
       2018  |   .7674961   .0774402     9.91   0.000     .6150643    .9199279
       2019  |   .7428642   .0832325     8.93   0.000     .5790307    .9066976
       2020  |  -.0075276   .0707024    -0.11   0.915     -.146697    .1316418
       2021  |   .0614879   .0648053     0.95   0.344    -.0660737    .1890496
       2022  |   .5424554   .0628873     8.63   0.000     .4186691    .6662418
       2023  |   .5738339    .065896     8.71   0.000     .4441253    .7035424
       2024  |   .6055269   .0689481     8.78   0.000     .4698108     .741243
             |
       _cons |   .9440346   .3769459     2.50   0.013     .2020612    1.686008
-------------+----------------------------------------------------------------
     sigma_u |   .6146493
     sigma_e |  .52982479
         rho |  .57371167   (fraction of variance due to u_i)
------------------------------------------------------------------------------

. eststo b4_full

. xtreg CE SCCD SCCD2 $BASE_CONTROLS i.year, fe vce(cluster id)

Fixed-effects (within) regression               Number of obs     =      5,366
Group variable: id                              Number of groups  =        284

R-squared:                                      Obs per group:
     Within  = 0.6410                                         min =          4
     Between = 0.6294                                         avg =       18.9
     Overall = 0.6319                                         max =         19

                                                F(24, 283)        =      89.52
corr(u_i, Xb) = 0.1033                          Prob > F          =     0.0000

                                   (Std. err. adjusted for 284 clusters in id)
------------------------------------------------------------------------------
             |               Robust
          CE | Coefficient  std. err.      t    P>|t|     [95% conf. interval]
-------------+----------------------------------------------------------------
        SCCD |   8.377657   1.387975     6.04   0.000     5.645593    11.10972
       SCCD2 |  -7.724638   1.664873    -4.64   0.000    -11.00174   -4.447533
        OPEN |    .258669   .0842428     3.07   0.002      .092847    .4244909
          UR |   .0277984   .0040585     6.85   0.000     .0198097     .035787
         URG |   -.111755   .0699539    -1.60   0.111     -.249451    .0259411
          GI |  -2.064027   .6263334    -3.30   0.001    -3.296891   -.8311637
             |
        year |
       2007  |   .1192769   .0292195     4.08   0.000     .0617618    .1767921
       2008  |   .1933959   .0335844     5.76   0.000     .1272891    .2595028
       2009  |   .2368177    .038759     6.11   0.000     .1605251    .3131102
       2010  |   .2642607   .0455484     5.80   0.000     .1746041    .3539173
       2011  |    .277019   .0553926     5.00   0.000     .1679853    .3860528
       2012  |   .3064615   .0624477     4.91   0.000     .1835406    .4293824
       2013  |   .2015693   .0770846     2.61   0.009     .0498374    .3533012
       2014  |   .2222112   .0831212     2.67   0.008      .058597    .3858254
       2015  |   .9918079   .0850824    11.66   0.000     .8243332    1.159283
       2016  |   1.040489   .0909935    11.43   0.000     .8613788    1.219599
       2017  |   1.085513   .0969826    11.19   0.000     .8946138    1.276411
       2018  |   1.031212   .1067578     9.66   0.000     .8210719    1.241352
       2019  |   .9442715   .0987916     9.56   0.000     .7498119    1.138731
       2020  |  -.0771707    .069502    -1.11   0.268    -.2139772    .0596358
       2021  |   .0171786   .0618698     0.28   0.781    -.1046049     .138962
       2022  |   .6981154   .0782357     8.92   0.000     .5441177     .852113
       2023  |    .733675   .0815451     9.00   0.000     .5731632    .8941868
       2024  |   .7695429   .0848921     9.06   0.000     .6024428     .936643
             |
       _cons |   1.399819   .4117418     3.40   0.001     .5893541    2.210284
-------------+----------------------------------------------------------------
     sigma_u |  .56457855
     sigma_e |   .5226993
         rho |  .53846046   (fraction of variance due to u_i)
------------------------------------------------------------------------------

. eststo b5_full

. 
. esttab b1_full b2_full b3_full b4_full b5_full using "$TABLES/table03_baselin
> e_full_2006_2024.rtf", replace ///
>     b(%9.3f) se(%9.3f) star(* 0.10 ** 0.05 *** 0.01) ///
>     keep(SCCD SCCD2 OPEN UR URG GI _cons) ///
>     order(SCCD SCCD2 OPEN UR URG GI _cons) ///
>     stats(N r2_w, labels("N" "Within R-squared") fmt(0 3)) ///
>     label compress title("Baseline regression: full sample, 2006-2024")
(output written to D:/Workplace/SCS/outputs/tables/table03_baseline_full_2006_2
> 024.rtf)

. 
. est restore b5_full
(results b5_full are active now)

. scalar tp_full = -_b[SCCD] / (2 * _b[SCCD2])

. 
. eststo clear

. xtreg CE SCCD SCCD2 i.year if is_fitted == 0, fe vce(cluster id)

Fixed-effects (within) regression               Number of obs     =      4,544
Group variable: id                              Number of groups  =        284

R-squared:                                      Obs per group:
     Within  = 0.5918                                         min =         16
     Between = 0.5155                                         avg =       16.0
     Overall = 0.4585                                         max =         16

                                                F(17, 283)        =     103.78
corr(u_i, Xb) = 0.2057                          Prob > F          =     0.0000

                                   (Std. err. adjusted for 284 clusters in id)
------------------------------------------------------------------------------
             |               Robust
          CE | Coefficient  std. err.      t    P>|t|     [95% conf. interval]
-------------+----------------------------------------------------------------
        SCCD |    12.9566   1.445343     8.96   0.000     10.11162    15.80159
       SCCD2 |  -11.47638   1.749269    -6.56   0.000    -14.91961   -8.033149
             |
        year |
       2007  |   .1102841   .0268405     4.11   0.000     .0574517    .1631165
       2008  |   .2099356   .0276945     7.58   0.000     .1554223     .264449
       2009  |   .2781291   .0279819     9.94   0.000       .22305    .3332081
       2010  |   .3029438   .0281277    10.77   0.000     .2475777    .3583099
       2011  |   .3312961   .0338535     9.79   0.000     .2646594    .3979327
       2012  |   .3726388   .0417898     8.92   0.000     .2903805    .4548971
       2013  |   .2547387   .0503516     5.06   0.000     .1556275      .35385
       2014  |   .2574931   .0538557     4.78   0.000     .1514846    .3635016
       2015  |   1.051806   .0562979    18.68   0.000     .9409907    1.162622
       2016  |   1.098784   .0594578    18.48   0.000     .9817481    1.215819
       2017  |   1.128727   .0617389    18.28   0.000     1.007202    1.250253
       2018  |   1.113117   .0683484    16.29   0.000     .9785813    1.247653
       2019  |   1.096769   .0776358    14.13   0.000     .9439522    1.249586
       2020  |  -.0029896    .083043    -0.04   0.971      -.16645    .1604708
       2021  |   .0728246   .0768974     0.95   0.344    -.0785389    .2241881
             |
       _cons |    1.20284   .2836743     4.24   0.000     .6444608     1.76122
-------------+----------------------------------------------------------------
     sigma_u |  .79813578
     sigma_e |  .56288855
         rho |  .66783164   (fraction of variance due to u_i)
------------------------------------------------------------------------------

. eststo b1_obs

. xtreg CE SCCD SCCD2 OPEN i.year if is_fitted == 0, fe vce(cluster id)

Fixed-effects (within) regression               Number of obs     =      4,529
Group variable: id                              Number of groups  =        284

R-squared:                                      Obs per group:
     Within  = 0.6007                                         min =          1
     Between = 0.5488                                         avg =       15.9
     Overall = 0.5033                                         max =         16

                                                F(18, 283)        =     100.26
corr(u_i, Xb) = 0.2310                          Prob > F          =     0.0000

                                   (Std. err. adjusted for 284 clusters in id)
------------------------------------------------------------------------------
             |               Robust
          CE | Coefficient  std. err.      t    P>|t|     [95% conf. interval]
-------------+----------------------------------------------------------------
        SCCD |   11.84106   1.420549     8.34   0.000     9.044878    14.63724
       SCCD2 |  -10.29568   1.760879    -5.85   0.000    -13.76176   -6.829597
        OPEN |   .4556723   .1083889     4.20   0.000     .2423215    .6690231
             |
        year |
       2007  |    .132558    .026881     4.93   0.000     .0796459    .1854702
       2008  |   .2212029   .0272752     8.11   0.000     .1675149    .2748908
       2009  |   .2917769   .0277141    10.53   0.000     .2372249    .3463289
       2010  |   .3248133   .0279568    11.62   0.000     .2697836     .379843
       2011  |   .3578364   .0331019    10.81   0.000     .2926792    .4229937
       2012  |   .4059791   .0409487     9.91   0.000     .3253763    .4865819
       2013  |   .2797064   .0495854     5.64   0.000     .1821034    .3773095
       2014  |   .3087917   .0517583     5.97   0.000     .2069116    .4106718
       2015  |   1.102789   .0537625    20.51   0.000     .9969643    1.208615
       2016  |   1.151072   .0568704    20.24   0.000     1.039129    1.263015
       2017  |   1.180256   .0582159    20.27   0.000     1.065665    1.294847
       2018  |   1.170476   .0638935    18.32   0.000     1.044709    1.296243
       2019  |   1.148062   .0711858    16.13   0.000     1.007941    1.288183
       2020  |  -.0219059    .080367    -0.27   0.785    -.1800989     .136287
       2021  |   .0529011   .0745989     0.71   0.479     -.093938    .1997402
             |
       _cons |   1.314315   .2722464     4.83   0.000     .7784299      1.8502
-------------+----------------------------------------------------------------
     sigma_u |   .7557731
     sigma_e |   .5562328
         rho |  .64864958   (fraction of variance due to u_i)
------------------------------------------------------------------------------

. eststo b2_obs

. xtreg CE SCCD SCCD2 OPEN UR i.year if is_fitted == 0, fe vce(cluster id)

Fixed-effects (within) regression               Number of obs     =      4,529
Group variable: id                              Number of groups  =        284

R-squared:                                      Obs per group:
     Within  = 0.6395                                         min =          1
     Between = 0.5676                                         avg =       15.9
     Overall = 0.5865                                         max =         16

                                                F(19, 283)        =     102.99
corr(u_i, Xb) = 0.1722                          Prob > F          =     0.0000

                                   (Std. err. adjusted for 284 clusters in id)
------------------------------------------------------------------------------
             |               Robust
          CE | Coefficient  std. err.      t    P>|t|     [95% conf. interval]
-------------+----------------------------------------------------------------
        SCCD |   9.006769   1.304798     6.90   0.000     6.438429    11.57511
       SCCD2 |  -8.400064   1.592529    -5.27   0.000    -11.53477   -5.265359
        OPEN |   .2110885     .08321     2.54   0.012     .0472994    .3748776
          UR |   .0289743    .004116     7.04   0.000     .0208725    .0370761
             |
        year |
       2007  |   .0732211   .0257546     2.84   0.005     .0225261    .1239161
       2008  |   .1491893   .0280776     5.31   0.000      .093922    .2044567
       2009  |   .1977627    .029296     6.75   0.000     .1400969    .2554285
       2010  |   .2004513   .0313502     6.39   0.000     .1387421    .2621604
       2011  |   .2105386     .03742     5.63   0.000     .1368817    .2841955
       2012  |    .243039   .0437971     5.55   0.000     .1568296    .3292483
       2013  |   .1042441   .0513518     2.03   0.043     .0031642     .205324
       2014  |   .1119273   .0540156     2.07   0.039     .0056039    .2182506
       2015  |   .8757183   .0568841    15.39   0.000     .7637486     .987688
       2016  |   .9169043   .0605643    15.14   0.000     .7976906    1.036118
       2017  |   .9460786   .0618885    15.29   0.000     .8242584    1.067899
       2018  |   .8861367   .0680766    13.02   0.000      .752136    1.020138
       2019  |   .8783769   .0730529    12.02   0.000     .7345809    1.022173
       2020  |  -.0165074   .0702759    -0.23   0.814    -.1548373    .1218225
       2021  |   .0477679   .0647349     0.74   0.461    -.0796551    .1751909
             |
       _cons |   .6286766   .2670318     2.35   0.019      .103056    1.154297
-------------+----------------------------------------------------------------
     sigma_u |  .66562149
     sigma_e |  .52854548
         rho |  .61329516   (fraction of variance due to u_i)
------------------------------------------------------------------------------

. eststo b3_obs

. xtreg CE SCCD SCCD2 OPEN UR URG i.year if is_fitted == 0, fe vce(cluster id)

Fixed-effects (within) regression               Number of obs     =      4,514
Group variable: id                              Number of groups  =        284

R-squared:                                      Obs per group:
     Within  = 0.6411                                         min =          1
     Between = 0.5502                                         avg =       15.9
     Overall = 0.5833                                         max =         16

                                                F(20, 283)        =     103.21
corr(u_i, Xb) = 0.1619                          Prob > F          =     0.0000

                                   (Std. err. adjusted for 284 clusters in id)
------------------------------------------------------------------------------
             |               Robust
          CE | Coefficient  std. err.      t    P>|t|     [95% conf. interval]
-------------+----------------------------------------------------------------
        SCCD |   8.818669   1.347621     6.54   0.000     6.166035     11.4713
       SCCD2 |   -8.12512   1.641925    -4.95   0.000    -11.35706   -4.893185
        OPEN |   .2444852   .0831251     2.94   0.004     .0808632    .4081072
          UR |   .0272738   .0040266     6.77   0.000     .0193479    .0351996
         URG |  -.1158423   .0679439    -1.70   0.089    -.2495819    .0178973
             |
        year |
       2007  |   .0767756   .0254533     3.02   0.003     .0266737    .1268775
       2008  |   .1418209   .0292883     4.84   0.000     .0841704    .1994714
       2009  |   .1796441   .0326671     5.50   0.000     .1153429    .2439454
       2010  |     .18199   .0348023     5.23   0.000     .1134857    .2504943
       2011  |   .1834567   .0431489     4.25   0.000     .0985232    .2683903
       2012  |   .2057077   .0509966     4.03   0.000     .1053268    .3060886
       2013  |   .0637869   .0583805     1.09   0.275    -.0511282     .178702
       2014  |   .0729011   .0616168     1.18   0.238    -.0483843    .1941864
       2015  |   .8394601   .0627463    13.38   0.000     .7159514    .9629688
       2016  |   .8785401   .0668563    13.14   0.000     .7469413    1.010139
       2017  |   .9037663   .0682309    13.25   0.000     .7694618    1.038071
       2018  |   .8390479   .0749891    11.19   0.000     .6914408    .9866551
       2019  |   .8231293   .0800736    10.28   0.000     .6655138    .9807449
       2020  |  -.0197015   .0709189    -0.28   0.781    -.1592969    .1198939
       2021  |   .0548725   .0648909     0.85   0.398    -.0728576    .1826027
             |
       _cons |   1.052688   .3567579     2.95   0.003     .3504521    1.754924
-------------+----------------------------------------------------------------
     sigma_u |  .66524958
     sigma_e |  .52756396
         rho |  .61391154   (fraction of variance due to u_i)
------------------------------------------------------------------------------

. eststo b4_obs

. xtreg CE SCCD SCCD2 $BASE_CONTROLS i.year if is_fitted == 0, fe vce(cluster i
> d)

Fixed-effects (within) regression               Number of obs     =      4,514
Group variable: id                              Number of groups  =        284

R-squared:                                      Obs per group:
     Within  = 0.6501                                         min =          1
     Between = 0.6152                                         avg =       15.9
     Overall = 0.6267                                         max =         16

                                                F(21, 283)        =     102.71
corr(u_i, Xb) = 0.1642                          Prob > F          =     0.0000

                                   (Std. err. adjusted for 284 clusters in id)
------------------------------------------------------------------------------
             |               Robust
          CE | Coefficient  std. err.      t    P>|t|     [95% conf. interval]
-------------+----------------------------------------------------------------
        SCCD |   8.444224   1.337675     6.31   0.000     5.811168    11.07728
       SCCD2 |  -8.090842   1.664618    -4.86   0.000    -11.36745   -4.814238
        OPEN |   .2758365   .0816258     3.38   0.001     .1151657    .4365073
          UR |   .0249501   .0038946     6.41   0.000      .017284    .0326161
         URG |  -.1005371   .0668537    -1.50   0.134    -.2321306    .0310565
          GI |   -1.95294   .5462184    -3.58   0.000    -3.028106   -.8777734
             |
        year |
       2007  |   .1204639   .0282358     4.27   0.000      .064885    .1760428
       2008  |   .1974969   .0326417     6.05   0.000     .1332456    .2617482
       2009  |   .2455331   .0375087     6.55   0.000     .1717017    .3193646
       2010  |   .2770674   .0432102     6.41   0.000     .1920132    .3621215
       2011  |   .2947947   .0527211     5.59   0.000     .1910195      .39857
       2012  |   .3303596   .0587624     5.62   0.000     .2146926    .4460265
       2013  |   .2279974   .0720817     3.16   0.002     .0861131    .3698818
       2014  |   .2552035    .077599     3.29   0.001     .1024591     .407948
       2015  |   1.027034   .0806878    12.73   0.000     .8682096    1.185859
       2016  |   1.081536   .0862261    12.54   0.000     .9118096    1.251262
       2017  |   1.129815   .0910747    12.41   0.000     .9505454    1.309085
       2018  |   1.086324   .1004822    10.81   0.000     .8885365    1.284111
       2019  |   1.011341   .0941447    10.74   0.000     .8260278    1.196653
       2020  |  -.0852108    .068997    -1.23   0.218    -.2210233    .0506017
       2021  |   .0138553   .0618073     0.22   0.823    -.1078051    .1355158
             |
       _cons |   1.497284   .3816909     3.92   0.000     .7459705    2.248597
-------------+----------------------------------------------------------------
     sigma_u |  .61343781
     sigma_e |  .52101006
         rho |  .58093652   (fraction of variance due to u_i)
------------------------------------------------------------------------------

. eststo b5_obs

. 
. esttab b1_obs b2_obs b3_obs b4_obs b5_obs using "$TABLES/table03_baseline_obs
> erved_2006_2021.rtf", replace ///
>     b(%9.3f) se(%9.3f) star(* 0.10 ** 0.05 *** 0.01) ///
>     keep(SCCD SCCD2 OPEN UR URG GI _cons) ///
>     order(SCCD SCCD2 OPEN UR URG GI _cons) ///
>     stats(N r2_w, labels("N" "Within R-squared") fmt(0 3)) ///
>     label compress title("Baseline regression: observed-only sample, 2006-202
> 1")
(output written to D:/Workplace/SCS/outputs/tables/table03_baseline_observed_20
> 06_2021.rtf)

. 
. est restore b5_obs
(results b5_obs are active now)

. scalar tp_observed = -_b[SCCD] / (2 * _b[SCCD2])

. capture drop baseline_obs_sample

. gen byte baseline_obs_sample = e(sample)

. quietly summarize SCCD if baseline_obs_sample, detail

. local xmin = r(min)

. local xmax = r(max)

. local xmean = r(mean)

. local xp25 = r(p25)

. local xp75 = r(p75)

. 
. nlcom turning_point: -_b[SCCD] / (2 * _b[SCCD2])

turning_po~t: -_b[SCCD] / (2 * _b[SCCD2])

------------------------------------------------------------------------------
          CE | Coefficient  Std. err.      z    P>|z|     [95% conf. interval]
-------------+----------------------------------------------------------------
turning_po~t |   .5218384   .0406311    12.84   0.000     .4422029    .6014739
------------------------------------------------------------------------------

. matrix TP = r(table)

. scalar tp = TP[1,1]

. scalar tp_se = TP[2,1]

. scalar tp_p = TP[4,1]

. scalar tp_lb = TP[5,1]

. scalar tp_ub = TP[6,1]

. 
. lincom SCCD + 2*`xmin'*SCCD2

 ( 1)  SCCD + .2428434*SCCD2 = 0

------------------------------------------------------------------------------
          CE | Coefficient  Std. err.      t    P>|t|     [95% conf. interval]
-------------+----------------------------------------------------------------
         (1) |   6.479416   .9668083     6.70   0.000     4.576368    8.382464
------------------------------------------------------------------------------

. scalar left_b = r(estimate)

. scalar left_se = r(se)

. scalar left_p = r(p)

. scalar left_lb = r(lb)

. scalar left_ub = r(ub)

. 
. lincom SCCD + 2*`xmean'*SCCD2

 ( 1)  SCCD + .6252*SCCD2 = 0

------------------------------------------------------------------------------
          CE | Coefficient  Std. err.      t    P>|t|     [95% conf. interval]
-------------+----------------------------------------------------------------
         (1) |   3.385829   .5014545     6.75   0.000     2.398775    4.372883
------------------------------------------------------------------------------

. scalar mean_b = r(estimate)

. scalar mean_se = r(se)

. scalar mean_p = r(p)

. scalar mean_lb = r(lb)

. scalar mean_ub = r(ub)

. 
. lincom SCCD + 2*`xmax'*SCCD2

 ( 1)  SCCD + 1.644432*SCCD2 = 0

------------------------------------------------------------------------------
          CE | Coefficient  Std. err.      t    P>|t|     [95% conf. interval]
-------------+----------------------------------------------------------------
         (1) |  -4.860617   1.545491    -3.15   0.002    -7.902734     -1.8185
------------------------------------------------------------------------------

. scalar right_b = r(estimate)

. scalar right_se = r(se)

. scalar right_p = r(p)

. scalar right_lb = r(lb)

. scalar right_ub = r(ub)

. 
. local inrange = (tp >= `xmin' & tp <= `xmax')

. local endpoint_pass = (left_b > 0 & left_p < 0.05 & right_b < 0 & right_p < 0
> .05)

. 
. quietly count if baseline_obs_sample

. scalar sample_n = r(N)

. quietly count if baseline_obs_sample & SCCD <= tp_observed

. scalar n_at_or_below_tp = r(N)

. quietly count if baseline_obs_sample & SCCD > tp_observed

. scalar n_above_tp = r(N)

. quietly levelsof id if baseline_obs_sample & SCCD > tp_observed, local(cities
> _above_tp)

. local n_cities_above_tp : word count `cities_above_tp'

. scalar pct_at_or_below_tp = 100 * n_at_or_below_tp / sample_n

. scalar pct_above_tp = 100 * n_above_tp / sample_n

. 
. file open ucsv using "$TABLES/table_u_test_observed_2006_2021.csv", write rep
> lace

. file write ucsv "test_item,estimate,se,p_value,ci_lower,ci_upper,notes" _n

. file write ucsv "turning_point," %9.6f (tp) "," %9.6f (tp_se) "," %9.6f (tp_p
> ) "," %9.6f (tp_lb) "," %9.6f (tp_ub) ",nlcom -b1/(2*b2)" _n

. file write ucsv "left_endpoint_marginal_effect," %9.6f (left_b) "," %9.6f (le
> ft_se) "," %9.6f (left_p) "," %9.6f (left_lb) "," %9.6f (left_ub) ",SCCD mini
> mum = " %9.6f (`xmin') _n

. file write ucsv "mean_sccd_marginal_effect," %9.6f (mean_b) "," %9.6f (mean_s
> e) "," %9.6f (mean_p) "," %9.6f (mean_lb) "," %9.6f (mean_ub) ",SCCD mean = "
>  %9.6f (`xmean') _n

. file write ucsv "right_endpoint_marginal_effect," %9.6f (right_b) "," %9.6f (
> right_se) "," %9.6f (right_p) "," %9.6f (right_lb) "," %9.6f (right_ub) ",SCC
> D maximum = " %9.6f (`xmax') _n

. file close ucsv

. 
. file open utxt using "$TABLES/table_u_test_observed_2006_2021.txt", write rep
> lace

. file write utxt "Formal inverted-U test for the observed-sample full-control 
> baseline model" _n

. file write utxt "Dependent variable: CE, interpreted as lnCE" _n

. file write utxt "SCCD range in e(sample): [" %9.6f (`xmin') ", " %9.6f (`xmax
> ') "]" _n

. file write utxt "SCCD mean/p25/p75: " %9.6f (`xmean') " / " %9.6f (`xp25') " 
> / " %9.6f (`xp75') _n

. file write utxt "Turning point: " %9.6f (tp) " (SE " %9.6f (tp_se) ", 95% CI 
> [" %9.6f (tp_lb) ", " %9.6f (tp_ub) "])" _n

. file write utxt "Left endpoint marginal effect: " %9.6f (left_b) " (p=" %9.6f
>  (left_p) ")" _n

. file write utxt "Right endpoint marginal effect: " %9.6f (right_b) " (p=" %9.
> 6f (right_p) ")" _n

. file write utxt "Turning point inside SCCD range: `inrange'" _n

. file write utxt "Endpoint-significance inverted-U check passed at 5%: `endpoi
> nt_pass'" _n

. file write utxt "This is the endpoint marginal-effect equivalent of a Lind-Me
> hlum inverted-U check." _n

. file close utxt

. 
. file open spcsv using "$TABLES/sample_position_relative_to_turning_point_obse
> rved_2006_2021.csv", write replace

. file write spcsv "item,value,notes" _n

. file write spcsv "baseline_estimation_sample_n," %12.0f (sample_n) ",Full-con
> trol observed baseline e(sample)" _n

. file write spcsv "turning_point," %9.6f (tp_observed) ",Observed baseline tur
> ning point" _n

. file write spcsv "observations_at_or_below_turning_point," %12.0f (n_at_or_be
> low_tp) ",SCCD <= turning point" _n

. file write spcsv "observations_above_turning_point," %12.0f (n_above_tp) ",SC
> CD > turning point" _n

. file write spcsv "percent_at_or_below_turning_point," %9.6f (pct_at_or_below_
> tp) ",Percent of e(sample)" _n

. file write spcsv "percent_above_turning_point," %9.6f (pct_above_tp) ",Percen
> t of e(sample)" _n

. file write spcsv "cities_with_any_observation_above_turning_point," %12.0f (`
> n_cities_above_tp') ",Unique ids with SCCD > turning point in e(sample)" _n

. file close spcsv

. 
. quietly count if is_fitted == 0 & !missing(OPEN)

. scalar open_obs_n = r(N)

. quietly count if is_fitted == 0 & OPEN < 0

. scalar open_neg_n = r(N)

. quietly count if is_fitted == 0 & missing(OPEN)

. scalar open_missing_n = r(N)

. quietly summarize OPEN if is_fitted == 0, detail

. scalar open_min = r(min)

. scalar open_mean = r(mean)

. scalar open_p25 = r(p25)

. scalar open_p50 = r(p50)

. scalar open_p75 = r(p75)

. scalar open_max = r(max)

. scalar open_neg_pct = 100 * open_neg_n / open_obs_n

. 
. file open oqcsv using "$TABLES/open_data_quality_observed_2006_2021.csv", wri
> te replace

. file write oqcsv "item,value,notes" _n

. file write oqcsv "nonmissing_observed_OPEN," %12.0f (open_obs_n) ",Observed s
> ample nonmissing OPEN" _n

. file write oqcsv "missing_observed_OPEN," %12.0f (open_missing_n) ",Observed 
> sample missing OPEN" _n

. file write oqcsv "negative_observed_OPEN," %12.0f (open_neg_n) ",OPEN less th
> an zero" _n

. file write oqcsv "negative_observed_OPEN_percent," %9.6f (open_neg_pct) ",Sha
> re among nonmissing observed OPEN" _n

. file write oqcsv "OPEN_min," %9.6f (open_min) ",Observed sample" _n

. file write oqcsv "OPEN_mean," %9.6f (open_mean) ",Observed sample" _n

. file write oqcsv "OPEN_p25," %9.6f (open_p25) ",Observed sample" _n

. file write oqcsv "OPEN_median," %9.6f (open_p50) ",Observed sample" _n

. file write oqcsv "OPEN_p75," %9.6f (open_p75) ",Observed sample" _n

. file write oqcsv "OPEN_max," %9.6f (open_max) ",Observed sample" _n

. file close oqcsv

. 
. file open oqtxt using "$TABLES/open_data_quality_observed_2006_2021.txt", wri
> te replace

. file write oqtxt "OPEN data-quality diagnostic for observed 2006-2021 sample"
>  _n

. file write oqtxt "Nonmissing OPEN observations: " %12.0f (open_obs_n) _n

. file write oqtxt "Missing OPEN observations: " %12.0f (open_missing_n) _n

. file write oqtxt "Negative OPEN observations: " %12.0f (open_neg_n) " (" %9.3
> f (open_neg_pct) "% of nonmissing OPEN)" _n

. file write oqtxt "OPEN range: [" %9.6f (open_min) ", " %9.6f (open_max) "]" _
> n

. file write oqtxt "Interpretation note: negative OPEN values are retained and 
> disclosed rather than recoded ex post because the data file is treated as aut
> horitative input." _n

. file close oqtxt

. 
. file open tp using "$TABLES/baseline_turning_points.txt", write replace

. file write tp "Full-sample turning point, 2006-2024: " %9.6f (tp_full) _n

. file write tp "Observed-only turning point, 2006-2021: " %9.6f (tp_observed) 
> _n

. file write tp "Formula: -_b[SCCD] / (2 * _b[SCCD2])" _n

. file close tp

. 
. log close log02
      name:  log02
       log:  D:/Workplace/SCS/outputs/logs/02_baseline_regression.log
  log type:  text
 closed on:  31 May 2026, 23:46:16
-------------------------------------------------------------------------------
