-------------------------------------------------------------------------------
      name:  log03
       log:  D:/Workplace/SCS/outputs/logs/03_robustness_endogeneity.log
  log type:  text
 opened on:  14 Jun 2026, 01:50:27

. 
. use "$DATA", clear

. capture confirm variable SCCD2

. if _rc gen double SCCD2 = SCCD^2

. capture confirm variable MCCD2

. if _rc gen double MCCD2 = MCCD^2

. capture confirm variable IV

. if _rc {
.     di as error "Required IV variable is missing. IV should be the lagged SCC
> D variable."
.     exit 111
. }

. capture confirm variable IV2

. if _rc gen double IV2 = IV^2
(284 missing values generated)

. label variable IV2 "Squared IV based on lagged SCCD"

. xtset id year

Panel variable: id (strongly balanced)
 Time variable: year, 2006 to 2024
         Delta: 1 unit

. 
. global BASE_CONTROLS OPEN UR URG GI

. 
. * Full sample: 2006-2024, including fitted observations.
. eststo clear

. preserve

. foreach v in CE SCCD SCCD2 OPEN UR URG GI {
  2.     gen double w_`v' = `v'
  3.     quietly _pctile `v' if !missing(`v'), p(1 99)
  4.     replace w_`v' = r(r1) if w_`v' < r(r1) & !missing(w_`v')
  5.     replace w_`v' = r(r2) if w_`v' > r(r2) & !missing(w_`v')
  6. }
(41 real changes made)
(53 real changes made)
(53 real changes made)
(53 real changes made)
(53 real changes made)
(53 real changes made)
(15 missing values generated)
(53 real changes made)
(53 real changes made)
(53 real changes made)
(49 real changes made)
(15 missing values generated)
(53 real changes made)
(53 real changes made)
(53 real changes made)
(53 real changes made)

. xtreg w_CE w_SCCD w_SCCD2 w_OPEN w_UR w_URG w_GI i.year, fe vce(cluster id)

Fixed-effects (within) regression               Number of obs     =      5,366
Group variable: id                              Number of groups  =        284

R-squared:                                      Obs per group:
     Within  = 0.6469                                         min =          4
     Between = 0.6339                                         avg =       18.9
     Overall = 0.6372                                         max =         19

                                                F(24, 283)        =      92.78
corr(u_i, Xb) = 0.0979                          Prob > F          =     0.0000

                                   (Std. err. adjusted for 284 clusters in id)
------------------------------------------------------------------------------
             |               Robust
        w_CE | Coefficient  std. err.      t    P>|t|     [95% conf. interval]
-------------+----------------------------------------------------------------
      w_SCCD |   9.888119   1.414431     6.99   0.000     7.103979    12.67226
     w_SCCD2 |  -9.885862   1.698026    -5.82   0.000    -13.22823   -6.543498
      w_OPEN |   .3553214   .1110378     3.20   0.002     .1367565    .5738862
        w_UR |   .0277746   .0040527     6.85   0.000     .0197974    .0357518
       w_URG |  -.0762154   .0730203    -1.04   0.297    -.2199472    .0675165
        w_GI |  -2.006768   .6191165    -3.24   0.001    -3.225426   -.7881106
             |
        year |
       2007  |   .1214975   .0283767     4.28   0.000     .0656412    .1773537
       2008  |   .1968059   .0334597     5.88   0.000     .1309444    .2626674
       2009  |   .2428303   .0386749     6.28   0.000     .1667034    .3189572
       2010  |   .2681826   .0458225     5.85   0.000     .1779865    .3583787
       2011  |   .2820867   .0550676     5.12   0.000     .1736925    .3904808
       2012  |   .3132761   .0629642     4.98   0.000     .1893386    .4372137
       2013  |   .2214668   .0768401     2.88   0.004     .0702161    .3727174
       2014  |   .2339858   .0828948     2.82   0.005     .0708173    .3971544
       2015  |   .9930438   .0854768    11.62   0.000     .8247927    1.161295
       2016  |   1.039493    .091151    11.40   0.000     .8600732    1.218913
       2017  |   1.085738   .0978518    11.10   0.000     .8931286    1.278348
       2018  |   1.036159   .1076594     9.62   0.000     .8242438    1.248073
       2019  |   .9568435   .1002942     9.54   0.000     .7594261    1.154261
       2020  |  -.0563679   .0675457    -0.83   0.405    -.1893237    .0765879
       2021  |   .0259439   .0604066     0.43   0.668    -.0929593    .1448471
       2022  |   .6999161   .0787838     8.88   0.000     .5448395    .8549928
       2023  |   .7361249   .0820995     8.97   0.000     .5745218     .897728
       2024  |   .7726132   .0854281     9.04   0.000      .604458    .9407684
             |
       _cons |   1.029669   .4141757     2.49   0.013      .214413    1.844925
-------------+----------------------------------------------------------------
     sigma_u |  .54706963
     sigma_e |  .50960181
         rho |  .53541382   (fraction of variance due to u_i)
------------------------------------------------------------------------------

. eststo r1_winsor_full

. restore

. 
. xtreg NTL SCCD SCCD2 $BASE_CONTROLS i.year, fe vce(cluster id)

Fixed-effects (within) regression               Number of obs     =      5,366
Group variable: id                              Number of groups  =        284

R-squared:                                      Obs per group:
     Within  = 0.5728                                         min =          4
     Between = 0.5243                                         avg =       18.9
     Overall = 0.5074                                         max =         19

                                                F(24, 283)        =     179.88
corr(u_i, Xb) = 0.2804                          Prob > F          =     0.0000

                                   (Std. err. adjusted for 284 clusters in id)
------------------------------------------------------------------------------
             |               Robust
         NTL | Coefficient  std. err.      t    P>|t|     [95% conf. interval]
-------------+----------------------------------------------------------------
        SCCD |   3.535869   .7574542     4.67   0.000      2.04491    5.026828
       SCCD2 |  -2.514857   .7889244    -3.19   0.002    -4.067761   -.9619523
        OPEN |   .2524602   .0877246     2.88   0.004     .0797847    .4251357
          UR |   .0202542    .002928     6.92   0.000     .0144909    .0260176
         URG |  -.0532792   .0630209    -0.85   0.399    -.1773285      .07077
          GI |  -1.532206   .3332678    -4.60   0.000    -2.188204   -.8762078
             |
        year |
       2007  |  -.0222713   .0164485    -1.35   0.177    -.0546481    .0101056
       2008  |    .199903   .0181801    11.00   0.000     .1641177    .2356884
       2009  |   .1904419   .0226404     8.41   0.000      .145877    .2350068
       2010  |   .2326072   .0284359     8.18   0.000     .1766345    .2885798
       2011  |   .3129061   .0342396     9.14   0.000     .2455095    .3803026
       2012  |   .1791391   .0381236     4.70   0.000     .1040974    .2541809
       2013  |   .1813928   .0436864     4.15   0.000     .0954012    .2673844
       2014  |    .105931   .0494665     2.14   0.033      .008562       .2033
       2015  |   .4535581   .0513361     8.84   0.000     .3525091     .554607
       2016  |   .4371602   .0540593     8.09   0.000     .3307508    .5435696
       2017  |    .528066   .0590023     8.95   0.000     .4119269     .644205
       2018  |   .4061187   .0657297     6.18   0.000     .2767375    .5354999
       2019  |   .4182879   .0660295     6.33   0.000     .2883166    .5482592
       2020  |  -.0299199    .050878    -0.59   0.557    -.1300672    .0702273
       2021  |  -.0068751   .0489114    -0.14   0.888    -.1031514    .0894012
       2022  |   .3355249   .0508448     6.60   0.000      .235443    .4356068
       2023  |   .3463979   .0528928     6.55   0.000     .2422846    .4505111
       2024  |   .3573948   .0549713     6.50   0.000     .2491903    .4655993
             |
       _cons |   -.411932   .2992094    -1.38   0.170     -1.00089    .1770264
-------------+----------------------------------------------------------------
     sigma_u |  .75162085
     sigma_e |    .325273
         rho |  .84225917   (fraction of variance due to u_i)
------------------------------------------------------------------------------

. eststo r2_ntl_full

. 
. xtreg CE MCCD MCCD2 $BASE_CONTROLS i.year, fe vce(cluster id)

Fixed-effects (within) regression               Number of obs     =      5,366
Group variable: id                              Number of groups  =        284

R-squared:                                      Obs per group:
     Within  = 0.6410                                         min =          4
     Between = 0.6294                                         avg =       18.9
     Overall = 0.6319                                         max =         19

                                                F(24, 283)        =      89.52
corr(u_i, Xb) = 0.1033                          Prob > F          =     0.0000

                                   (Std. err. adjusted for 284 clusters in id)
------------------------------------------------------------------------------
             |               Robust
          CE | Coefficient  std. err.      t    P>|t|     [95% conf. interval]
-------------+----------------------------------------------------------------
        MCCD |   8.377657   1.387975     6.04   0.000     5.645593    11.10972
       MCCD2 |  -7.724638   1.664873    -4.64   0.000    -11.00174   -4.447533
        OPEN |    .258669   .0842428     3.07   0.002      .092847    .4244909
          UR |   .0277984   .0040585     6.85   0.000     .0198097     .035787
         URG |   -.111755   .0699539    -1.60   0.111     -.249451    .0259411
          GI |  -2.064027   .6263334    -3.30   0.001    -3.296891   -.8311637
             |
        year |
       2007  |   .1192769   .0292195     4.08   0.000     .0617618    .1767921
       2008  |   .1933959   .0335844     5.76   0.000     .1272891    .2595028
       2009  |   .2368177    .038759     6.11   0.000     .1605251    .3131102
       2010  |   .2642607   .0455484     5.80   0.000     .1746041    .3539173
       2011  |    .277019   .0553926     5.00   0.000     .1679853    .3860528
       2012  |   .3064615   .0624477     4.91   0.000     .1835406    .4293824
       2013  |   .2015693   .0770846     2.61   0.009     .0498374    .3533012
       2014  |   .2222112   .0831212     2.67   0.008      .058597    .3858254
       2015  |   .9918079   .0850824    11.66   0.000     .8243332    1.159283
       2016  |   1.040489   .0909935    11.43   0.000     .8613788    1.219599
       2017  |   1.085513   .0969826    11.19   0.000     .8946138    1.276411
       2018  |   1.031212   .1067578     9.66   0.000     .8210719    1.241352
       2019  |   .9442715   .0987916     9.56   0.000     .7498119    1.138731
       2020  |  -.0771707    .069502    -1.11   0.268    -.2139772    .0596358
       2021  |   .0171786   .0618698     0.28   0.781    -.1046049     .138962
       2022  |   .6981154   .0782357     8.92   0.000     .5441177     .852113
       2023  |    .733675   .0815451     9.00   0.000     .5731632    .8941868
       2024  |   .7695429   .0848921     9.06   0.000     .6024428     .936643
             |
       _cons |   1.399819   .4117418     3.40   0.001     .5893541    2.210284
-------------+----------------------------------------------------------------
     sigma_u |  .56457855
     sigma_e |   .5226993
         rho |  .53846046   (fraction of variance due to u_i)
------------------------------------------------------------------------------

. eststo r3_mccd_full

. 
. xtreg SCCD IV IV2 $BASE_CONTROLS i.year, fe vce(cluster id)

Fixed-effects (within) regression               Number of obs     =      5,084
Group variable: id                              Number of groups  =        284

R-squared:                                      Obs per group:
     Within  = 0.6522                                         min =          4
     Between = 0.7890                                         avg =       17.9
     Overall = 0.6965                                         max =         18

                                                F(23, 283)        =     469.65
corr(u_i, Xb) = 0.3792                          Prob > F          =     0.0000

                                   (Std. err. adjusted for 284 clusters in id)
------------------------------------------------------------------------------
             |               Robust
        SCCD | Coefficient  std. err.      t    P>|t|     [95% conf. interval]
-------------+----------------------------------------------------------------
          IV |   .3438805   .0641702     5.36   0.000      .217569     .470192
         IV2 |  -.0712815   .0793062    -0.90   0.370    -.2273864    .0848234
        OPEN |   .0122193   .0063994     1.91   0.057    -.0003771    .0248157
          UR |   .0013035   .0001893     6.88   0.000     .0009309    .0016762
         URG |   .0087996   .0034467     2.55   0.011     .0020152     .015584
          GI |  -.1005651   .0211873    -4.75   0.000    -.1422697   -.0588604
             |
        year |
       2008  |   .0044731   .0026751     1.67   0.096    -.0007926    .0097388
       2009  |   .0084312   .0025671     3.28   0.001     .0033782    .0134842
       2010  |   .0134437   .0026484     5.08   0.000     .0082307    .0186567
       2011  |   .0181023    .002642     6.85   0.000     .0129018    .0233028
       2012  |   .0272602   .0030804     8.85   0.000     .0211968    .0333237
       2013  |   .0326338   .0033879     9.63   0.000      .025965    .0393025
       2014  |   .0449985   .0036622    12.29   0.000       .03779     .052207
       2015  |   .0411382   .0034688    11.86   0.000     .0343102    .0479661
       2016  |    .051009   .0037836    13.48   0.000     .0435615    .0584565
       2017  |   .0593262   .0041214    14.39   0.000     .0512138    .0674386
       2018  |   .0698577   .0043074    16.22   0.000     .0613791    .0783362
       2019  |   .0854642   .0045953    18.60   0.000     .0764188    .0945095
       2020  |  -.0628514   .0051462   -12.21   0.000    -.0729812   -.0527217
       2021  |  -.0105571   .0031392    -3.36   0.001    -.0167362    -.004378
       2022  |   .0655004   .0038245    17.13   0.000     .0579722    .0730285
       2023  |   .0440681   .0032879    13.40   0.000     .0375963      .05054
       2024  |   .0460395    .003408    13.51   0.000     .0393312    .0527479
             |
       _cons |   .1124368   .0181528     6.19   0.000      .076705    .1481685
-------------+----------------------------------------------------------------
     sigma_u |  .03751085
     sigma_e |  .03206861
         rho |  .57774062   (fraction of variance due to u_i)
------------------------------------------------------------------------------

. eststo fs_sccd_full

. xtreg SCCD2 IV IV2 $BASE_CONTROLS i.year, fe vce(cluster id)

Fixed-effects (within) regression               Number of obs     =      5,084
Group variable: id                              Number of groups  =        284

R-squared:                                      Obs per group:
     Within  = 0.5861                                         min =          4
     Between = 0.8395                                         avg =       17.9
     Overall = 0.7077                                         max =         18

                                                F(23, 283)        =     418.66
corr(u_i, Xb) = 0.4768                          Prob > F          =     0.0000

                                   (Std. err. adjusted for 284 clusters in id)
------------------------------------------------------------------------------
             |               Robust
       SCCD2 | Coefficient  std. err.      t    P>|t|     [95% conf. interval]
-------------+----------------------------------------------------------------
          IV |  -.0346659   .0511987    -0.68   0.499    -.1354446    .0661127
         IV2 |   .3818222    .070369     5.43   0.000     .2433092    .5203353
        OPEN |   .0064709   .0050665     1.28   0.203     -.003502    .0164438
          UR |   .0009432   .0001405     6.71   0.000     .0006665    .0012198
         URG |   .0099413   .0026311     3.78   0.000     .0047623    .0151202
          GI |  -.0729634   .0154042    -4.74   0.000    -.1032847   -.0426421
             |
        year |
       2008  |   .0031163   .0016392     1.90   0.058    -.0001102    .0063428
       2009  |   .0053946   .0016503     3.27   0.001     .0021462     .008643
       2010  |   .0089177   .0017179     5.19   0.000     .0055361    .0122993
       2011  |   .0118256   .0017809     6.64   0.000     .0083201    .0153311
       2012  |   .0183225    .002195     8.35   0.000      .014002    .0226431
       2013  |    .022053   .0024231     9.10   0.000     .0172834    .0268226
       2014  |   .0300207   .0026663    11.26   0.000     .0247724    .0352689
       2015  |   .0269764   .0025075    10.76   0.000     .0220407    .0319122
       2016  |   .0346713   .0028717    12.07   0.000     .0290187    .0403239
       2017  |   .0403266   .0031003    13.01   0.000     .0342241    .0464291
       2018  |   .0485641    .003285    14.78   0.000      .042098    .0550303
       2019  |   .0613057   .0037223    16.47   0.000     .0539787    .0686326
       2020  |  -.0435886   .0039214   -11.12   0.000    -.0513073   -.0358698
       2021  |  -.0061023   .0019495    -3.13   0.002    -.0099397    -.002265
       2022  |    .041905   .0027948    14.99   0.000     .0364037    .0474062
       2023  |   .0280617   .0022918    12.24   0.000     .0235505    .0325728
       2024  |   .0295003   .0023804    12.39   0.000     .0248147    .0341859
             |
       _cons |  -.0039883   .0130494    -0.31   0.760    -.0296746    .0216979
-------------+----------------------------------------------------------------
     sigma_u |  .02945651
     sigma_e |  .02550119
         rho |  .57159951   (fraction of variance due to u_i)
------------------------------------------------------------------------------

. eststo fs_sccd2_full

. xtivreg CE $BASE_CONTROLS i.year (SCCD SCCD2 = IV IV2), fe vce(cluster id)

Fixed-effects (within) IV regression            Number of obs     =      5,084
Group variable: id                              Number of groups  =        284

R-squared:                                      Obs per group:
     Within  = 0.6025                                         min =          4
     Between = 0.6835                                         avg =       17.9
     Overall = 0.6473                                         max =         18


                                                Wald chi2(23)     =     656.19
corr(u_i, Xb) = -0.0348                         Prob > chi2       =     0.0000

                                   (Std. err. adjusted for 284 clusters in id)
------------------------------------------------------------------------------
             |               Robust
          CE | Coefficient  std. err.      z    P>|z|     [95% conf. interval]
-------------+----------------------------------------------------------------
        SCCD |    18.6582   2.694339     6.92   0.000     13.37739    23.93901
       SCCD2 |  -14.61825   2.711069    -5.39   0.000    -19.93185   -9.304656
        OPEN |   .1532165   .0834538     1.84   0.066    -.0103499    .3167829
          UR |   .0194423   .0041865     4.64   0.000     .0112369    .0276478
         URG |  -.1084838   .0660218    -1.64   0.100    -.2378842    .0209166
          GI |  -1.540623   .6640008    -2.32   0.020    -2.842041   -.2392057
             |
        year |
       2008  |   .0628826   .0293148     2.15   0.032     .0054266    .1203385
       2009  |   .0797486   .0337723     2.36   0.018      .013556    .1459411
       2010  |   .0716521   .0409971     1.75   0.081    -.0087008    .1520049
       2011  |   .0499263   .0515462     0.97   0.333    -.0511024    .1509551
       2012  |   .0222454   .0656034     0.34   0.735     -.106335    .1508258
       2013  |   -.126646   .0830296    -1.53   0.127    -.2893811    .0360891
       2014  |  -.1890154   .0969268    -1.95   0.051    -.3789884    .0009577
       2015  |   .5783287   .0956814     6.04   0.000     .3907966    .7658607
       2016  |   .5772726   .1065753     5.42   0.000     .3683888    .7861564
       2017  |   .5646127   .1205997     4.68   0.000     .3282417    .8009838
       2018  |   .4494267   .1351007     3.33   0.001     .1846342    .7142192
       2019  |   .2735042   .1449576     1.89   0.059    -.0106074    .5576158
       2020  |  -.0125294   .0817252    -0.15   0.878    -.1727079     .147649
       2021  |   .0232389   .0675784     0.34   0.731    -.1092123    .1556901
       2022  |   .2619232   .0951157     2.75   0.006     .0754999    .4483466
       2023  |   .2836787   .0994423     2.85   0.004     .0887755     .478582
       2024  |   .3060177   .1037591     2.95   0.003     .1026537    .5093818
             |
       _cons |  -.4390564   .5635974    -0.78   0.436    -1.543687    .6655742
-------------+----------------------------------------------------------------
     sigma_u |  .51224477
     sigma_e |  .54693794
         rho |  .46728044   (fraction of variance due to u_i)
------------------------------------------------------------------------------
Endogenous: SCCD SCCD2
Exogenous:  OPEN UR URG GI 2008.year 2009.year 2010.year 2011.year 2012.year
            2013.year 2014.year 2015.year 2016.year 2017.year 2018.year
            2019.year 2020.year 2021.year 2022.year 2023.year 2024.year IV IV2

. eststo iv_second_full

. 
. esttab r1_winsor_full r2_ntl_full r3_mccd_full iv_second_full using "$TABLES/
> table04_robustness_endogeneity_full_2006_2024.rtf", replace ///
>     b(%9.3f) se(%9.3f) star(* 0.10 ** 0.05 *** 0.01) ///
>     drop(*.year) ///
>     stats(N r2_w, labels("N" "Within R-squared") fmt(0 3)) ///
>     label compress title("Robustness and IV-2SLS: full sample, 2006-2024")
(output written to D:/Workplace/SCS/outputs/tables/table04_robustness_endogenei
> ty_full_2006_2024.rtf)

. 
. esttab fs_sccd_full fs_sccd2_full using "$TABLES/table04_first_stage_full_200
> 6_2024.rtf", replace ///
>     b(%9.3f) se(%9.3f) star(* 0.10 ** 0.05 *** 0.01) ///
>     drop(*.year) ///
>     stats(N r2_w, labels("N" "Within R-squared") fmt(0 3)) ///
>     label compress title("First-stage regressions: full sample, 2006-2024")
(output written to D:/Workplace/SCS/outputs/tables/table04_first_stage_full_200
> 6_2024.rtf)

. 
. est restore iv_second_full
(results iv_second_full are active now)

. scalar iv_tp_full = -_b[SCCD] / (2 * _b[SCCD2])

. 
. * Sensitivity sample: original observed data only.
. eststo clear

. preserve

. keep if is_fitted == 0
(852 observations deleted)

. foreach v in CE SCCD SCCD2 OPEN UR URG GI {
  2.     gen double w_`v' = `v'
  3.     quietly _pctile `v' if !missing(`v'), p(1 99)
  4.     replace w_`v' = r(r1) if w_`v' < r(r1) & !missing(w_`v')
  5.     replace w_`v' = r(r2) if w_`v' > r(r2) & !missing(w_`v')
  6. }
(41 real changes made)
(45 real changes made)
(45 real changes made)
(45 real changes made)
(45 real changes made)
(45 real changes made)
(15 missing values generated)
(45 real changes made)
(45 real changes made)
(45 real changes made)
(45 real changes made)
(15 missing values generated)
(45 real changes made)
(45 real changes made)
(45 real changes made)
(45 real changes made)

. xtreg w_CE w_SCCD w_SCCD2 w_OPEN w_UR w_URG w_GI i.year, fe vce(cluster id)

Fixed-effects (within) regression               Number of obs     =      4,514
Group variable: id                              Number of groups  =        284

R-squared:                                      Obs per group:
     Within  = 0.6584                                         min =          1
     Between = 0.6249                                         avg =       15.9
     Overall = 0.6350                                         max =         16

                                                F(21, 283)        =     105.41
corr(u_i, Xb) = 0.1597                          Prob > F          =     0.0000

                                   (Std. err. adjusted for 284 clusters in id)
------------------------------------------------------------------------------
             |               Robust
        w_CE | Coefficient  std. err.      t    P>|t|     [95% conf. interval]
-------------+----------------------------------------------------------------
      w_SCCD |   9.845122   1.336815     7.36   0.000     7.213761    12.47648
     w_SCCD2 |  -10.13361    1.64761    -6.15   0.000    -13.37673   -6.890485
      w_OPEN |   .3852434   .1172761     3.28   0.001     .1543992    .6160876
        w_UR |   .0249871    .003856     6.48   0.000     .0173971    .0325772
       w_URG |  -.0536694   .0679159    -0.79   0.430    -.1873538    .0800149
        w_GI |  -1.968053   .5479054    -3.59   0.000     -3.04654   -.8895659
             |
        year |
       2007  |   .1251468   .0273252     4.58   0.000     .0713604    .1789333
       2008  |   .2044103   .0321867     6.35   0.000     .1410546    .2677661
       2009  |   .2557275    .036919     6.93   0.000     .1830568    .3283982
       2010  |   .2868415   .0431924     6.64   0.000     .2018224    .3718606
       2011  |   .3075897   .0520051     5.91   0.000     .2052238    .4099555
       2012  |   .3465301   .0587976     5.89   0.000     .2307939    .4622663
       2013  |   .2592004   .0713303     3.63   0.000     .1187951    .3996057
       2014  |   .2792691   .0769059     3.63   0.000     .1278889    .4306492
       2015  |   1.041046   .0812236    12.82   0.000     .8811672    1.200925
       2016  |   1.093775   .0866726    12.62   0.000       .92317     1.26438
       2017  |   1.145419   .0923492    12.40   0.000     .9636407    1.327198
       2018  |   1.107393   .1017658    10.88   0.000     .9070788    1.307707
       2019  |   1.037549    .095259    10.89   0.000     .8500434    1.225056
       2020  |  -.0661415   .0671704    -0.98   0.326    -.1983584    .0660754
       2021  |   .0199427    .060389     0.33   0.741    -.0989258    .1388113
             |
       _cons |    1.12226   .3857767     2.91   0.004     .3629038    1.881615
-------------+----------------------------------------------------------------
     sigma_u |  .59121734
     sigma_e |   .5056942
         rho |  .57749613   (fraction of variance due to u_i)
------------------------------------------------------------------------------

. eststo r1_winsor_obs

. restore

. 
. xtreg NTL SCCD SCCD2 $BASE_CONTROLS i.year if is_fitted == 0, fe vce(cluster 
> id)

Fixed-effects (within) regression               Number of obs     =      4,514
Group variable: id                              Number of groups  =        284

R-squared:                                      Obs per group:
     Within  = 0.5828                                         min =          1
     Between = 0.5251                                         avg =       15.9
     Overall = 0.5101                                         max =         16

                                                F(21, 283)        =     206.51
corr(u_i, Xb) = 0.2868                          Prob > F          =     0.0000

                                   (Std. err. adjusted for 284 clusters in id)
------------------------------------------------------------------------------
             |               Robust
         NTL | Coefficient  std. err.      t    P>|t|     [95% conf. interval]
-------------+----------------------------------------------------------------
        SCCD |   3.601216   .7194004     5.01   0.000     2.185162    5.017271
       SCCD2 |  -2.765373   .7625524    -3.63   0.000    -4.266367   -1.264378
        OPEN |   .2640859   .0903802     2.92   0.004     .0861831    .4419887
          UR |    .019333   .0028886     6.69   0.000     .0136471    .0250189
         URG |  -.0547125   .0620512    -0.88   0.379    -.1768529    .0674279
          GI |   -1.66811    .361953    -4.61   0.000    -2.380572   -.9556479
             |
        year |
       2007  |   -.018233   .0164159    -1.11   0.268    -.0505458    .0140798
       2008  |   .2050426   .0181358    11.31   0.000     .1693444    .2407407
       2009  |   .1970548   .0225073     8.76   0.000      .152752    .2413577
       2010  |      .2428   .0284798     8.53   0.000     .1867409    .2988591
       2011  |   .3253304   .0340806     9.55   0.000     .2582468     .392414
       2012  |    .194005   .0383545     5.06   0.000     .1185086    .2695014
       2013  |   .2002227   .0443037     4.52   0.000     .1130161    .2874293
       2014  |   .1284912   .0504586     2.55   0.011     .0291694    .2278131
       2015  |   .4769934   .0520937     9.16   0.000      .374453    .5795337
       2016  |   .4637437   .0548699     8.45   0.000     .3557388    .5717487
       2017  |   .5575842    .060175     9.27   0.000     .4391368    .6760316
       2018  |   .4404564   .0670554     6.57   0.000     .3084659     .572447
       2019  |   .4515528   .0662219     6.82   0.000     .3212028    .5819028
       2020  |  -.0380995     .05049    -0.75   0.451    -.1374831    .0612842
       2021  |  -.0114062    .048893    -0.23   0.816    -.1076464     .084834
             |
       _cons |  -.3442431   .2931882    -1.17   0.241    -.9213495    .2328633
-------------+----------------------------------------------------------------
     sigma_u |  .76930732
     sigma_e |  .32491487
         rho |  .84862467   (fraction of variance due to u_i)
------------------------------------------------------------------------------

. eststo r2_ntl_obs

. 
. xtreg CE MCCD MCCD2 $BASE_CONTROLS i.year if is_fitted == 0, fe vce(cluster i
> d)

Fixed-effects (within) regression               Number of obs     =      4,514
Group variable: id                              Number of groups  =        284

R-squared:                                      Obs per group:
     Within  = 0.6501                                         min =          1
     Between = 0.6152                                         avg =       15.9
     Overall = 0.6267                                         max =         16

                                                F(21, 283)        =     102.71
corr(u_i, Xb) = 0.1642                          Prob > F          =     0.0000

                                   (Std. err. adjusted for 284 clusters in id)
------------------------------------------------------------------------------
             |               Robust
          CE | Coefficient  std. err.      t    P>|t|     [95% conf. interval]
-------------+----------------------------------------------------------------
        MCCD |   8.444224   1.337675     6.31   0.000     5.811168    11.07728
       MCCD2 |  -8.090842   1.664618    -4.86   0.000    -11.36745   -4.814238
        OPEN |   .2758365   .0816258     3.38   0.001     .1151657    .4365073
          UR |   .0249501   .0038946     6.41   0.000      .017284    .0326161
         URG |  -.1005371   .0668537    -1.50   0.134    -.2321306    .0310565
          GI |   -1.95294   .5462184    -3.58   0.000    -3.028106   -.8777734
             |
        year |
       2007  |   .1204639   .0282358     4.27   0.000      .064885    .1760428
       2008  |   .1974969   .0326417     6.05   0.000     .1332456    .2617482
       2009  |   .2455331   .0375087     6.55   0.000     .1717017    .3193646
       2010  |   .2770674   .0432102     6.41   0.000     .1920132    .3621215
       2011  |   .2947947   .0527211     5.59   0.000     .1910195      .39857
       2012  |   .3303596   .0587624     5.62   0.000     .2146926    .4460265
       2013  |   .2279974   .0720817     3.16   0.002     .0861131    .3698818
       2014  |   .2552035    .077599     3.29   0.001     .1024591     .407948
       2015  |   1.027034   .0806878    12.73   0.000     .8682096    1.185859
       2016  |   1.081536   .0862261    12.54   0.000     .9118096    1.251262
       2017  |   1.129815   .0910747    12.41   0.000     .9505454    1.309085
       2018  |   1.086324   .1004822    10.81   0.000     .8885365    1.284111
       2019  |   1.011341   .0941447    10.74   0.000     .8260278    1.196653
       2020  |  -.0852108    .068997    -1.23   0.218    -.2210233    .0506017
       2021  |   .0138553   .0618073     0.22   0.823    -.1078051    .1355158
             |
       _cons |   1.497284   .3816909     3.92   0.000     .7459705    2.248597
-------------+----------------------------------------------------------------
     sigma_u |  .61343781
     sigma_e |  .52101006
         rho |  .58093652   (fraction of variance due to u_i)
------------------------------------------------------------------------------

. eststo r3_mccd_obs

. 
. xtreg SCCD IV IV2 $BASE_CONTROLS i.year if is_fitted == 0, fe vce(cluster id)

Fixed-effects (within) regression               Number of obs     =      4,232
Group variable: id                              Number of groups  =        284

R-squared:                                      Obs per group:
     Within  = 0.6455                                         min =          1
     Between = 0.7451                                         avg =       14.9
     Overall = 0.6841                                         max =         15

                                                F(20, 283)        =     169.77
corr(u_i, Xb) = 0.3197                          Prob > F          =     0.0000

                                   (Std. err. adjusted for 284 clusters in id)
------------------------------------------------------------------------------
             |               Robust
        SCCD | Coefficient  std. err.      t    P>|t|     [95% conf. interval]
-------------+----------------------------------------------------------------
          IV |   .2918787    .078373     3.72   0.000     .1376107    .4461467
         IV2 |  -.0268061   .0971381    -0.28   0.783     -.218011    .1643988
        OPEN |   .0148228    .007028     2.11   0.036     .0009889    .0286566
          UR |   .0014621   .0002087     7.01   0.000     .0010514    .0018729
         URG |   .0093686   .0039384     2.38   0.018     .0016164    .0171208
          GI |  -.1048377   .0208985    -5.02   0.000     -.145974   -.0637014
             |
        year |
       2008  |   .0042163   .0026445     1.59   0.112    -.0009891    .0094216
       2009  |   .0081514   .0026054     3.13   0.002      .003023    .0132798
       2010  |   .0132049   .0026846     4.92   0.000     .0079206    .0184893
       2011  |   .0179213   .0026985     6.64   0.000     .0126097    .0232328
       2012  |   .0271638   .0032237     8.43   0.000     .0208183    .0335094
       2013  |   .0326727   .0035209     9.28   0.000     .0257422    .0396033
       2014  |   .0451664    .003815    11.84   0.000     .0376571    .0526757
       2015  |   .0414482   .0036597    11.33   0.000     .0342445    .0486518
       2016  |   .0512668   .0040045    12.80   0.000     .0433845    .0591491
       2017  |    .059734   .0044035    13.57   0.000     .0510662    .0684019
       2018  |   .0701616    .004694    14.95   0.000     .0609219    .0794012
       2019  |   .0857574   .0051311    16.71   0.000     .0756575    .0958573
       2020  |  -.0603632   .0053976   -11.18   0.000    -.0709877   -.0497387
       2021  |  -.0111373   .0032157    -3.46   0.001     -.017467   -.0048076
             |
       _cons |   .1142562   .0218568     5.23   0.000     .0712336    .1572787
-------------+----------------------------------------------------------------
     sigma_u |   .0378129
     sigma_e |  .03418845
         rho |   .5502115   (fraction of variance due to u_i)
------------------------------------------------------------------------------

. eststo fs_sccd_obs

. xtreg SCCD2 IV IV2 $BASE_CONTROLS i.year if is_fitted == 0, fe vce(cluster id
> )

Fixed-effects (within) regression               Number of obs     =      4,232
Group variable: id                              Number of groups  =        284

R-squared:                                      Obs per group:
     Within  = 0.5817                                         min =          1
     Between = 0.8084                                         avg =       14.9
     Overall = 0.6991                                         max =         15

                                                F(20, 283)        =     146.48
corr(u_i, Xb) = 0.4246                          Prob > F          =     0.0000

                                   (Std. err. adjusted for 284 clusters in id)
------------------------------------------------------------------------------
             |               Robust
       SCCD2 | Coefficient  std. err.      t    P>|t|     [95% conf. interval]
-------------+----------------------------------------------------------------
          IV |  -.0909261     .06507    -1.40   0.163    -.2190087    .0371566
         IV2 |   .4410035    .091417     4.82   0.000     .2610598    .6209471
        OPEN |   .0079356   .0057348     1.38   0.168    -.0033526    .0192238
          UR |   .0010597   .0001584     6.69   0.000     .0007478    .0013715
         URG |   .0108755   .0030234     3.60   0.000     .0049243    .0168267
          GI |  -.0779348   .0155793    -5.00   0.000    -.1086009   -.0472687
             |
        year |
       2008  |   .0029953   .0016181     1.85   0.065    -.0001897    .0061804
       2009  |   .0053251   .0016846     3.16   0.002     .0020091    .0086411
       2010  |   .0089308   .0017571     5.08   0.000     .0054721    .0123894
       2011  |   .0119432   .0018326     6.52   0.000     .0083359    .0155505
       2012  |   .0185712   .0023083     8.05   0.000     .0140277    .0231148
       2013  |   .0224621   .0025187     8.92   0.000     .0175044    .0274199
       2014  |   .0305181   .0027655    11.04   0.000     .0250745    .0359617
       2015  |   .0275857   .0026268    10.50   0.000     .0224151    .0327563
       2016  |   .0352774   .0030159    11.70   0.000      .029341    .0412139
       2017  |   .0410573    .003266    12.57   0.000     .0346285    .0474861
       2018  |   .0492511   .0035023    14.06   0.000     .0423572     .056145
       2019  |   .0619171   .0040266    15.38   0.000     .0539912    .0698429
       2020  |  -.0418978   .0040978   -10.22   0.000    -.0499639   -.0338318
       2021  |  -.0066289   .0020112    -3.30   0.001    -.0105878   -.0026701
             |
       _cons |  -.0008694   .0158183    -0.05   0.956    -.0320059    .0302671
-------------+----------------------------------------------------------------
     sigma_u |  .02912054
     sigma_e |  .02724466
         rho |  .53324403   (fraction of variance due to u_i)
------------------------------------------------------------------------------

. eststo fs_sccd2_obs

. xtivreg CE $BASE_CONTROLS i.year (SCCD SCCD2 = IV IV2) if is_fitted == 0, fe 
> vce(cluster id)

Fixed-effects (within) IV regression            Number of obs     =      4,232
Group variable: id                              Number of groups  =        284

R-squared:                                      Obs per group:
     Within  = 0.6262                                         min =          1
     Between = 0.6585                                         avg =       14.9
     Overall = 0.6419                                         max =         15


                                                Wald chi2(20)     =     674.19
corr(u_i, Xb) = 0.1097                          Prob > chi2       =     0.0000

                                   (Std. err. adjusted for 284 clusters in id)
------------------------------------------------------------------------------
             |               Robust
          CE | Coefficient  std. err.      z    P>|z|     [95% conf. interval]
-------------+----------------------------------------------------------------
        SCCD |   17.97109   2.816173     6.38   0.000     12.45149    23.49069
       SCCD2 |  -15.75725   2.968899    -5.31   0.000    -21.57618   -9.938314
        OPEN |   .1764236   .0803227     2.20   0.028      .018994    .3338533
          UR |   .0183015   .0043695     4.19   0.000     .0097374    .0268657
         URG |  -.0783836   .0651446    -1.20   0.229    -.2060646    .0492975
          GI |  -1.587188   .5642693    -2.81   0.005    -2.693135   -.4812406
             |
        year |
       2008  |    .070027   .0270659     2.59   0.010     .0169787    .1230752
       2009  |      .0978   .0318567     3.07   0.002      .035362    .1602381
       2010  |   .1024303   .0382112     2.68   0.007     .0275378    .1773228
       2011  |   .0945909   .0492655     1.92   0.055    -.0019677    .1911495
       2012  |   .0880115   .0635093     1.39   0.166    -.0364645    .2124875
       2013  |   -.046188   .0803224    -0.58   0.565    -.2036171     .111241
       2014  |  -.0833909   .0947675    -0.88   0.379    -.2691317      .10235
       2015  |   .6871299   .0944388     7.28   0.000     .5020332    .8722267
       2016  |   .7062836   .1064284     6.64   0.000     .4976879    .9148794
       2017  |   .7124955   .1208755     5.89   0.000     .4755838    .9494071
       2018  |   .6273721   .1345972     4.66   0.000     .3635664    .8911779
       2019  |   .4911089   .1490924     3.29   0.001     .1988931    .7833246
       2020  |  -.0569072   .0800547    -0.71   0.477    -.2138115    .0999972
       2021  |  -.0080917   .0667614    -0.12   0.904    -.1389417    .1227584
             |
       _cons |  -.1790637   .5492855    -0.33   0.744    -1.255643     .897516
-------------+----------------------------------------------------------------
     sigma_u |  .56244514
     sigma_e |   .5406947
         rho |  .51970918   (fraction of variance due to u_i)
------------------------------------------------------------------------------
Endogenous: SCCD SCCD2
Exogenous:  OPEN UR URG GI 2008.year 2009.year 2010.year 2011.year 2012.year
            2013.year 2014.year 2015.year 2016.year 2017.year 2018.year
            2019.year 2020.year 2021.year IV IV2

. eststo iv_second_obs

. 
. esttab r1_winsor_obs r2_ntl_obs r3_mccd_obs iv_second_obs using "$TABLES/tabl
> e04_robustness_endogeneity_observed_2006_2021.rtf", replace ///
>     b(%9.3f) se(%9.3f) star(* 0.10 ** 0.05 *** 0.01) ///
>     drop(*.year) ///
>     stats(N r2_w, labels("N" "Within R-squared") fmt(0 3)) ///
>     label compress title("Robustness and IV-2SLS: observed-only sample, 2006-
> 2021")
(output written to D:/Workplace/SCS/outputs/tables/table04_robustness_endogenei
> ty_observed_2006_2021.rtf)

. 
. esttab fs_sccd_obs fs_sccd2_obs using "$TABLES/table04_first_stage_observed_2
> 006_2021.rtf", replace ///
>     b(%9.3f) se(%9.3f) star(* 0.10 ** 0.05 *** 0.01) ///
>     drop(*.year) ///
>     stats(N r2_w, labels("N" "Within R-squared") fmt(0 3)) ///
>     label compress title("First-stage regressions: observed-only sample, 2006
> -2021")
(output written to D:/Workplace/SCS/outputs/tables/table04_first_stage_observed
> _2006_2021.rtf)

. 
. est restore iv_second_obs
(results iv_second_obs are active now)

. scalar iv_tp_observed = -_b[SCCD] / (2 * _b[SCCD2])

. 
. est restore fs_sccd_obs
(results fs_sccd_obs are active now)

. test IV IV2

 ( 1)  IV = 0
 ( 2)  IV2 = 0

       F(  2,   283) =   61.55
            Prob > F =    0.0000

. scalar fs_f_sccd = r(F)

. scalar fs_p_sccd = r(p)

. 
. est restore fs_sccd2_obs
(results fs_sccd2_obs are active now)

. test IV IV2

 ( 1)  IV = 0
 ( 2)  IV2 = 0

       F(  2,   283) =   80.44
            Prob > F =    0.0000

. scalar fs_f_sccd2 = r(F)

. scalar fs_p_sccd2 = r(p)

. 
. * Weak-instrument diagnostics via ivreg2 for observed sample.
. ivreg2 CE $BASE_CONTROLS i.year (SCCD SCCD2 = IV IV2) if is_fitted == 0, gmm2
> s robust cluster(id) first

First-stage regressions
-----------------------


First-stage regression of SCCD:

Statistics robust to heteroskedasticity and clustering on id
Number of obs =                   4232
Number of clusters (id) =          284
------------------------------------------------------------------------------
             |               Robust
        SCCD | Coefficient  std. err.      t    P>|t|     [95% conf. interval]
-------------+----------------------------------------------------------------
          IV |   .6229465   .0869304     7.17   0.000      .452517     .793376
         IV2 |   .1586243    .110018     1.44   0.149     -.057069    .3743175
        OPEN |   .0128117   .0040256     3.18   0.001     .0049195    .0207039
          UR |   .0006608   .0001046     6.32   0.000     .0004557    .0008658
         URG |   .0062042   .0015447     4.02   0.000     .0031758    .0092326
          GI |   -.040285   .0089895    -4.48   0.000    -.0579091   -.0226608
             |
        year |
       2008  |   .0070305    .003442     2.04   0.041     .0002824    .0137786
       2009  |   .0101514   .0029216     3.47   0.001     .0044234    .0158793
       2010  |   .0132101   .0028704     4.60   0.000     .0075825    .0188376
       2011  |   .0151843   .0027864     5.45   0.000     .0097214    .0206472
       2012  |   .0217857   .0029937     7.28   0.000     .0159166    .0276549
       2013  |   .0217397   .0032382     6.71   0.000     .0153912    .0280882
       2014  |   .0309726    .003382     9.16   0.000     .0243421    .0376032
       2015  |   .0211322   .0033895     6.23   0.000      .014487    .0277775
       2016  |   .0303569   .0034621     8.77   0.000     .0235694    .0371445
       2017  |   .0334693   .0036356     9.21   0.000     .0263416    .0405969
       2018  |   .0401917   .0037385    10.75   0.000     .0328623    .0475211
       2019  |   .0510744   .0041501    12.31   0.000     .0429381    .0592107
       2020  |  -.1131479   .0066799   -16.94   0.000    -.1262441   -.1000518
       2021  |   .0043108   .0030009     1.44   0.151    -.0015725    .0101941
             |
       _cons |   .0422728   .0155406     2.72   0.007      .011805    .0727407
------------------------------------------------------------------------------
F test of excluded instruments:
  F(  2,   283) =   483.41
  Prob > F      =   0.0000
Sanderson-Windmeijer multivariate F test of excluded instruments:
  F(  1,   283) =   709.71
  Prob > F      =   0.0000


First-stage regression of SCCD2:

Statistics robust to heteroskedasticity and clustering on id
Number of obs =                   4232
Number of clusters (id) =          284
------------------------------------------------------------------------------
             |               Robust
       SCCD2 | Coefficient  std. err.      t    P>|t|     [95% conf. interval]
-------------+----------------------------------------------------------------
          IV |  -.0536004   .0857745    -0.62   0.532    -.2217636    .1145628
         IV2 |   .8442355   .1193363     7.07   0.000     .6102735    1.078198
        OPEN |   .0090633   .0030576     2.96   0.003     .0030688    .0150578
          UR |   .0004816   .0000735     6.55   0.000     .0003375    .0006257
         URG |   .0059643   .0011172     5.34   0.000      .003774    .0081547
          GI |  -.0241174   .0065561    -3.68   0.000    -.0369707    -.011264
             |
        year |
       2008  |    .004549   .0021155     2.15   0.032     .0004014    .0086966
       2009  |   .0061798   .0018576     3.33   0.001     .0025379    .0098217
       2010  |   .0085611   .0018152     4.72   0.000     .0050023    .0121199
       2011  |   .0094948   .0018206     5.22   0.000     .0059254    .0130641
       2012  |   .0142063   .0020245     7.02   0.000     .0102373    .0181753
       2013  |   .0140741   .0021728     6.48   0.000     .0098142    .0183339
       2014  |     .01994   .0023251     8.58   0.000     .0153815    .0244984
       2015  |   .0128569   .0023564     5.46   0.000     .0082371    .0174766
       2016  |   .0200628   .0025013     8.02   0.000     .0151589    .0249668
       2017  |   .0217605     .00261     8.34   0.000     .0166435    .0268775
       2018  |   .0271329   .0027154     9.99   0.000     .0218092    .0324565
       2019  |   .0363969    .003163    11.51   0.000     .0301958     .042598
       2020  |  -.0787326   .0054655   -14.41   0.000    -.0894478   -.0680174
       2021  |   .0031685   .0019021     1.67   0.096    -.0005606    .0068977
             |
       _cons |   -.013112   .0147635    -0.89   0.375    -.0420563    .0158322
------------------------------------------------------------------------------
F test of excluded instruments:
  F(  2,   283) =   464.13
  Prob > F      =   0.0000
Sanderson-Windmeijer multivariate F test of excluded instruments:
  F(  1,   283) =   626.65
  Prob > F      =   0.0000



Summary results for first-stage regressions
-------------------------------------------

                                           (Underid)            (Weak id)
Variable     | F(  2,   283)  P-val | SW Chi-sq(  1) P-val | SW F(  1,   283)
SCCD         |     483.41    0.0000 |      715.60   0.0000 |      709.71
SCCD2        |     464.13    0.0000 |      631.85   0.0000 |      626.65

NB: first-stage test statistics cluster-robust

Stock-Yogo weak ID F test critical values for single endogenous regressor:
                                   10% maximal IV size             19.93
                                   15% maximal IV size             11.59
                                   20% maximal IV size              8.75
                                   25% maximal IV size              7.25
Source: Stock-Yogo (2005).  Reproduced by permission.
NB: Critical values are for i.i.d. errors only.

Underidentification test
Ho: matrix of reduced form coefficients has rank=K1-1 (underidentified)
Ha: matrix has rank=K1 (identified)
Kleibergen-Paap rk LM statistic          Chi-sq(1)=45.16    P-val=0.0000

Weak identification test
Ho: equation is weakly identified
Cragg-Donald Wald F statistic                                    1708.51
Kleibergen-Paap Wald rk F statistic                               380.73

Stock-Yogo weak ID test critical values for K1=2 and L1=2:
                                   10% maximal IV size              7.03
                                   15% maximal IV size              4.58
                                   20% maximal IV size              3.95
                                   25% maximal IV size              3.63
Source: Stock-Yogo (2005).  Reproduced by permission.
NB: Critical values are for Cragg-Donald F statistic and i.i.d. errors.

Weak-instrument-robust inference
Tests of joint significance of endogenous regressors B1 in main equation
Ho: B1=0 and orthogonality conditions are valid
Anderson-Rubin Wald test           F(2,283)=      74.55     P-val=0.0000
Anderson-Rubin Wald test           Chi-sq(2)=    150.34     P-val=0.0000
Stock-Wright LM S statistic        Chi-sq(2)=     42.20     P-val=0.0000

NB: Underidentification, weak identification and weak-identification-robust
    test statistics cluster-robust

Number of clusters             N_clust  =        284
Number of observations               N  =       4232
Number of regressors                 K  =         21
Number of endogenous regressors      K1 =          2
Number of instruments                L  =         21
Number of excluded instruments       L1 =          2

2-Step GMM estimation
---------------------

Estimates efficient for arbitrary heteroskedasticity and clustering on id
Statistics robust to heteroskedasticity and clustering on id

Number of clusters (id) =          284                Number of obs =     4232
                                                      F( 20,   283) =   101.30
                                                      Prob > F      =   0.0000
Total (centered) SS     =  6913.440306                Centered R2   =   0.6786
Total (uncentered) SS   =  95069.47634                Uncentered R2 =   0.9766
Residual SS             =  2222.101992                Root MSE      =    .7246

------------------------------------------------------------------------------
             |               Robust
          CE | Coefficient  std. err.      z    P>|z|     [95% conf. interval]
-------------+----------------------------------------------------------------
        SCCD |   7.671646   1.970556     3.89   0.000     3.809427    11.53386
       SCCD2 |  -1.271754   2.000325    -0.64   0.525    -5.192319    2.648812
        OPEN |   .2087467   .1068552     1.95   0.051    -.0006855     .418179
          UR |   .0158224   .0029169     5.42   0.000     .0101054    .0215393
         URG |   .0263121   .0633568     0.42   0.678    -.0978651    .1504892
          GI |  -3.524788   .4673709    -7.54   0.000    -4.440818   -2.608758
             |
        year |
       2008  |   .0974429   .0240178     4.06   0.000     .0503689    .1445168
       2009  |   .1580026   .0300384     5.26   0.000     .0991283    .2168768
       2010  |   .1976322   .0356786     5.54   0.000     .1277034     .267561
       2011  |   .2228224   .0443499     5.02   0.000     .1358982    .3097466
       2012  |    .241993   .0567461     4.26   0.000     .1307728    .3532133
       2013  |   .1492702   .0660841     2.26   0.024     .0197477    .2787926
       2014  |   .1350767   .0739992     1.83   0.068    -.0099591    .2801126
       2015  |   .9144873    .079163    11.55   0.000     .7593306    1.069644
       2016  |   .9392129   .0862589    10.89   0.000     .7701486    1.108277
       2017  |   .9658944   .0957201    10.09   0.000     .7782864    1.153502
       2018  |   .8905033   .1045367     8.52   0.000     .6856151    1.095391
       2019  |   .6580169   .1037128     6.34   0.000     .4547436    .8612902
       2020  |   -.215409   .0706718    -3.05   0.002    -.3539231   -.0768948
       2021  |  -.1289013   .0617686    -2.09   0.037    -.2499656   -.0078371
             |
       _cons |    1.63956     .41515     3.95   0.000     .8258812    2.453239
------------------------------------------------------------------------------
Underidentification test (Kleibergen-Paap rk LM statistic):             45.160
                                                   Chi-sq(1) P-val =    0.0000
------------------------------------------------------------------------------
Weak identification test (Cragg-Donald Wald F statistic):             1708.508
                         (Kleibergen-Paap rk Wald F statistic):        380.735
Stock-Yogo weak ID test critical values: 10% maximal IV size              7.03
                                         15% maximal IV size              4.58
                                         20% maximal IV size              3.95
                                         25% maximal IV size              3.63
Source: Stock-Yogo (2005).  Reproduced by permission.
NB: Critical values are for Cragg-Donald F statistic and i.i.d. errors.
------------------------------------------------------------------------------
Hansen J statistic (overidentification test of all instruments):         0.000
                                                 (equation exactly identified)
------------------------------------------------------------------------------
Instrumented:         SCCD SCCD2
Included instruments: OPEN UR URG GI 2008.year 2009.year 2010.year 2011.year
                      2012.year 2013.year 2014.year 2015.year 2016.year
                      2017.year 2018.year 2019.year 2020.year 2021.year
Excluded instruments: IV IV2
------------------------------------------------------------------------------

. scalar kp_rk_lm = e(idstat)

. scalar kp_rk_lm_p = e(idp)

. scalar kp_wald_f = e(rkf)

. scalar kp_wald_p = e(rkfp)

. scalar cd_wald_f = e(cdf)

. 
. file open dcsv using "$TABLES/table4_iv_diagnostics_observed_2006_2021.csv", 
> write replace

. file write dcsv "diagnostic,value,p_value,notes" _n

. file write dcsv "First-stage F for SCCD," %9.6f (fs_f_sccd) "," %9.6f (fs_p_s
> ccd) ",Excluded instruments IV and IV2" _n

. file write dcsv "First-stage F for SCCD2," %9.6f (fs_f_sccd2) "," %9.6f (fs_p
> _sccd2) ",Excluded instruments IV and IV2" _n

. file write dcsv "Kleibergen-Paap rk LM," %12.6f (kp_rk_lm) "," %9.6f (kp_rk_l
> m_p) ",Underidentification test from observed-sample ivreg2 diagnostic" _n

. file write dcsv "Kleibergen-Paap rk Wald F," %12.6f (kp_wald_f) "," %9.6f (kp
> _wald_p) ",Weak-instrument test from observed-sample ivreg2 diagnostic" _n

. file write dcsv "Cragg-Donald Wald F," %12.6f (cd_wald_f) ",,Reported by ivre
> g2; Stock-Yogo critical values assume i.i.d. errors" _n

. file write dcsv "Overidentification test,,,Not applicable: exactly identified
> " _n

. file close dcsv

. 
. file open dtxt using "$TABLES/table4_iv_diagnostics_observed_2006_2021.txt", 
> write replace

. file write dtxt "Table 4 Panel B. First-stage and weak-instrument diagnostics
>  for observed 2006-2021 sample" _n

. file write dtxt "First-stage F for SCCD: " %9.3f (fs_f_sccd) " (p=" %9.6f (fs
> _p_sccd) ")" _n

. file write dtxt "First-stage F for SCCD2: " %9.3f (fs_f_sccd2) " (p=" %9.6f (
> fs_p_sccd2) ")" _n

. file write dtxt "Kleibergen-Paap rk LM: " %9.3f (kp_rk_lm) " (p=" %9.6f (kp_r
> k_lm_p) ")" _n

. file write dtxt "Kleibergen-Paap rk Wald F: " %9.3f (kp_wald_f) _n

. file write dtxt "Cragg-Donald Wald F: " %9.3f (cd_wald_f) _n

. file write dtxt "Overidentification test: not applicable because the model is
>  exactly identified." _n

. file write dtxt "IV turning point: " %9.6f (iv_tp_observed) _n

. file close dtxt

. 
. file open tp using "$TABLES/iv_turning_points.txt", write replace

. file write tp "Full-sample IV turning point, 2006-2024: " %9.6f (iv_tp_full) 
> _n

. file write tp "Observed-only IV turning point, 2006-2021: " %9.6f (iv_tp_obse
> rved) _n

. file write tp "Formula: -_b[SCCD] / (2 * _b[SCCD2])" _n

. file close tp

. 
. log close log03
      name:  log03
       log:  D:/Workplace/SCS/outputs/logs/03_robustness_endogeneity.log
  log type:  text
 closed on:  14 Jun 2026, 01:50:31
-------------------------------------------------------------------------------
