-------------------------------------------------------------------------------
      name:  log04
       log:  D:/Workplace/SCS/outputs/logs/04_heterogeneity.log
  log type:  text
 opened on:   8 Jun 2026, 23:43:24

. 
. use "$DATA", clear

. capture confirm variable SCCD2

. if _rc gen double SCCD2 = SCCD^2

. xtset id year

Panel variable: id (strongly balanced)
 Time variable: year, 2006 to 2024
         Delta: 1 unit

. 
. global BASE_CONTROLS OPEN UR URG GI

. 
. eststo clear

. xtreg CE SCCD SCCD2 $BASE_CONTROLS i.year if region == "东部", fe vce(cluster
>  id)

Fixed-effects (within) regression               Number of obs     =      1,828
Group variable: id                              Number of groups  =         97

R-squared:                                      Obs per group:
     Within  = 0.7204                                         min =          4
     Between = 0.5552                                         avg =       18.8
     Overall = 0.6299                                         max =         19

                                                F(24, 96)         =      63.84
corr(u_i, Xb) = 0.1117                          Prob > F          =     0.0000

                                    (Std. err. adjusted for 97 clusters in id)
------------------------------------------------------------------------------
             |               Robust
          CE | Coefficient  std. err.      t    P>|t|     [95% conf. interval]
-------------+----------------------------------------------------------------
        SCCD |   7.588938   2.676611     2.84   0.006     2.275906    12.90197
       SCCD2 |  -6.922249   2.581981    -2.68   0.009    -12.04744   -1.797057
        OPEN |   .2185809   .0932102     2.35   0.021     .0335601    .4036016
          UR |   .0302918   .0059346     5.10   0.000     .0185118    .0420718
         URG |  -.0364168   .1406632    -0.26   0.796     -.315631    .2427975
          GI |  -.7296028   1.129852    -0.65   0.520    -2.972341    1.513135
             |
        year |
       2007  |   .0906632    .029592     3.06   0.003     .0319236    .1494028
       2008  |   .1439985   .0370294     3.89   0.000     .0704958    .2175012
       2009  |   .1747005   .0539095     3.24   0.002      .067691      .28171
       2010  |   .1985166   .0638176     3.11   0.002     .0718397    .3251935
       2011  |    .227973   .0779403     2.92   0.004     .0732628    .3826832
       2012  |   .3964442   .0875459     4.53   0.000     .2226669    .5702214
       2013  |   .3702723   .1045736     3.54   0.001     .1626953    .5778493
       2014  |   .3886606   .1148292     3.38   0.001     .1607264    .6165948
       2015  |    .910273   .1194919     7.62   0.000     .6730835    1.147462
       2016  |   .8956263   .1347876     6.64   0.000     .6280751    1.163177
       2017  |   .9707938   .1457501     6.66   0.000     .6814821    1.260105
       2018  |   .9128839   .1506808     6.06   0.000     .6137849    1.211983
       2019  |   .9257048   .1441454     6.42   0.000     .6395785    1.211831
       2020  |  -.0345106   .1072409    -0.32   0.748    -.2473821    .1783608
       2021  |   .0168643   .0920147     0.18   0.855    -.1657835    .1995121
       2022  |   .6723453   .1175363     5.72   0.000     .4390375     .905653
       2023  |   .7066754   .1226647     5.76   0.000     .4631879     .950163
       2024  |   .7413394   .1278235     5.80   0.000     .4876117    .9950671
             |
       _cons |   1.277904   .7402772     1.73   0.088    -.1915346    2.747343
-------------+----------------------------------------------------------------
     sigma_u |  .54517917
     sigma_e |  .40914061
         rho |  .63971127   (fraction of variance due to u_i)
------------------------------------------------------------------------------

. eststo east_full

. xtreg CE SCCD SCCD2 $BASE_CONTROLS i.year if region == "中部", fe vce(cluster
>  id)

Fixed-effects (within) regression               Number of obs     =      1,885
Group variable: id                              Number of groups  =        100

R-squared:                                      Obs per group:
     Within  = 0.6291                                         min =          4
     Between = 0.4913                                         avg =       18.9
     Overall = 0.5673                                         max =         19

                                                F(24, 99)         =      43.34
corr(u_i, Xb) = 0.0994                          Prob > F          =     0.0000

                                   (Std. err. adjusted for 100 clusters in id)
------------------------------------------------------------------------------
             |               Robust
          CE | Coefficient  std. err.      t    P>|t|     [95% conf. interval]
-------------+----------------------------------------------------------------
        SCCD |    12.1715   2.747102     4.43   0.000      6.72065    17.62234
       SCCD2 |  -11.72466   3.488708    -3.36   0.001    -18.64701   -4.802301
        OPEN |   .3516107   .2744902     1.28   0.203    -.1930374    .8962588
          UR |   .0242242   .0070846     3.42   0.001     .0101668    .0382817
         URG |  -.0367184   .1384401    -0.27   0.791    -.3114137    .2379768
          GI |  -2.461216    .754208    -3.26   0.002    -3.957728   -.9647036
             |
        year |
       2007  |   .0677705   .0462846     1.46   0.146    -.0240682    .1596092
       2008  |    .242341   .0522896     4.63   0.000     .1385872    .3460949
       2009  |   .2836571   .0608842     4.66   0.000     .1628496    .4044647
       2010  |   .3345659   .0755171     4.43   0.000     .1847236    .4844082
       2011  |   .3293777   .0935872     3.52   0.001     .1436804     .515075
       2012  |   .2990886   .1097345     2.73   0.008     .0813516    .5168255
       2013  |   .1177812     .14113     0.83   0.406    -.1622513    .3978137
       2014  |    .089512   .1525708     0.59   0.559    -.2132217    .3922456
       2015  |   .9806428   .1409866     6.96   0.000     .7008947    1.260391
       2016  |   1.060828   .1455365     7.29   0.000     .7720522    1.349604
       2017  |   1.110119   .1596613     6.95   0.000     .7933166    1.426922
       2018  |   1.005196    .181633     5.53   0.000     .6447965    1.365595
       2019  |   .8726614   .1670442     5.22   0.000     .5412094    1.204113
       2020  |   .0174518   .1262133     0.14   0.890    -.2329828    .2678865
       2021  |   .0739359   .1124665     0.66   0.512    -.1492221    .2970939
       2022  |   .6926293   .1315757     5.26   0.000     .4315545    .9537041
       2023  |   .7288128   .1370961     5.32   0.000     .4567844    1.000841
       2024  |   .7654079   .1426742     5.36   0.000     .4823114    1.048504
             |
       _cons |   .5225379    .762901     0.68   0.495    -.9912231    2.036299
-------------+----------------------------------------------------------------
     sigma_u |    .498965
     sigma_e |  .52130174
         rho |  .47811745   (fraction of variance due to u_i)
------------------------------------------------------------------------------

. eststo central_full

. xtreg CE SCCD SCCD2 $BASE_CONTROLS i.year if region == "西部", fe vce(cluster
>  id)

Fixed-effects (within) regression               Number of obs     =      1,653
Group variable: id                              Number of groups  =         87

R-squared:                                      Obs per group:
     Within  = 0.6208                                         min =         19
     Between = 0.5991                                         avg =       19.0
     Overall = 0.6106                                         max =         19

                                                F(23, 86)         =          .
corr(u_i, Xb) = -0.0058                         Prob > F          =          .

                                    (Std. err. adjusted for 87 clusters in id)
------------------------------------------------------------------------------
             |               Robust
          CE | Coefficient  std. err.      t    P>|t|     [95% conf. interval]
-------------+----------------------------------------------------------------
        SCCD |   7.221391   1.830565     3.94   0.000     3.582348    10.86043
       SCCD2 |  -7.150568   2.179984    -3.28   0.001    -11.48423   -2.816904
        OPEN |   .2655792   .2885801     0.92   0.360    -.3080989    .8392574
          UR |   .0278186   .0071927     3.87   0.000     .0135201    .0421172
         URG |  -.2051564   .1049066    -1.96   0.054    -.4137038    .0033909
          GI |  -2.017291   .9988099    -2.02   0.047     -4.00286    -.031723
             |
        year |
       2007  |   .1937198   .0688986     2.81   0.006     .0567539    .3306856
       2008  |   .1904701   .0787409     2.42   0.018     .0339384    .3470019
       2009  |    .239873   .0823776     2.91   0.005     .0761118    .4036342
       2010  |   .2381581   .0872089     2.73   0.008     .0647926    .4115236
       2011  |   .2482655   .1039184     2.39   0.019     .0416826    .4548485
       2012  |   .1768721   .1190513     1.49   0.141     -.059794    .4135383
       2013  |   .0610105   .1341185     0.45   0.650    -.2056083    .3276293
       2014  |   .1381889   .1370855     1.01   0.316     -.134328    .4107058
       2015  |   1.040418   .1631164     6.38   0.000      .716153    1.364682
       2016  |   1.112124   .1721554     6.46   0.000     .7698903    1.454358
       2017  |   1.116008   .1743802     6.40   0.000     .7693513    1.462664
       2018  |   1.126581   .1869266     6.03   0.000      .754983    1.498179
       2019  |   1.002058   .1785827     5.61   0.000     .6470469    1.357068
       2020  |  -.2109297   .1295539    -1.63   0.107    -.4684743     .046615
       2021  |   -.039145    .117175    -0.33   0.739    -.2720813    .1937913
       2022  |   .6803526   .1442139     4.72   0.000     .3936648    .9670403
       2023  |   .7152525   .1506126     4.75   0.000     .4158445     1.01466
       2024  |   .7504111   .1571047     4.78   0.000     .4380972    1.062725
             |
       _cons |   1.945982   .6753517     2.88   0.005     .6034272    3.288537
-------------+----------------------------------------------------------------
     sigma_u |  .58020567
     sigma_e |   .6148603
         rho |  .47102627   (fraction of variance due to u_i)
------------------------------------------------------------------------------

. eststo west_full

. 
. esttab east_full central_full west_full using "$TABLES/table05_regional_heter
> ogeneity_full_2006_2024.rtf", replace ///
>     mtitles("Eastern China" "Central China" "Western China") ///
>     b(%9.3f) se(%9.3f) star(* 0.10 ** 0.05 *** 0.01) ///
>     keep(SCCD SCCD2 OPEN UR URG GI _cons) ///
>     order(SCCD SCCD2 OPEN UR URG GI _cons) ///
>     stats(N r2_w, labels("N" "Within R-squared") fmt(0 3)) ///
>     label compress title("Regional heterogeneity: full sample, 2006-2024")
(output written to D:/Workplace/SCS/outputs/tables/table05_regional_heterogenei
> ty_full_2006_2024.rtf)

. 
. eststo clear

. xtreg CE SCCD SCCD2 $BASE_CONTROLS i.year if region == "东部" & is_fitted == 
> 0, fe vce(cluster id)

Fixed-effects (within) regression               Number of obs     =      1,537
Group variable: id                              Number of groups  =         97

R-squared:                                      Obs per group:
     Within  = 0.7313                                         min =          1
     Between = 0.5457                                         avg =       15.8
     Overall = 0.6327                                         max =         16

                                                F(21, 96)         =      74.36
corr(u_i, Xb) = 0.1628                          Prob > F          =     0.0000

                                    (Std. err. adjusted for 97 clusters in id)
------------------------------------------------------------------------------
             |               Robust
          CE | Coefficient  std. err.      t    P>|t|     [95% conf. interval]
-------------+----------------------------------------------------------------
        SCCD |   7.367645   2.556854     2.88   0.005      2.29233    12.44296
       SCCD2 |  -6.905393   2.543124    -2.72   0.008    -11.95345   -1.857332
        OPEN |   .2253743    .084849     2.66   0.009     .0569504    .3937982
          UR |   .0274574    .005865     4.68   0.000     .0158155    .0390994
         URG |  -.0693697   .1427444    -0.49   0.628    -.3527152    .2139757
          GI |  -1.097934   1.134178    -0.97   0.335    -3.349258    1.153391
             |
        year |
       2007  |   .0978842   .0287218     3.41   0.001     .0408719    .1548965
       2008  |   .1565435   .0368379     4.25   0.000     .0834209    .2296661
       2009  |   .1904288   .0534262     3.56   0.001     .0843786     .296479
       2010  |   .2206671   .0628647     3.51   0.001     .0958816    .3454527
       2011  |   .2547884   .0769925     3.31   0.001     .1019594    .4076174
       2012  |   .4291293   .0852811     5.03   0.000     .2598478    .5984109
       2013  |   .4128832   .1023439     4.03   0.000     .2097321    .6160342
       2014  |   .4390621   .1116761     3.93   0.000     .2173868    .6607375
       2015  |   .9624689   .1183288     8.13   0.000     .7275882     1.19735
       2016  |   .9547271   .1336657     7.14   0.000     .6894027    1.220052
       2017  |   1.038123   .1419607     7.31   0.000     .7563336    1.319913
       2018  |   .9886081   .1476452     6.70   0.000     .6955348    1.281681
       2019  |   .9971917   .1374274     7.26   0.000     .7244004    1.269983
       2020  |  -.0548255    .104918    -0.52   0.602    -.2630861    .1534351
       2021  |    .011993   .0900539     0.13   0.894    -.1667625    .1907485
             |
       _cons |   1.614718   .7113827     2.27   0.025     .2026342    3.026801
-------------+----------------------------------------------------------------
     sigma_u |  .58409214
     sigma_e |  .40775123
         rho |  .67234337   (fraction of variance due to u_i)
------------------------------------------------------------------------------

. eststo east_obs

. xtreg CE SCCD SCCD2 $BASE_CONTROLS i.year if region == "中部" & is_fitted == 
> 0, fe vce(cluster id)

Fixed-effects (within) regression               Number of obs     =      1,585
Group variable: id                              Number of groups  =        100

R-squared:                                      Obs per group:
     Within  = 0.6446                                         min =          1
     Between = 0.4867                                         avg =       15.8
     Overall = 0.5580                                         max =         16

                                                F(21, 99)         =      50.70
corr(u_i, Xb) = 0.1297                          Prob > F          =     0.0000

                                   (Std. err. adjusted for 100 clusters in id)
------------------------------------------------------------------------------
             |               Robust
          CE | Coefficient  std. err.      t    P>|t|     [95% conf. interval]
-------------+----------------------------------------------------------------
        SCCD |   12.44685   2.490361     5.00   0.000     7.505429    17.38826
       SCCD2 |  -12.82827   3.178907    -4.04   0.000    -19.13591   -6.520627
        OPEN |   .4163251   .2505005     1.66   0.100    -.0807222    .9133725
          UR |   .0222271   .0064309     3.46   0.001     .0094667    .0349875
         URG |  -.0181165   .1211742    -0.15   0.881    -.2585524    .2223195
          GI |  -2.292166   .6673093    -3.43   0.001    -3.616253   -.9680797
             |
        year |
       2007  |   .0674312    .043262     1.56   0.122      -.01841    .1532724
       2008  |    .240234   .0476318     5.04   0.000     .1457221    .3347458
       2009  |    .286128   .0546757     5.23   0.000     .1776396    .3946165
       2010  |   .3414463   .0676356     5.05   0.000     .2072426    .4756499
       2011  |    .341751   .0833027     4.10   0.000     .1764603    .5070417
       2012  |   .3197223   .0968821     3.30   0.001     .1274873    .5119573
       2013  |   .1353518   .1279628     1.06   0.293    -.1185542    .3892579
       2014  |   .1188413   .1383335     0.86   0.392    -.1556425    .3933251
       2015  |   1.010323   .1271102     7.95   0.000     .7581083    1.262537
       2016  |   1.099862    .131533     8.36   0.000     .8388716    1.360852
       2017  |   1.152567   .1437423     8.02   0.000     .8673513    1.437783
       2018  |   1.064008   .1639816     6.49   0.000     .7386333    1.389384
       2019  |     .95268   .1518223     6.27   0.000     .6514317    1.253928
       2020  |   .0041684   .1241902     0.03   0.973    -.2422519    .2505887
       2021  |   .0620399    .111738     0.56   0.580    -.1596726    .2837524
             |
       _cons |   .5454903   .6996159     0.78   0.437    -.8426993     1.93368
-------------+----------------------------------------------------------------
     sigma_u |  .55198293
     sigma_e |   .5121288
         rho |  .53740049   (fraction of variance due to u_i)
------------------------------------------------------------------------------

. eststo central_obs

. xtreg CE SCCD SCCD2 $BASE_CONTROLS i.year if region == "西部" & is_fitted == 
> 0, fe vce(cluster id)

Fixed-effects (within) regression               Number of obs     =      1,392
Group variable: id                              Number of groups  =         87

R-squared:                                      Obs per group:
     Within  = 0.6243                                         min =         16
     Between = 0.5881                                         avg =       16.0
     Overall = 0.6040                                         max =         16

                                                F(21, 86)         =      35.14
corr(u_i, Xb) = 0.0866                          Prob > F          =     0.0000

                                    (Std. err. adjusted for 87 clusters in id)
------------------------------------------------------------------------------
             |               Robust
          CE | Coefficient  std. err.      t    P>|t|     [95% conf. interval]
-------------+----------------------------------------------------------------
        SCCD |   7.842015   1.739936     4.51   0.000     4.383136    11.30089
       SCCD2 |  -8.151729   2.101688    -3.88   0.000    -12.32975   -3.973712
        OPEN |   .2581412   .3046012     0.85   0.399    -.3473859    .8636683
          UR |    .024283   .0072868     3.33   0.001     .0097973    .0387686
         URG |  -.1865213   .1027267    -1.82   0.073    -.3907353    .0176927
          GI |  -1.870949   .8845867    -2.12   0.037     -3.62945   -.1124491
             |
        year |
       2007  |   .1951262   .0683259     2.86   0.005     .0592989    .3309535
       2008  |   .1941875    .078525     2.47   0.015     .0380849    .3502902
       2009  |   .2511085   .0819383     3.06   0.003     .0882206    .4139964
       2010  |   .2530547   .0852057     2.97   0.004     .0836712    .4224381
       2011  |   .2685323   .1021535     2.63   0.010     .0654578    .4716069
       2012  |    .205094   .1159718     1.77   0.081    -.0254503    .4356384
       2013  |   .0918252    .128807     0.71   0.478    -.1642346    .3478851
       2014  |   .1729133   .1310242     1.32   0.190    -.0875542    .4333809
       2015  |   1.079708   .1597331     6.76   0.000     .7621694    1.397247
       2016  |   1.157669   .1685065     6.87   0.000     .8226893    1.492649
       2017  |   1.162415   .1701848     6.83   0.000     .8240988    1.500731
       2018  |   1.182888   .1830383     6.46   0.000       .81902    1.546756
       2019  |   1.073786   .1773873     6.05   0.000     .7211514     1.42642
       2020  |  -.2045989   .1304077    -1.57   0.120    -.4638408    .0546429
       2021  |   -.032956   .1179882    -0.28   0.781    -.2675088    .2015968
             |
       _cons |   1.920261   .6394776     3.00   0.004     .6490215      3.1915
-------------+----------------------------------------------------------------
     sigma_u |  .63539312
     sigma_e |  .61834737
         rho |   .5135934   (fraction of variance due to u_i)
------------------------------------------------------------------------------

. eststo west_obs

. 
. esttab east_obs central_obs west_obs using "$TABLES/table05_regional_heteroge
> neity_observed_2006_2021.rtf", replace ///
>     mtitles("Eastern China" "Central China" "Western China") ///
>     b(%9.3f) se(%9.3f) star(* 0.10 ** 0.05 *** 0.01) ///
>     keep(SCCD SCCD2 OPEN UR URG GI _cons) ///
>     order(SCCD SCCD2 OPEN UR URG GI _cons) ///
>     stats(N r2_w, labels("N" "Within R-squared") fmt(0 3)) ///
>     label compress title("Regional heterogeneity: observed-only sample, 2006-
> 2021")
(output written to D:/Workplace/SCS/outputs/tables/table05_regional_heterogenei
> ty_observed_2006_2021.rtf)

. 
. log close log04
      name:  log04
       log:  D:/Workplace/SCS/outputs/logs/04_heterogeneity.log
  log type:  text
 closed on:   8 Jun 2026, 23:43:24
-------------------------------------------------------------------------------
