-------------------------------------------------------------------------------
      name:  log05_noer
       log:  D:/Workplace/SCS/outputs/logs/05_mediation_2006_2024_noER.log
  log type:  text
 opened on:  16 May 2026, 04:09:13

. 
. use "$DATA", clear

. keep if inrange(year, 2006, 2024)
(0 observations deleted)

. 
. gen double lnCE = CE

. label variable lnCE "Log carbon emissions"

. 
. capture confirm variable SCCD2

. if _rc gen double SCCD2 = SCCD^2

. xtset id year

Panel variable: id (strongly balanced)
 Time variable: year, 2006 to 2024
         Delta: 1 unit

. 
. global BASE_CONTROLS OPEN UR URG GI

. 
. eststo clear

. xtreg OIU SCCD SCCD2 $BASE_CONTROLS i.year, fe vce(cluster id)

Fixed-effects (within) regression               Number of obs     =      5,366
Group variable: id                              Number of groups  =        284

R-squared:                                      Obs per group:
     Within  = 0.6135                                         min =          4
     Between = 0.5646                                         avg =       18.9
     Overall = 0.5735                                         max =         19

                                                F(24, 283)        =      90.95
corr(u_i, Xb) = 0.1699                          Prob > F          =     0.0000

                                   (Std. err. adjusted for 284 clusters in id)
------------------------------------------------------------------------------
             |               Robust
         OIU | Coefficient  std. err.      t    P>|t|     [95% conf. interval]
-------------+----------------------------------------------------------------
        SCCD |   .6257038   .1630168     3.84   0.000     .3048245    .9465831
       SCCD2 |  -.3706261   .2125221    -1.74   0.082    -.7889507    .0476985
        OPEN |   .0039744   .0125317     0.32   0.751    -.0206927    .0286415
          UR |   .0038489   .0004311     8.93   0.000     .0030004    .0046974
         URG |   .0277916   .0064956     4.28   0.000     .0150058    .0405774
          GI |  -.0878348   .0512903    -1.71   0.088    -.1887937     .013124
             |
        year |
       2007  |   .0246564   .0031808     7.75   0.000     .0183954    .0309174
       2008  |   .0172936   .0031578     5.48   0.000     .0110779    .0235093
       2009  |   .0133603   .0046892     2.85   0.005     .0041301    .0225904
       2010  |   .0153313   .0051011     3.01   0.003     .0052904    .0253721
       2011  |   .0225176   .0060195     3.74   0.000      .010669    .0343662
       2012  |    .045607   .0069171     6.59   0.000     .0319915    .0592224
       2013  |   .0600443    .007302     8.22   0.000     .0456712    .0744174
       2014  |   .0724135   .0084417     8.58   0.000      .055797    .0890299
       2015  |    .095169   .0089814    10.60   0.000     .0774902    .1128479
       2016  |   .1067146   .0094844    11.25   0.000     .0880457    .1253835
       2017  |   .1218478   .0102353    11.90   0.000     .1017007    .1419948
       2018  |   .1032462   .0115093     8.97   0.000     .0805914    .1259009
       2019  |   .0845995   .0117541     7.20   0.000     .0614629    .1077361
       2020  |   .0110383   .0081473     1.35   0.177    -.0049986    .0270752
       2021  |   .0086262   .0069996     1.23   0.219    -.0051517    .0224041
       2022  |   .0836331   .0083284    10.04   0.000     .0672397    .1000265
       2023  |   .0878309    .008695    10.10   0.000     .0707158    .1049459
       2024  |   .0920434   .0090668    10.15   0.000     .0741966    .1098903
             |
       _cons |   1.810769   .0427055    42.40   0.000     1.726709     1.89483
-------------+----------------------------------------------------------------
     sigma_u |  .07724986
     sigma_e |  .05763005
         rho |  .64244727   (fraction of variance due to u_i)
------------------------------------------------------------------------------

. estadd local cityfe "Yes"

added macro:
             e(cityfe) : "Yes"

. estadd local yearfe "Yes"

added macro:
             e(yearfe) : "Yes"

. eststo m_oiu_noer

. xtreg lnCE SCCD SCCD2 OIU $BASE_CONTROLS i.year, fe vce(cluster id)

Fixed-effects (within) regression               Number of obs     =      5,366
Group variable: id                              Number of groups  =        284

R-squared:                                      Obs per group:
     Within  = 0.6507                                         min =          4
     Between = 0.6599                                         avg =       18.9
     Overall = 0.6540                                         max =         19

                                                F(25, 283)        =      87.74
corr(u_i, Xb) = 0.0974                          Prob > F          =     0.0000

                                   (Std. err. adjusted for 284 clusters in id)
------------------------------------------------------------------------------
             |               Robust
        lnCE | Coefficient  std. err.      t    P>|t|     [95% conf. interval]
-------------+----------------------------------------------------------------
        SCCD |    7.44473   1.297328     5.74   0.000     4.891093    9.998367
       SCCD2 |  -7.172033   1.486165    -4.83   0.000    -10.09737   -4.246693
         OIU |   1.491005   .3374511     4.42   0.000     .8267721    2.155237
        OPEN |   .2527432   .0785886     3.22   0.001     .0980508    .4074356
          UR |   .0220597   .0039087     5.64   0.000      .014366    .0297534
         URG |  -.1531924    .069061    -2.22   0.027    -.2891307    -.017254
          GI |  -1.933065   .5947679    -3.25   0.001    -3.103795   -.7623346
             |
        year |
       2007  |    .082514    .028595     2.89   0.004     .0262282    .1387999
       2008  |   .1676111   .0332374     5.04   0.000     .1021872     .233035
       2009  |   .2168974   .0378973     5.72   0.000     .1423011    .2914938
       2010  |   .2414017   .0437595     5.52   0.000     .1552663    .3275371
       2011  |   .2434452    .053019     4.59   0.000     .1390835    .3478069
       2012  |   .2384613   .0606898     3.93   0.000     .1190006    .3579221
       2013  |    .112043   .0760679     1.47   0.142    -.0376877    .2617737
       2014  |   .1142424   .0818447     1.40   0.164    -.0468592     .275344
       2015  |   .8499104    .087643     9.70   0.000     .6773956    1.022425
       2016  |   .8813767   .0943811     9.34   0.000     .6955988    1.067155
       2017  |    .903837   .1009963     8.95   0.000     .7050376    1.102636
       2018  |   .8772716    .107277     8.18   0.000     .6661095    1.088434
       2019  |   .8181333   .0992276     8.25   0.000     .6228155    1.013451
       2020  |  -.0936289   .0668267    -1.40   0.162    -.2251693    .0379116
       2021  |   .0043168    .059566     0.07   0.942    -.1129317    .1215654
       2022  |   .5734181   .0795724     7.21   0.000     .4167893    .7300469
       2023  |   .6027187   .0830373     7.26   0.000     .4392697    .7661678
       2024  |   .6323057    .086538     7.31   0.000      .461966    .8026455
             |
       _cons |  -1.300046   .7378408    -1.76   0.079    -2.752399    .1523061
-------------+----------------------------------------------------------------
     sigma_u |  .53993256
     sigma_e |  .51563915
         rho |  .52300227   (fraction of variance due to u_i)
------------------------------------------------------------------------------

. estadd local cityfe "Yes"

added macro:
             e(cityfe) : "Yes"

. estadd local yearfe "Yes"

added macro:
             e(yearfe) : "Yes"

. eststo lnce_oiu_noer

. xtreg GTI SCCD SCCD2 $BASE_CONTROLS i.year, fe vce(cluster id)

Fixed-effects (within) regression               Number of obs     =      5,366
Group variable: id                              Number of groups  =        284

R-squared:                                      Obs per group:
     Within  = 0.8121                                         min =          4
     Between = 0.6979                                         avg =       18.9
     Overall = 0.7245                                         max =         19

                                                F(24, 283)        =     451.17
corr(u_i, Xb) = 0.2414                          Prob > F          =     0.0000

                                   (Std. err. adjusted for 284 clusters in id)
------------------------------------------------------------------------------
             |               Robust
         GTI | Coefficient  std. err.      t    P>|t|     [95% conf. interval]
-------------+----------------------------------------------------------------
        SCCD |   10.48069   1.385826     7.56   0.000      7.75286    13.20853
       SCCD2 |  -5.438209   1.415666    -3.84   0.000     -8.22478   -2.651638
        OPEN |   .2407249   .0938433     2.57   0.011     .0560055    .4254442
          UR |   .0217527   .0047663     4.56   0.000     .0123709    .0311346
         URG |   .0161062   .0667674     0.24   0.810    -.1153176      .14753
          GI |  -1.908394   .3961645    -4.82   0.000    -2.688197   -1.128591
             |
        year |
       2007  |   .2594375    .038852     6.68   0.000     .1829619    .3359132
       2008  |   .5906598   .0417403    14.15   0.000      .508499    .6728207
       2009  |   .8459455   .0492638    17.17   0.000     .7489756    .9429154
       2010  |   .9174896   .0539101    17.02   0.000      .811374    1.023605
       2011  |   1.335191   .0610396    21.87   0.000     1.215042    1.455341
       2012  |   1.297792   .0681187    19.05   0.000     1.163709    1.431876
       2013  |   1.558646   .0738846    21.10   0.000     1.413213    1.704079
       2014  |   1.622345   .0825399    19.66   0.000     1.459875    1.784815
       2015  |   1.655054   .0853648    19.39   0.000     1.487023    1.823084
       2016  |   1.955728   .0897124    21.80   0.000      1.77914    2.132316
       2017  |   1.879458   .0978045    19.22   0.000     1.686941    2.071974
       2018  |   2.183545       .108    20.22   0.000      1.97096     2.39613
       2019  |   2.230387    .107916    20.67   0.000     2.017968    2.442807
       2020  |  -.2645785   .0778752    -3.40   0.001    -.4178666   -.1112905
       2021  |   .0115741   .0742449     0.16   0.876    -.1345683    .1577165
       2022  |   1.532389   .0869801    17.62   0.000     1.361179    1.703599
       2023  |   1.582225   .0908073    17.42   0.000     1.403481    1.760968
       2024  |   1.632278   .0946631    17.24   0.000     1.445945    1.818611
             |
       _cons |  -.8174232   .4232282    -1.93   0.054    -1.650498    .0156515
-------------+----------------------------------------------------------------
     sigma_u |  .79577031
     sigma_e |  .54679532
         rho |  .67928156   (fraction of variance due to u_i)
------------------------------------------------------------------------------

. estadd local cityfe "Yes"

added macro:
             e(cityfe) : "Yes"

. estadd local yearfe "Yes"

added macro:
             e(yearfe) : "Yes"

. eststo m_gti_noer

. xtreg lnCE SCCD SCCD2 GTI $BASE_CONTROLS i.year, fe vce(cluster id)

Fixed-effects (within) regression               Number of obs     =      5,366
Group variable: id                              Number of groups  =        284

R-squared:                                      Obs per group:
     Within  = 0.6825                                         min =          4
     Between = 0.7634                                         avg =       18.9
     Overall = 0.7257                                         max =         19

                                                F(25, 283)        =      96.18
corr(u_i, Xb) = 0.0518                          Prob > F          =     0.0000

                                   (Std. err. adjusted for 284 clusters in id)
------------------------------------------------------------------------------
             |               Robust
        lnCE | Coefficient  std. err.      t    P>|t|     [95% conf. interval]
-------------+----------------------------------------------------------------
        SCCD |    4.97056   1.155937     4.30   0.000     2.695234    7.245885
       SCCD2 |  -5.956768   1.418143    -4.20   0.000    -8.748215    -3.16532
         GTI |   .3250832   .0296486    10.96   0.000     .2667235    .3834429
        OPEN |   .1804134   .0746453     2.42   0.016     .0334829    .3273438
          UR |   .0207269   .0036522     5.68   0.000      .013538    .0279158
         URG |  -.1169908   .0647013    -1.81   0.072    -.2443477     .010366
          GI |   -1.44364   .6486642    -2.23   0.027    -2.720459   -.1668216
             |
        year |
       2007  |   .0349381   .0288063     1.21   0.226    -.0217636    .0916399
       2008  |   .0013824    .036277     0.04   0.970    -.0700247    .0727894
       2009  |   -.038185   .0449079    -0.85   0.396    -.1265809    .0502109
       2010  |  -.0339998   .0527429    -0.64   0.520    -.1378178    .0698183
       2011  |  -.1570293   .0672368    -2.34   0.020    -.2893771   -.0246815
       2012  |  -.1154289   .0706113    -1.63   0.103    -.2544188     .023561
       2013  |  -.3051203   .0888952    -3.43   0.001    -.4800999   -.1301406
       2014  |  -.3051861   .0938376    -3.25   0.001    -.4898942   -.1204779
       2015  |   .4537777   .0968058     4.69   0.000     .2632269    .6443285
       2016  |   .4047144   .1063041     3.81   0.000     .1954673    .6139615
       2017  |   .4745324   .1112855     4.26   0.000     .2554801    .6935848
       2018  |   .3213782   .1243919     2.58   0.010     .0765274    .5662291
       2019  |     .21921   .1167835     1.88   0.062    -.0106646    .4490846
       2020  |   .0088393   .0626087     0.14   0.888    -.1143986    .1320772
       2021  |    .013416   .0542499     0.25   0.805    -.0933684    .1202005
       2022  |   .1999615    .087559     2.28   0.023     .0276121     .372311
       2023  |   .2193202   .0909378     2.41   0.017     .0403199    .3983206
       2024  |   .2389167   .0943464     2.53   0.012      .053207    .4246264
             |
       _cons |    1.66555   .3547819     4.69   0.000     .9672034    2.363896
-------------+----------------------------------------------------------------
     sigma_u |  .44742617
     sigma_e |  .49159522
         rho |  .45306651   (fraction of variance due to u_i)
------------------------------------------------------------------------------

. estadd local cityfe "Yes"

added macro:
             e(cityfe) : "Yes"

. estadd local yearfe "Yes"

added macro:
             e(yearfe) : "Yes"

. eststo lnce_gti_noer

. 
. esttab m_oiu_noer lnce_oiu_noer m_gti_noer lnce_gti_noer using "$TABLES/table
> 6_mechanism_2006_2024_noER.rtf", replace ///
>     mtitles("OIU" "lnCE with OIU" "GTI" "lnCE with GTI") ///
>     b(%9.3f) se(%9.3f) star(* 0.10 ** 0.05 *** 0.01) ///
>     keep(SCCD SCCD2 OIU GTI OPEN UR URG GI _cons) ///
>     order(SCCD SCCD2 OIU GTI OPEN UR URG GI _cons) ///
>     stats(cityfe yearfe N r2_w, labels("City fixed effects" "Year fixed effec
> ts" "N" "Within R-squared") fmt(%9s %9s 0 3)) ///
>     label compress title("Table 6. Mechanism analysis: 2006-2024 main sample"
> )
(output written to D:/Workplace/SCS/outputs/tables/table6_mechanism_2006_2024_n
> oER.rtf)

. 
. log close log05_noer
      name:  log05_noer
       log:  D:/Workplace/SCS/outputs/logs/05_mediation_2006_2024_noER.log
  log type:  text
 closed on:  16 May 2026, 04:09:14
-------------------------------------------------------------------------------
