-------------------------------------------------------------------------------
      name:  log05
       log:  D:/Workplace/SCS/outputs/logs/05_mediation.log
  log type:  text
 opened on:  14 Jun 2026, 01:50:32

. 
. use "$DATA", clear

. capture confirm variable SCCD2

. if _rc gen double SCCD2 = SCCD^2

. xtset id year

Panel variable: id (strongly balanced)
 Time variable: year, 2006 to 2024
         Delta: 1 unit

. 
. global BASE_CONTROLS OPEN UR URG GI

. 
. eststo clear

. xtreg OIU SCCD SCCD2 $BASE_CONTROLS i.year, fe vce(cluster id)

Fixed-effects (within) regression               Number of obs     =      5,366
Group variable: id                              Number of groups  =        284

R-squared:                                      Obs per group:
     Within  = 0.6135                                         min =          4
     Between = 0.5646                                         avg =       18.9
     Overall = 0.5735                                         max =         19

                                                F(24, 283)        =      90.95
corr(u_i, Xb) = 0.1699                          Prob > F          =     0.0000

                                   (Std. err. adjusted for 284 clusters in id)
------------------------------------------------------------------------------
             |               Robust
         OIU | Coefficient  std. err.      t    P>|t|     [95% conf. interval]
-------------+----------------------------------------------------------------
        SCCD |   .6257038   .1630168     3.84   0.000     .3048245    .9465831
       SCCD2 |  -.3706261   .2125221    -1.74   0.082    -.7889507    .0476985
        OPEN |   .0039744   .0125317     0.32   0.751    -.0206927    .0286415
          UR |   .0038489   .0004311     8.93   0.000     .0030004    .0046974
         URG |   .0277916   .0064956     4.28   0.000     .0150058    .0405774
          GI |  -.0878348   .0512903    -1.71   0.088    -.1887937     .013124
             |
        year |
       2007  |   .0246564   .0031808     7.75   0.000     .0183954    .0309174
       2008  |   .0172936   .0031578     5.48   0.000     .0110779    .0235093
       2009  |   .0133603   .0046892     2.85   0.005     .0041301    .0225904
       2010  |   .0153313   .0051011     3.01   0.003     .0052904    .0253721
       2011  |   .0225176   .0060195     3.74   0.000      .010669    .0343662
       2012  |    .045607   .0069171     6.59   0.000     .0319915    .0592224
       2013  |   .0600443    .007302     8.22   0.000     .0456712    .0744174
       2014  |   .0724135   .0084417     8.58   0.000      .055797    .0890299
       2015  |    .095169   .0089814    10.60   0.000     .0774902    .1128479
       2016  |   .1067146   .0094844    11.25   0.000     .0880457    .1253835
       2017  |   .1218478   .0102353    11.90   0.000     .1017007    .1419948
       2018  |   .1032462   .0115093     8.97   0.000     .0805914    .1259009
       2019  |   .0845995   .0117541     7.20   0.000     .0614629    .1077361
       2020  |   .0110383   .0081473     1.35   0.177    -.0049986    .0270752
       2021  |   .0086262   .0069996     1.23   0.219    -.0051517    .0224041
       2022  |   .0836331   .0083284    10.04   0.000     .0672397    .1000265
       2023  |   .0878309    .008695    10.10   0.000     .0707158    .1049459
       2024  |   .0920434   .0090668    10.15   0.000     .0741966    .1098903
             |
       _cons |   1.810769   .0427055    42.40   0.000     1.726709     1.89483
-------------+----------------------------------------------------------------
     sigma_u |  .07724986
     sigma_e |  .05763005
         rho |  .64244727   (fraction of variance due to u_i)
------------------------------------------------------------------------------

. eststo m_oiu_full

. xtreg CE SCCD SCCD2 OIU $BASE_CONTROLS i.year, fe vce(cluster id)

Fixed-effects (within) regression               Number of obs     =      5,366
Group variable: id                              Number of groups  =        284

R-squared:                                      Obs per group:
     Within  = 0.6507                                         min =          4
     Between = 0.6599                                         avg =       18.9
     Overall = 0.6540                                         max =         19

                                                F(25, 283)        =      87.74
corr(u_i, Xb) = 0.0974                          Prob > F          =     0.0000

                                   (Std. err. adjusted for 284 clusters in id)
------------------------------------------------------------------------------
             |               Robust
          CE | Coefficient  std. err.      t    P>|t|     [95% conf. interval]
-------------+----------------------------------------------------------------
        SCCD |    7.44473   1.297328     5.74   0.000     4.891093    9.998367
       SCCD2 |  -7.172033   1.486165    -4.83   0.000    -10.09737   -4.246693
         OIU |   1.491005   .3374511     4.42   0.000     .8267721    2.155237
        OPEN |   .2527432   .0785886     3.22   0.001     .0980508    .4074356
          UR |   .0220597   .0039087     5.64   0.000      .014366    .0297534
         URG |  -.1531924    .069061    -2.22   0.027    -.2891307    -.017254
          GI |  -1.933065   .5947679    -3.25   0.001    -3.103795   -.7623346
             |
        year |
       2007  |    .082514    .028595     2.89   0.004     .0262282    .1387999
       2008  |   .1676111   .0332374     5.04   0.000     .1021872     .233035
       2009  |   .2168974   .0378973     5.72   0.000     .1423011    .2914938
       2010  |   .2414017   .0437595     5.52   0.000     .1552663    .3275371
       2011  |   .2434452    .053019     4.59   0.000     .1390835    .3478069
       2012  |   .2384613   .0606898     3.93   0.000     .1190006    .3579221
       2013  |    .112043   .0760679     1.47   0.142    -.0376877    .2617737
       2014  |   .1142424   .0818447     1.40   0.164    -.0468592     .275344
       2015  |   .8499104    .087643     9.70   0.000     .6773956    1.022425
       2016  |   .8813767   .0943811     9.34   0.000     .6955988    1.067155
       2017  |    .903837   .1009963     8.95   0.000     .7050376    1.102636
       2018  |   .8772716    .107277     8.18   0.000     .6661095    1.088434
       2019  |   .8181333   .0992276     8.25   0.000     .6228155    1.013451
       2020  |  -.0936289   .0668267    -1.40   0.162    -.2251693    .0379116
       2021  |   .0043168    .059566     0.07   0.942    -.1129317    .1215654
       2022  |   .5734181   .0795724     7.21   0.000     .4167893    .7300469
       2023  |   .6027187   .0830373     7.26   0.000     .4392697    .7661678
       2024  |   .6323057    .086538     7.31   0.000      .461966    .8026455
             |
       _cons |  -1.300046   .7378408    -1.76   0.079    -2.752399    .1523061
-------------+----------------------------------------------------------------
     sigma_u |  .53993256
     sigma_e |  .51563915
         rho |  .52300227   (fraction of variance due to u_i)
------------------------------------------------------------------------------

. eststo ce_oiu_full

. xtreg GTI SCCD SCCD2 $BASE_CONTROLS i.year, fe vce(cluster id)

Fixed-effects (within) regression               Number of obs     =      5,366
Group variable: id                              Number of groups  =        284

R-squared:                                      Obs per group:
     Within  = 0.8121                                         min =          4
     Between = 0.6979                                         avg =       18.9
     Overall = 0.7245                                         max =         19

                                                F(24, 283)        =     451.17
corr(u_i, Xb) = 0.2414                          Prob > F          =     0.0000

                                   (Std. err. adjusted for 284 clusters in id)
------------------------------------------------------------------------------
             |               Robust
         GTI | Coefficient  std. err.      t    P>|t|     [95% conf. interval]
-------------+----------------------------------------------------------------
        SCCD |   10.48069   1.385826     7.56   0.000      7.75286    13.20853
       SCCD2 |  -5.438209   1.415666    -3.84   0.000     -8.22478   -2.651638
        OPEN |   .2407249   .0938433     2.57   0.011     .0560055    .4254442
          UR |   .0217527   .0047663     4.56   0.000     .0123709    .0311346
         URG |   .0161062   .0667674     0.24   0.810    -.1153176      .14753
          GI |  -1.908394   .3961645    -4.82   0.000    -2.688197   -1.128591
             |
        year |
       2007  |   .2594375    .038852     6.68   0.000     .1829619    .3359132
       2008  |   .5906598   .0417403    14.15   0.000      .508499    .6728207
       2009  |   .8459455   .0492638    17.17   0.000     .7489756    .9429154
       2010  |   .9174896   .0539101    17.02   0.000      .811374    1.023605
       2011  |   1.335191   .0610396    21.87   0.000     1.215042    1.455341
       2012  |   1.297792   .0681187    19.05   0.000     1.163709    1.431876
       2013  |   1.558646   .0738846    21.10   0.000     1.413213    1.704079
       2014  |   1.622345   .0825399    19.66   0.000     1.459875    1.784815
       2015  |   1.655054   .0853648    19.39   0.000     1.487023    1.823084
       2016  |   1.955728   .0897124    21.80   0.000      1.77914    2.132316
       2017  |   1.879458   .0978045    19.22   0.000     1.686941    2.071974
       2018  |   2.183545       .108    20.22   0.000      1.97096     2.39613
       2019  |   2.230387    .107916    20.67   0.000     2.017968    2.442807
       2020  |  -.2645785   .0778752    -3.40   0.001    -.4178666   -.1112905
       2021  |   .0115741   .0742449     0.16   0.876    -.1345683    .1577165
       2022  |   1.532389   .0869801    17.62   0.000     1.361179    1.703599
       2023  |   1.582225   .0908073    17.42   0.000     1.403481    1.760968
       2024  |   1.632278   .0946631    17.24   0.000     1.445945    1.818611
             |
       _cons |  -.8174232   .4232282    -1.93   0.054    -1.650498    .0156515
-------------+----------------------------------------------------------------
     sigma_u |  .79577031
     sigma_e |  .54679532
         rho |  .67928156   (fraction of variance due to u_i)
------------------------------------------------------------------------------

. eststo m_gti_full

. xtreg CE SCCD SCCD2 GTI $BASE_CONTROLS i.year, fe vce(cluster id)

Fixed-effects (within) regression               Number of obs     =      5,366
Group variable: id                              Number of groups  =        284

R-squared:                                      Obs per group:
     Within  = 0.6825                                         min =          4
     Between = 0.7634                                         avg =       18.9
     Overall = 0.7257                                         max =         19

                                                F(25, 283)        =      96.18
corr(u_i, Xb) = 0.0518                          Prob > F          =     0.0000

                                   (Std. err. adjusted for 284 clusters in id)
------------------------------------------------------------------------------
             |               Robust
          CE | Coefficient  std. err.      t    P>|t|     [95% conf. interval]
-------------+----------------------------------------------------------------
        SCCD |    4.97056   1.155937     4.30   0.000     2.695234    7.245885
       SCCD2 |  -5.956768   1.418143    -4.20   0.000    -8.748215    -3.16532
         GTI |   .3250832   .0296486    10.96   0.000     .2667235    .3834429
        OPEN |   .1804134   .0746453     2.42   0.016     .0334829    .3273438
          UR |   .0207269   .0036522     5.68   0.000      .013538    .0279158
         URG |  -.1169908   .0647013    -1.81   0.072    -.2443477     .010366
          GI |   -1.44364   .6486642    -2.23   0.027    -2.720459   -.1668216
             |
        year |
       2007  |   .0349381   .0288063     1.21   0.226    -.0217636    .0916399
       2008  |   .0013824    .036277     0.04   0.970    -.0700247    .0727894
       2009  |   -.038185   .0449079    -0.85   0.396    -.1265809    .0502109
       2010  |  -.0339998   .0527429    -0.64   0.520    -.1378178    .0698183
       2011  |  -.1570293   .0672368    -2.34   0.020    -.2893771   -.0246815
       2012  |  -.1154289   .0706113    -1.63   0.103    -.2544188     .023561
       2013  |  -.3051203   .0888952    -3.43   0.001    -.4800999   -.1301406
       2014  |  -.3051861   .0938376    -3.25   0.001    -.4898942   -.1204779
       2015  |   .4537777   .0968058     4.69   0.000     .2632269    .6443285
       2016  |   .4047144   .1063041     3.81   0.000     .1954673    .6139615
       2017  |   .4745324   .1112855     4.26   0.000     .2554801    .6935848
       2018  |   .3213782   .1243919     2.58   0.010     .0765274    .5662291
       2019  |     .21921   .1167835     1.88   0.062    -.0106646    .4490846
       2020  |   .0088393   .0626087     0.14   0.888    -.1143986    .1320772
       2021  |    .013416   .0542499     0.25   0.805    -.0933684    .1202005
       2022  |   .1999615    .087559     2.28   0.023     .0276121     .372311
       2023  |   .2193202   .0909378     2.41   0.017     .0403199    .3983206
       2024  |   .2389167   .0943464     2.53   0.012      .053207    .4246264
             |
       _cons |    1.66555   .3547819     4.69   0.000     .9672034    2.363896
-------------+----------------------------------------------------------------
     sigma_u |  .44742617
     sigma_e |  .49159522
         rho |  .45306651   (fraction of variance due to u_i)
------------------------------------------------------------------------------

. eststo ce_gti_full

. 
. esttab m_oiu_full ce_oiu_full m_gti_full ce_gti_full using "$TABLES/table06_m
> ediation_full_2006_2024.rtf", replace ///
>     mtitles("OIU" "CE with OIU" "GTI" "CE with GTI") ///
>     b(%9.3f) se(%9.3f) star(* 0.10 ** 0.05 *** 0.01) ///
>     keep(SCCD SCCD2 OIU GTI OPEN UR URG GI _cons) ///
>     order(SCCD SCCD2 OIU GTI OPEN UR URG GI _cons) ///
>     stats(N r2_w, labels("N" "Within R-squared") fmt(0 3)) ///
>     label compress title("Mediation analysis: full sample, 2006-2024")
(output written to D:/Workplace/SCS/outputs/tables/table06_mediation_full_2006_
> 2024.rtf)

. 
. eststo clear

. xtreg OIU SCCD SCCD2 $BASE_CONTROLS i.year if is_fitted == 0, fe vce(cluster 
> id)

Fixed-effects (within) regression               Number of obs     =      4,514
Group variable: id                              Number of groups  =        284

R-squared:                                      Obs per group:
     Within  = 0.6216                                         min =          1
     Between = 0.5652                                         avg =       15.9
     Overall = 0.5738                                         max =         16

                                                F(21, 283)        =     106.38
corr(u_i, Xb) = 0.1886                          Prob > F          =     0.0000

                                   (Std. err. adjusted for 284 clusters in id)
------------------------------------------------------------------------------
             |               Robust
         OIU | Coefficient  std. err.      t    P>|t|     [95% conf. interval]
-------------+----------------------------------------------------------------
        SCCD |   .6465295   .1604769     4.03   0.000     .3306496    .9624094
       SCCD2 |  -.4068504   .2074086    -1.96   0.051    -.8151097     .001409
        OPEN |   .0076408   .0119498     0.64   0.523     -.015881    .0311626
          UR |   .0037498    .000434     8.64   0.000     .0028956     .004604
         URG |    .029483   .0062834     4.69   0.000     .0171148    .0418512
          GI |  -.0925522   .0491126    -1.88   0.061    -.1892245    .0041201
             |
        year |
       2007  |   .0250509   .0031832     7.87   0.000     .0187851    .0313167
       2008  |   .0178557   .0031075     5.75   0.000      .011739    .0239724
       2009  |   .0142009   .0046226     3.07   0.002     .0051019    .0232999
       2010  |   .0164655   .0049998     3.29   0.001     .0066241    .0263069
       2011  |   .0239753   .0058768     4.08   0.000     .0124074    .0355431
       2012  |   .0474225   .0066855     7.09   0.000     .0342629    .0605821
       2013  |   .0620636    .006947     8.93   0.000     .0483893    .0757379
       2014  |   .0748119   .0080003     9.35   0.000     .0590642    .0905597
       2015  |   .0979858    .008546    11.47   0.000      .081164    .1148075
       2016  |   .1094519   .0090032    12.16   0.000     .0917302    .1271737
       2017  |   .1247929   .0096843    12.89   0.000     .1057305    .1438553
       2018  |   .1067023   .0108706     9.82   0.000     .0853049    .1280998
       2019  |   .0881818    .011191     7.88   0.000     .0661536    .1102099
       2020  |   .0106671   .0081953     1.30   0.194    -.0054643    .0267985
       2021  |   .0082819   .0070107     1.18   0.238    -.0055178    .0220816
             |
       _cons |   1.807729   .0410948    43.99   0.000     1.726839     1.88862
-------------+----------------------------------------------------------------
     sigma_u |  .08062397
     sigma_e |  .05797324
         rho |  .65917699   (fraction of variance due to u_i)
------------------------------------------------------------------------------

. eststo m_oiu_obs

. xtreg CE SCCD SCCD2 OIU $BASE_CONTROLS i.year if is_fitted == 0, fe vce(clust
> er id)

Fixed-effects (within) regression               Number of obs     =      4,514
Group variable: id                              Number of groups  =        284

R-squared:                                      Obs per group:
     Within  = 0.6581                                         min =          1
     Between = 0.6489                                         avg =       15.9
     Overall = 0.6501                                         max =         16

                                                F(22, 283)        =      99.51
corr(u_i, Xb) = 0.1657                          Prob > F          =     0.0000

                                   (Std. err. adjusted for 284 clusters in id)
------------------------------------------------------------------------------
             |               Robust
          CE | Coefficient  std. err.      t    P>|t|     [95% conf. interval]
-------------+----------------------------------------------------------------
        SCCD |   7.560966   1.253775     6.03   0.000     5.093057    10.02887
       SCCD2 |  -7.535022   1.503367    -5.01   0.000    -10.49422   -4.575822
         OIU |   1.366152   .3156135     4.33   0.000     .7449039      1.9874
        OPEN |    .265398   .0770126     3.45   0.001     .1138079    .4169881
          UR |   .0198272   .0037054     5.35   0.000     .0125336    .0271209
         URG |  -.1408153   .0657715    -2.14   0.033    -.2702787   -.0113519
          GI |  -1.826499   .5212971    -3.50   0.001    -2.852611   -.8003875
             |
        year |
       2007  |   .0862406   .0278784     3.09   0.002     .0313652     .141116
       2008  |   .1731033    .032506     5.33   0.000     .1091191    .2370875
       2009  |   .2261325   .0369232     6.12   0.000     .1534535    .2988116
       2010  |    .254573   .0418798     6.08   0.000     .1721375    .3370085
       2011  |   .2620409   .0509097     5.15   0.000      .161831    .3622507
       2012  |   .2655733   .0575714     4.61   0.000     .1522509    .3788957
       2013  |   .1432091   .0718056     1.99   0.047     .0018683      .28455
       2014  |    .152999    .077333     1.98   0.049     .0007781      .30522
       2015  |   .8931707   .0845254    10.57   0.000     .7267924    1.059549
       2016  |   .9320077   .0910043    10.24   0.000     .7528765    1.111139
       2017  |   .9593291    .096675     9.92   0.000     .7690358    1.149623
       2018  |   .9405524   .1028884     9.14   0.000     .7380287    1.143076
       2019  |   .8908709   .0961074     9.27   0.000     .7016949    1.080047
       2020  |  -.0997837   .0661866    -1.51   0.133    -.2300641    .0304967
       2021  |    .002541   .0594207     0.04   0.966    -.1144217    .1195037
             |
       _cons |  -.9723489   .6973378    -1.39   0.164    -2.344976    .4002783
-------------+----------------------------------------------------------------
     sigma_u |  .58549123
     sigma_e |  .51501633
         rho |    .563777   (fraction of variance due to u_i)
------------------------------------------------------------------------------

. eststo ce_oiu_obs

. xtreg GTI SCCD SCCD2 $BASE_CONTROLS i.year if is_fitted == 0, fe vce(cluster 
> id)

Fixed-effects (within) regression               Number of obs     =      4,514
Group variable: id                              Number of groups  =        284

R-squared:                                      Obs per group:
     Within  = 0.8263                                         min =          1
     Between = 0.6863                                         avg =       15.9
     Overall = 0.7207                                         max =         16

                                                F(21, 283)        =     518.05
corr(u_i, Xb) = 0.2445                          Prob > F          =     0.0000

                                   (Std. err. adjusted for 284 clusters in id)
------------------------------------------------------------------------------
             |               Robust
         GTI | Coefficient  std. err.      t    P>|t|     [95% conf. interval]
-------------+----------------------------------------------------------------
        SCCD |   10.37945   1.402093     7.40   0.000     7.619599    13.13931
       SCCD2 |  -5.775318   1.468193    -3.93   0.000    -8.665283   -2.885353
        OPEN |   .2235519   .0854412     2.62   0.009     .0553709    .3917329
          UR |   .0210135   .0043599     4.82   0.000     .0124315    .0295956
         URG |   .0275498   .0635921     0.43   0.665    -.0976237    .1527233
          GI |  -2.102389   .4026452    -5.22   0.000    -2.894948   -1.309829
             |
        year |
       2007  |   .2617188   .0381666     6.86   0.000     .1865924    .3368452
       2008  |    .596736   .0410825    14.53   0.000     .5158698    .6776021
       2009  |   .8558133   .0482124    17.75   0.000     .7609128    .9507137
       2010  |   .9328371    .052291    17.84   0.000     .8299085    1.035766
       2011  |   1.355447   .0586405    23.11   0.000      1.24002    1.470874
       2012  |   1.324132   .0646903    20.47   0.000     1.196797    1.451467
       2013  |   1.592611   .0697404    22.84   0.000     1.455335    1.729887
       2014  |   1.662431   .0779358    21.33   0.000     1.509024    1.815839
       2015  |   1.695716   .0808611    20.97   0.000      1.53655    1.854881
       2016  |   2.003583   .0845118    23.71   0.000     1.837231    2.169934
       2017  |   1.933814   .0931396    20.76   0.000     1.750479    2.117148
       2018  |   2.247104   .1016796    22.10   0.000     2.046959    2.447248
       2019  |   2.297644   .1003681    22.89   0.000     2.100081    2.495207
       2020  |  -.2804125   .0768277    -3.65   0.000    -.4316387   -.1291864
       2021  |    .002791   .0736438     0.04   0.970     -.142168    .1477501
             |
       _cons |  -.7249307   .4112392    -1.76   0.079    -1.534406    .0845451
-------------+----------------------------------------------------------------
     sigma_u |  .84787186
     sigma_e |  .54795818
         rho |  .70538225   (fraction of variance due to u_i)
------------------------------------------------------------------------------

. eststo m_gti_obs

. xtreg CE SCCD SCCD2 GTI $BASE_CONTROLS i.year if is_fitted == 0, fe vce(clust
> er id)

Fixed-effects (within) regression               Number of obs     =      4,514
Group variable: id                              Number of groups  =        284

R-squared:                                      Obs per group:
     Within  = 0.6858                                         min =          1
     Between = 0.7502                                         avg =       15.9
     Overall = 0.7221                                         max =         16

                                                F(22, 283)        =     109.14
corr(u_i, Xb) = 0.1423                          Prob > F          =     0.0000

                                   (Std. err. adjusted for 284 clusters in id)
------------------------------------------------------------------------------
             |               Robust
          CE | Coefficient  std. err.      t    P>|t|     [95% conf. interval]
-------------+----------------------------------------------------------------
        SCCD |   5.290171   1.115365     4.74   0.000     3.094706    7.485637
       SCCD2 |  -6.335869   1.417748    -4.47   0.000    -9.126538   -3.545199
         GTI |   .3038746   .0268246    11.33   0.000     .2510735    .3566757
        OPEN |   .2079047   .0710364     2.93   0.004     .0680781    .3477314
          UR |   .0185646   .0034978     5.31   0.000     .0116796    .0254496
         URG |  -.1089087   .0631839    -1.72   0.086    -.2332788    .0154613
          GI |  -1.314077    .551874    -2.38   0.018    -2.400376   -.2277784
             |
        year |
       2007  |   .0409342   .0276486     1.48   0.140    -.0134887    .0953572
       2008  |    .016164   .0343455     0.47   0.638    -.0514411     .083769
       2009  |  -.0145268    .042059    -0.35   0.730    -.0973151    .0682614
       2010  |  -.0063982   .0488664    -0.13   0.896     -.102586    .0897896
       2011  |  -.1170912   .0620652    -1.89   0.060    -.2392592    .0050769
       2012  |  -.0720106   .0646598    -1.11   0.266    -.1992858    .0552647
       2013  |  -.2559567   .0810054    -3.16   0.002    -.4154063    -.096507
       2014  |  -.2499672   .0854935    -2.92   0.004    -.4182511   -.0816833
       2015  |   .5117491   .0895684     5.71   0.000     .3354443    .6880539
       2016  |   .4726977   .0979244     4.83   0.000      .279945    .6654504
       2017  |   .5421782   .1016637     5.33   0.000     .3420653    .7422912
       2018  |   .4034861   .1139822     3.54   0.000     .1791257    .6278465
       2019  |   .3131448   .1087576     2.88   0.004     .0990684    .5272213
       2020  |  -5.70e-07   .0621413    -0.00   1.000    -.1223183    .1223172
       2021  |   .0130072   .0545279     0.24   0.812    -.0943245    .1203389
             |
       _cons |   1.717572   .3254718     5.28   0.000     1.076919    2.358225
-------------+----------------------------------------------------------------
     sigma_u |  .48913513
     sigma_e |  .49374449
         rho |  .49531046   (fraction of variance due to u_i)
------------------------------------------------------------------------------

. eststo ce_gti_obs

. 
. esttab m_oiu_obs ce_oiu_obs m_gti_obs ce_gti_obs using "$TABLES/table06_media
> tion_observed_2006_2021.rtf", replace ///
>     mtitles("OIU" "CE with OIU" "GTI" "CE with GTI") ///
>     b(%9.3f) se(%9.3f) star(* 0.10 ** 0.05 *** 0.01) ///
>     keep(SCCD SCCD2 OIU GTI OPEN UR URG GI _cons) ///
>     order(SCCD SCCD2 OIU GTI OPEN UR URG GI _cons) ///
>     stats(N r2_w, labels("N" "Within R-squared") fmt(0 3)) ///
>     label compress title("Mediation analysis: observed-only sample, 2006-2021
> ")
(output written to D:/Workplace/SCS/outputs/tables/table06_mediation_observed_2
> 006_2021.rtf)

. 
. log close log05
      name:  log05
       log:  D:/Workplace/SCS/outputs/logs/05_mediation.log
  log type:  text
 closed on:  14 Jun 2026, 01:50:33
-------------------------------------------------------------------------------
