-------------------------------------------------------------------------------
      name:  log06_noer
       log:  D:/Workplace/SCS/outputs/logs/06_moderation_2006_2024_noER.log
  log type:  text
 opened on:  16 May 2026, 04:09:14

. 
. use "$DATA", clear

. keep if inrange(year, 2006, 2024)
(0 observations deleted)

. 
. gen double lnCE = CE

. label variable lnCE "Log carbon emissions"

. 
. capture confirm variable SCCD2

. if _rc gen double SCCD2 = SCCD^2

. gen double SCCD_DEI = SCCD * DEI

. gen double SCCD2_DEI = SCCD2 * DEI

. gen double SCCD_POLY = SCCD * POLY

. gen double SCCD2_POLY = SCCD2 * POLY

. xtset id year

Panel variable: id (strongly balanced)
 Time variable: year, 2006 to 2024
         Delta: 1 unit

. 
. global BASE_CONTROLS OPEN UR URG GI

. 
. eststo clear

. xtreg lnCE SCCD SCCD2 DEI SCCD_DEI SCCD2_DEI $BASE_CONTROLS i.year, fe vce(cl
> uster id)

Fixed-effects (within) regression               Number of obs     =      5,366
Group variable: id                              Number of groups  =        284

R-squared:                                      Obs per group:
     Within  = 0.6431                                         min =          4
     Between = 0.6402                                         avg =       18.9
     Overall = 0.6361                                         max =         19

                                                F(27, 283)        =      84.45
corr(u_i, Xb) = 0.1324                          Prob > F          =     0.0000

                                   (Std. err. adjusted for 284 clusters in id)
------------------------------------------------------------------------------
             |               Robust
        lnCE | Coefficient  std. err.      t    P>|t|     [95% conf. interval]
-------------+----------------------------------------------------------------
        SCCD |   8.828553   1.289243     6.85   0.000      6.29083    11.36628
       SCCD2 |  -7.714295    1.47309    -5.24   0.000     -10.6139   -4.814691
         DEI |   4.600847   2.079751     2.21   0.028     .5071035     8.69459
    SCCD_DEI |  -22.37686   7.346277    -3.05   0.003    -36.83714   -7.916579
   SCCD2_DEI |    21.6438   6.145425     3.52   0.000     9.547256    33.74034
        OPEN |   .2348817   .0868454     2.70   0.007     .0639368    .4058266
          UR |   .0275069   .0040241     6.84   0.000     .0195861    .0354278
         URG |  -.0997919   .0697439    -1.43   0.154    -.2370745    .0374907
          GI |  -2.118983   .6223213    -3.40   0.001    -3.343949   -.8940166
             |
        year |
       2007  |   .1220078   .0296495     4.12   0.000     .0636463    .1803693
       2008  |   .1980098   .0340163     5.82   0.000     .1310527    .2649669
       2009  |   .2410587   .0389659     6.19   0.000      .164359    .3177584
       2010  |    .266453   .0462303     5.76   0.000     .1754541     .357452
       2011  |   .2968213   .0726571     4.09   0.000     .1538043    .4398383
       2012  |   .3273476   .0750603     4.36   0.000     .1796003    .4750949
       2013  |   .2294248   .0886501     2.59   0.010     .0549274    .4039221
       2014  |   .2483675   .0931443     2.67   0.008     .0650239    .4317112
       2015  |   1.022635   .0959457    10.66   0.000     .8337768    1.211492
       2016  |   1.058252   .0970773    10.90   0.000     .8671663    1.249337
       2017  |   1.121539   .1084858    10.34   0.000     .9079974     1.33508
       2018  |   1.063182   .1151267     9.23   0.000     .8365681    1.289795
       2019  |   .9647161    .104648     9.22   0.000     .7587289    1.170703
       2020  |  -.0662115   .0695747    -0.95   0.342    -.2031611    .0707381
       2021  |   .0217152   .0616273     0.35   0.725    -.0995908    .1430212
       2022  |   .7240813   .0870105     8.32   0.000     .5528114    .8953512
       2023  |   .7614224   .0905808     8.41   0.000     .5831247    .9397201
       2024  |   .7990908   .0941813     8.48   0.000      .613706    .9844755
             |
       _cons |   1.267303   .4039462     3.14   0.002     .4721821    2.062423
-------------+----------------------------------------------------------------
     sigma_u |  .56146488
     sigma_e |  .52132098
         rho |  .53702375   (fraction of variance due to u_i)
------------------------------------------------------------------------------

. estadd local cityfe "Yes"

added macro:
             e(cityfe) : "Yes"

. estadd local yearfe "Yes"

added macro:
             e(yearfe) : "Yes"

. eststo mod_dei_noer

. 
. quietly summarize DEI if e(sample), detail

. local dei_low = r(p25)

. local dei_mean = r(mean)

. local dei_high = r(p75)

. quietly summarize SCCD if e(sample), detail

. local sccd_mean = r(mean)

. local sccd_min = r(min)

. local sccd_max = r(max)

. 
. file open ctp using "$TABLES/dei_conditional_turning_points_2006_2024_noER.cs
> v", write replace

. file write ctp "dei_level,dei_value,effective_linear,effective_quadratic,turn
> ing_point,tp_se,tp_p,tp_ci_lower,tp_ci_upper,marginal_effect_at_mean_sccd,me_
> se,me_p,me_ci_lower,me_ci_upper,notes" _n

. 
. foreach level in low mean high {
  2.     local d = `dei_`level''
  3.     scalar eff_linear = _b[SCCD] + _b[SCCD_DEI] * `d'
  4.     scalar eff_quadratic = _b[SCCD2] + _b[SCCD2_DEI] * `d'
  5.     nlcom ///
>         (turning_point: -(_b[SCCD] + _b[SCCD_DEI] * `d') / (2 * (_b[SCCD2] + 
> _b[SCCD2_DEI] * `d'))) ///
>         (marginal_effect_at_mean_sccd: _b[SCCD] + _b[SCCD_DEI] * `d' + 2 * `s
> ccd_mean' * (_b[SCCD2] + _b[SCCD2_DEI] * `d'))
  6.     matrix C = r(table)
  7.     scalar tp_b = C[1,1]
  8.     scalar tp_se = C[2,1]
  9.     scalar tp_p = C[4,1]
 10.     scalar tp_lb = C[5,1]
 11.     scalar tp_ub = C[6,1]
 12.     scalar me_b = C[1,2]
 13.     scalar me_se = C[2,2]
 14.     scalar me_p = C[4,2]
 15.     scalar me_lb = C[5,2]
 16.     scalar me_ub = C[6,2]
 17.     file write ctp "`level'," %9.6f (`d') "," %9.6f (eff_linear) "," %9.6f
>  (eff_quadratic) "," %9.6f (tp_b) "," %9.6f (tp_se) "," %9.6f (tp_p) "," %9.6
> f (tp_lb) "," %9.6f (tp_ub) "," %9.6f (me_b) "," %9.6f (me_se) "," %9.6f (me_
> p) "," %9.6f (me_lb) "," %9.6f (me_ub) ",DEI low=p25 mean=mean high=p75; SCCD
>  mean=" %9.6f (`sccd_mean') _n
 18. }

turning_po~t: -(_b[SCCD] + _b[SCCD_DEI] * .0102396002039313) / (2 * (_b[SCCD2] 
> + _b[SCCD2_DEI] * .0102396002039313))
marginal_e~d: _b[SCCD] + _b[SCCD_DEI] * .0102396002039313 + 2 * .31744862177752
> 53 * (_b[SCCD2] + _b[SCCD2_DEI] * .0102396002039313)

------------------------------------------------------------------------------
        lnCE | Coefficient  Std. err.      z    P>|z|     [95% conf. interval]
-------------+----------------------------------------------------------------
turning_po~t |   .5738556   .0524284    10.95   0.000     .4710979    .6766133
marginal_e~d |   3.842347   .6024999     6.38   0.000     2.661469    5.023225
------------------------------------------------------------------------------

turning_po~t: -(_b[SCCD] + _b[SCCD_DEI] * .0587024994669433) / (2 * (_b[SCCD2] 
> + _b[SCCD2_DEI] * .0587024994669433))
marginal_e~d: _b[SCCD] + _b[SCCD_DEI] * .0587024994669433 + 2 * .31744862177752
> 53 * (_b[SCCD2] + _b[SCCD2_DEI] * .0587024994669433)

------------------------------------------------------------------------------
        lnCE | Coefficient  Std. err.      z    P>|z|     [95% conf. interval]
-------------+----------------------------------------------------------------
turning_po~t |   .5831213   .0600659     9.71   0.000     .4653943    .7008483
marginal_e~d |   3.423857   .5490943     6.24   0.000     2.347652    4.500062
------------------------------------------------------------------------------

turning_po~t: -(_b[SCCD] + _b[SCCD_DEI] * .0744075551629066) / (2 * (_b[SCCD2] 
> + _b[SCCD2_DEI] * .0744075551629066))
marginal_e~d: _b[SCCD] + _b[SCCD_DEI] * .0744075551629066 + 2 * .31744862177752
> 53 * (_b[SCCD2] + _b[SCCD2_DEI] * .0744075551629066)

------------------------------------------------------------------------------
        lnCE | Coefficient  Std. err.      z    P>|z|     [95% conf. interval]
-------------+----------------------------------------------------------------
turning_po~t |   .5868072   .0632955     9.27   0.000     .4627504     .710864
marginal_e~d |   3.288239   .5425935     6.06   0.000     2.224775    4.351703
------------------------------------------------------------------------------

. file close ctp

. 
. file open ctp_txt using "$TABLES/dei_conditional_turning_points_2006_2024_noE
> R.txt", write replace

. file write ctp_txt "DEI conditional turning points and marginal effects" _n

. file write ctp_txt "DEI low/mean/high are p25, mean, and p75 among e(sample).
> " _n

. file write ctp_txt "SCCD range among e(sample): [" %9.6f (`sccd_min') ", " %9
> .6f (`sccd_max') "]; SCCD mean = " %9.6f (`sccd_mean') _n

. file write ctp_txt "See CSV for nlcom standard errors and confidence interval
> s." _n

. file close ctp_txt

. 
. xtreg lnCE SCCD SCCD2 POLY SCCD_POLY SCCD2_POLY $BASE_CONTROLS i.year, fe vce
> (cluster id)

Fixed-effects (within) regression               Number of obs     =      5,366
Group variable: id                              Number of groups  =        284

R-squared:                                      Obs per group:
     Within  = 0.6439                                         min =          4
     Between = 0.6323                                         avg =       18.9
     Overall = 0.6346                                         max =         19

                                                F(27, 283)        =      84.64
corr(u_i, Xb) = 0.1057                          Prob > F          =     0.0000

                                   (Std. err. adjusted for 284 clusters in id)
------------------------------------------------------------------------------
             |               Robust
        lnCE | Coefficient  std. err.      t    P>|t|     [95% conf. interval]
-------------+----------------------------------------------------------------
        SCCD |   7.769654   2.188173     3.55   0.000     3.462494    12.07681
       SCCD2 |  -8.223009   2.660659    -3.09   0.002     -13.4602   -2.985816
        POLY |  -1.179417   .9703805    -1.22   0.225    -3.089496    .7306624
   SCCD_POLY |   3.213252    4.84824     0.66   0.508    -6.329935    12.75644
  SCCD2_POLY |  -.1855223   5.504968    -0.03   0.973     -11.0214    10.65036
        OPEN |    .259668   .0839234     3.09   0.002     .0944747    .4248614
          UR |   .0271503   .0040615     6.68   0.000     .0191558    .0351449
         URG |  -.0997267   .0700185    -1.42   0.155    -.2375499    .0380965
          GI |  -2.049013   .6063911    -3.38   0.001    -3.242623    -.855404
             |
        year |
       2007  |   .1226142   .0294109     4.17   0.000     .0647224     .180506
       2008  |   .2080793    .034748     5.99   0.000      .139682    .2764766
       2009  |   .2496724   .0396762     6.29   0.000     .1715744    .3277704
       2010  |   .2732206   .0462165     5.91   0.000     .1822488    .3641924
       2011  |   .2877386   .0561519     5.12   0.000     .1772102     .398267
       2012  |   .3180681   .0639423     4.97   0.000     .1922052    .4439309
       2013  |   .2130086   .0781564     2.73   0.007     .0591669    .3668504
       2014  |   .2334975    .083943     2.78   0.006     .0682657    .3987293
       2015  |   1.002199   .0865001    11.59   0.000      .831934    1.172465
       2016  |   1.049376   .0921168    11.39   0.000     .8680551    1.230697
       2017  |   1.092404   .0972144    11.24   0.000     .9010493    1.283759
       2018  |    1.04186   .1067506     9.76   0.000     .8317346    1.251986
       2019  |   .9576943   .0981616     9.76   0.000     .7644749    1.150914
       2020  |  -.0733496   .0699585    -1.05   0.295    -.2110546    .0643555
       2021  |   .0196834   .0624585     0.32   0.753    -.1032587    .1426255
       2022  |   .7060884   .0781555     9.03   0.000     .5522486    .8599282
       2023  |   .7417164   .0814166     9.11   0.000     .5814575    .9019754
       2024  |   .7776713   .0847185     9.18   0.000     .6109129    .9444298
             |
       _cons |   1.698758   .5137459     3.31   0.001     .6875101    2.710006
-------------+----------------------------------------------------------------
     sigma_u |  .56277403
     sigma_e |  .52071598
         rho |   .5387588   (fraction of variance due to u_i)
------------------------------------------------------------------------------

. estadd local cityfe "Yes"

added macro:
             e(cityfe) : "Yes"

. estadd local yearfe "Yes"

added macro:
             e(yearfe) : "Yes"

. eststo mod_poly_noer

. 
. esttab mod_dei_noer mod_poly_noer using "$TABLES/table7_moderation_2006_2024_
> noER.rtf", replace ///
>     mtitles("DEI moderator" "POLY supplementary check") ///
>     b(%9.3f) se(%9.3f) star(* 0.10 ** 0.05 *** 0.01) ///
>     keep(SCCD SCCD2 DEI SCCD_DEI SCCD2_DEI POLY SCCD_POLY SCCD2_POLY OPEN UR 
> URG GI _cons) ///
>     order(SCCD SCCD2 DEI SCCD_DEI SCCD2_DEI POLY SCCD_POLY SCCD2_POLY OPEN UR
>  URG GI _cons) ///
>     coeflabels(SCCD_DEI "SCCD x DEI" SCCD2_DEI "SCCD2 x DEI" SCCD_POLY "SCCD 
> x POLY" SCCD2_POLY "SCCD2 x POLY") ///
>     stats(cityfe yearfe N r2_w, labels("City fixed effects" "Year fixed effec
> ts" "N" "Within R-squared") fmt(%9s %9s 0 3)) ///
>     label compress title("Table 7. Moderation and supplementary interaction c
> hecks: 2006-2024 main sample")
(output written to D:/Workplace/SCS/outputs/tables/table7_moderation_2006_2024_
> noER.rtf)

. 
. log close log06_noer
      name:  log06_noer
       log:  D:/Workplace/SCS/outputs/logs/06_moderation_2006_2024_noER.log
  log type:  text
 closed on:  16 May 2026, 04:09:15
-------------------------------------------------------------------------------
