-------------------------------------------------------------------------------
      name:  log06
       log:  D:/Workplace/SCS/outputs/logs/06_moderation.log
  log type:  text
 opened on:  15 May 2026, 00:28:48

. 
. use "$DATA", clear

. capture confirm variable SCCD2

. if _rc gen double SCCD2 = SCCD^2

. xtset id year

Panel variable: id (strongly balanced)
 Time variable: year, 2006 to 2024
         Delta: 1 unit

. 
. global BASE_CONTROLS OPEN UR URG GI

. 
. eststo clear

. xtreg CE c.SCCD##c.ER c.SCCD2##c.ER $BASE_CONTROLS i.year, fe vce(cluster id)
note: ER omitted because of collinearity.

Fixed-effects (within) regression               Number of obs     =      5,366
Group variable: id                              Number of groups  =        284

R-squared:                                      Obs per group:
     Within  = 0.6421                                         min =          4
     Between = 0.6315                                         avg =       18.9
     Overall = 0.6330                                         max =         19

                                                F(27, 283)        =      81.12
corr(u_i, Xb) = 0.1109                          Prob > F          =     0.0000

                                   (Std. err. adjusted for 284 clusters in id)
------------------------------------------------------------------------------
             |               Robust
          CE | Coefficient  std. err.      t    P>|t|     [95% conf. interval]
-------------+----------------------------------------------------------------
        SCCD |    9.56944   1.995157     4.80   0.000     5.642209    13.49667
          ER |   33.86372   45.90767     0.74   0.461    -56.50011    124.2276
             |
 c.SCCD#c.ER |  -158.7945   230.8854    -0.69   0.492    -613.2651    295.6762
             |
       SCCD2 |  -9.753212   2.463435    -3.96   0.000    -14.60219   -4.904231
          ER |          0  (omitted)
             |
c.SCCD2#c.ER |    260.988   277.8162     0.94   0.348    -285.8604    807.8364
             |
        OPEN |   .2581901   .0848647     3.04   0.003      .091144    .4252362
          UR |    .027532   .0040467     6.80   0.000     .0195665    .0354974
         URG |  -.1082644   .0695816    -1.56   0.121    -.2452276    .0286987
          GI |  -2.068126   .6080658    -3.40   0.001    -3.265032   -.8712201
             |
        year |
       2007  |   .1328317   .0317757     4.18   0.000     .0702851    .1953784
       2008  |    .207369   .0356877     5.81   0.000      .137122     .277616
       2009  |   .2415516   .0390058     6.19   0.000     .1647733    .3183299
       2010  |   .2763324   .0466897     5.92   0.000     .1844292    .3682356
       2011  |   .2800409      .0557     5.03   0.000     .1704019    .3896798
       2012  |   .3006746   .0625541     4.81   0.000     .1775443    .4238049
       2013  |   .1977412    .076957     2.57   0.011     .0462605    .3492219
       2014  |   .2038841   .0834001     2.44   0.015     .0397209    .3680474
       2015  |   .9801443   .0846944    11.57   0.000     .8134334    1.146855
       2016  |   1.021261   .0903845    11.30   0.000     .8433503    1.199173
       2017  |   1.082817   .0966109    11.21   0.000     .8926493    1.272984
       2018  |   1.041172   .1072373     9.71   0.000     .8300878    1.252256
       2019  |   .9382298   .0987058     9.51   0.000      .743939    1.132521
       2020  |  -.0551468   .0719261    -0.77   0.444    -.1967248    .0864312
       2021  |   .0301555   .0635903     0.47   0.636    -.0950145    .1553255
       2022  |   .6980503    .077916     8.96   0.000     .5446819    .8514187
       2023  |    .733427   .0811851     9.03   0.000     .5736237    .8932303
       2024  |   .7691011   .0844903     9.10   0.000     .6027919    .9354103
             |
       _cons |   1.157432    .497778     2.33   0.021     .1776147    2.137249
-------------+----------------------------------------------------------------
     sigma_u |  .56403549
     sigma_e |  .52209621
         rho |  .53855595   (fraction of variance due to u_i)
------------------------------------------------------------------------------

. eststo mod_er_full

. xtreg CE c.SCCD##c.DEI c.SCCD2##c.DEI $BASE_CONTROLS i.year, fe vce(cluster i
> d)
note: DEI omitted because of collinearity.

Fixed-effects (within) regression               Number of obs     =      5,366
Group variable: id                              Number of groups  =        284

R-squared:                                      Obs per group:
     Within  = 0.6431                                         min =          4
     Between = 0.6402                                         avg =       18.9
     Overall = 0.6361                                         max =         19

                                                F(27, 283)        =      84.45
corr(u_i, Xb) = 0.1324                          Prob > F          =     0.0000

                                   (Std. err. adjusted for 284 clusters in id)
------------------------------------------------------------------------------
             |               Robust
          CE | Coefficient  std. err.      t    P>|t|     [95% conf. interval]
-------------+----------------------------------------------------------------
        SCCD |   8.828553   1.289243     6.85   0.000      6.29083    11.36628
         DEI |   4.600847   2.079751     2.21   0.028     .5071035     8.69459
             |
c.SCCD#c.DEI |  -22.37686   7.346277    -3.05   0.003    -36.83714   -7.916579
             |
       SCCD2 |  -7.714295    1.47309    -5.24   0.000     -10.6139   -4.814691
         DEI |          0  (omitted)
             |
     c.SCCD2#|
       c.DEI |    21.6438   6.145425     3.52   0.000     9.547256    33.74034
             |
        OPEN |   .2348817   .0868454     2.70   0.007     .0639368    .4058266
          UR |   .0275069   .0040241     6.84   0.000     .0195861    .0354278
         URG |  -.0997919   .0697439    -1.43   0.154    -.2370745    .0374907
          GI |  -2.118983   .6223213    -3.40   0.001    -3.343949   -.8940166
             |
        year |
       2007  |   .1220078   .0296495     4.12   0.000     .0636463    .1803693
       2008  |   .1980098   .0340163     5.82   0.000     .1310527    .2649669
       2009  |   .2410587   .0389659     6.19   0.000      .164359    .3177584
       2010  |    .266453   .0462303     5.76   0.000     .1754541     .357452
       2011  |   .2968213   .0726571     4.09   0.000     .1538043    .4398383
       2012  |   .3273476   .0750603     4.36   0.000     .1796003    .4750949
       2013  |   .2294248   .0886501     2.59   0.010     .0549274    .4039221
       2014  |   .2483675   .0931443     2.67   0.008     .0650239    .4317112
       2015  |   1.022635   .0959457    10.66   0.000     .8337768    1.211492
       2016  |   1.058252   .0970773    10.90   0.000     .8671663    1.249337
       2017  |   1.121539   .1084858    10.34   0.000     .9079974     1.33508
       2018  |   1.063182   .1151267     9.23   0.000     .8365681    1.289795
       2019  |   .9647161    .104648     9.22   0.000     .7587289    1.170703
       2020  |  -.0662115   .0695747    -0.95   0.342    -.2031611    .0707381
       2021  |   .0217152   .0616273     0.35   0.725    -.0995908    .1430212
       2022  |   .7240813   .0870105     8.32   0.000     .5528114    .8953512
       2023  |   .7614224   .0905808     8.41   0.000     .5831247    .9397201
       2024  |   .7990908   .0941813     8.48   0.000      .613706    .9844755
             |
       _cons |   1.267303   .4039462     3.14   0.002     .4721821    2.062423
-------------+----------------------------------------------------------------
     sigma_u |  .56146488
     sigma_e |  .52132098
         rho |  .53702375   (fraction of variance due to u_i)
------------------------------------------------------------------------------

. eststo mod_dei_full

. xtreg CE c.SCCD##c.POLY c.SCCD2##c.POLY $BASE_CONTROLS i.year, fe vce(cluster
>  id)
note: POLY omitted because of collinearity.

Fixed-effects (within) regression               Number of obs     =      5,366
Group variable: id                              Number of groups  =        284

R-squared:                                      Obs per group:
     Within  = 0.6439                                         min =          4
     Between = 0.6323                                         avg =       18.9
     Overall = 0.6346                                         max =         19

                                                F(27, 283)        =      84.64
corr(u_i, Xb) = 0.1057                          Prob > F          =     0.0000

                                   (Std. err. adjusted for 284 clusters in id)
------------------------------------------------------------------------------
             |               Robust
          CE | Coefficient  std. err.      t    P>|t|     [95% conf. interval]
-------------+----------------------------------------------------------------
        SCCD |   7.769654   2.188173     3.55   0.000     3.462494    12.07681
        POLY |  -1.179417   .9703805    -1.22   0.225    -3.089496    .7306624
             |
      c.SCCD#|
      c.POLY |   3.213252    4.84824     0.66   0.508    -6.329935    12.75644
             |
       SCCD2 |  -8.223009   2.660659    -3.09   0.002     -13.4602   -2.985816
        POLY |          0  (omitted)
             |
     c.SCCD2#|
      c.POLY |  -.1855223   5.504968    -0.03   0.973     -11.0214    10.65036
             |
        OPEN |    .259668   .0839234     3.09   0.002     .0944747    .4248614
          UR |   .0271503   .0040615     6.68   0.000     .0191558    .0351449
         URG |  -.0997267   .0700185    -1.42   0.155    -.2375499    .0380965
          GI |  -2.049013   .6063911    -3.38   0.001    -3.242623    -.855404
             |
        year |
       2007  |   .1226142   .0294109     4.17   0.000     .0647224     .180506
       2008  |   .2080793    .034748     5.99   0.000      .139682    .2764766
       2009  |   .2496724   .0396762     6.29   0.000     .1715744    .3277704
       2010  |   .2732206   .0462165     5.91   0.000     .1822488    .3641924
       2011  |   .2877386   .0561519     5.12   0.000     .1772102     .398267
       2012  |   .3180681   .0639423     4.97   0.000     .1922052    .4439309
       2013  |   .2130086   .0781564     2.73   0.007     .0591669    .3668504
       2014  |   .2334975    .083943     2.78   0.006     .0682657    .3987293
       2015  |   1.002199   .0865001    11.59   0.000      .831934    1.172465
       2016  |   1.049376   .0921168    11.39   0.000     .8680551    1.230697
       2017  |   1.092404   .0972144    11.24   0.000     .9010493    1.283759
       2018  |    1.04186   .1067506     9.76   0.000     .8317346    1.251986
       2019  |   .9576943   .0981616     9.76   0.000     .7644749    1.150914
       2020  |  -.0733496   .0699585    -1.05   0.295    -.2110546    .0643555
       2021  |   .0196834   .0624585     0.32   0.753    -.1032587    .1426255
       2022  |   .7060884   .0781555     9.03   0.000     .5522486    .8599282
       2023  |   .7417164   .0814166     9.11   0.000     .5814575    .9019754
       2024  |   .7776713   .0847185     9.18   0.000     .6109129    .9444298
             |
       _cons |   1.698758   .5137459     3.31   0.001     .6875101    2.710006
-------------+----------------------------------------------------------------
     sigma_u |  .56277403
     sigma_e |  .52071598
         rho |   .5387588   (fraction of variance due to u_i)
------------------------------------------------------------------------------

. eststo mod_poly_full

. 
. esttab mod_er_full mod_dei_full mod_poly_full using "$TABLES/table07_moderati
> on_full_2006_2024.rtf", replace ///
>     mtitles("ER" "DEI" "POLY") ///
>     b(%9.3f) se(%9.3f) star(* 0.10 ** 0.05 *** 0.01) ///
>     drop(*.year) ///
>     stats(N r2_w, labels("N" "Within R-squared") fmt(0 3)) ///
>     label compress title("Moderation analysis: full sample, 2006-2024")
(output written to D:/Workplace/SCS/outputs/tables/table07_moderation_full_2006
> _2024.rtf)

. 
. eststo clear

. xtreg CE c.SCCD##c.ER c.SCCD2##c.ER $BASE_CONTROLS i.year if is_fitted == 0, 
> fe vce(cluster id)
note: ER omitted because of collinearity.

Fixed-effects (within) regression               Number of obs     =      4,514
Group variable: id                              Number of groups  =        284

R-squared:                                      Obs per group:
     Within  = 0.6508                                         min =          1
     Between = 0.6165                                         avg =       15.9
     Overall = 0.6273                                         max =         16

                                                F(24, 283)        =      91.53
corr(u_i, Xb) = 0.1694                          Prob > F          =     0.0000

                                   (Std. err. adjusted for 284 clusters in id)
------------------------------------------------------------------------------
             |               Robust
          CE | Coefficient  std. err.      t    P>|t|     [95% conf. interval]
-------------+----------------------------------------------------------------
        SCCD |   10.93104   1.990607     5.49   0.000      7.01276    14.84931
          ER |   61.64274   46.31501     1.33   0.184    -29.52289    152.8084
             |
 c.SCCD#c.ER |  -325.7881   228.1117    -1.43   0.154     -774.799    123.2229
             |
       SCCD2 |  -11.67487   2.434656    -4.80   0.000    -16.46721    -6.88254
          ER |          0  (omitted)
             |
c.SCCD2#c.ER |    455.053   266.4932     1.71   0.089    -69.50745    979.6135
             |
        OPEN |   .2775116    .082021     3.38   0.001     .1160629    .4389603
          UR |   .0247409   .0038779     6.38   0.000     .0171076    .0323741
         URG |   -.096623   .0667945    -1.45   0.149       -.2281    .0348541
          GI |  -1.961782   .5360463    -3.66   0.000    -3.016926   -.9066381
             |
        year |
       2007  |   .1301633   .0301366     4.32   0.000     .0708429    .1894837
       2008  |   .2084589   .0341993     6.10   0.000     .1411416    .2757761
       2009  |   .2481136   .0377435     6.57   0.000       .17382    .3224072
       2010  |    .285789   .0440254     6.49   0.000     .1991302    .3724479
       2011  |   .2981394   .0529961     5.63   0.000     .1938228     .402456
       2012  |   .3282418   .0590655     5.56   0.000     .2119783    .4445054
       2013  |   .2269694   .0722309     3.14   0.002     .0847914    .3691473
       2014  |   .2469922   .0780348     3.17   0.002     .0933899    .4005945
       2015  |   1.022833   .0806531    12.68   0.000     .8640769    1.181589
       2016  |   1.074195   .0860293    12.49   0.000     .9048568    1.243534
       2017  |   1.133636   .0910771    12.45   0.000     .9543612     1.31291
       2018  |   1.098298   .1011829    10.85   0.000     .8991317    1.297465
       2019  |    1.01664   .0940312    10.81   0.000     .8315505    1.201729
       2020  |  -.0655543   .0717821    -0.91   0.362     -.206849    .0757403
       2021  |   .0248401     .06351     0.39   0.696    -.1001718    .1498521
             |
       _cons |    1.03989   .4858813     2.14   0.033     .0834903     1.99629
-------------+----------------------------------------------------------------
     sigma_u |  .61372439
     sigma_e |  .52062771
         rho |  .58152127   (fraction of variance due to u_i)
------------------------------------------------------------------------------

. eststo mod_er_obs

. xtreg CE c.SCCD##c.DEI c.SCCD2##c.DEI $BASE_CONTROLS i.year if is_fitted == 0
> , fe vce(cluster id)
note: DEI omitted because of collinearity.

Fixed-effects (within) regression               Number of obs     =      4,514
Group variable: id                              Number of groups  =        284

R-squared:                                      Obs per group:
     Within  = 0.6521                                         min =          1
     Between = 0.6254                                         avg =       15.9
     Overall = 0.6316                                         max =         16

                                                F(24, 283)        =      95.45
corr(u_i, Xb) = 0.1808                          Prob > F          =     0.0000

                                   (Std. err. adjusted for 284 clusters in id)
------------------------------------------------------------------------------
             |               Robust
          CE | Coefficient  std. err.      t    P>|t|     [95% conf. interval]
-------------+----------------------------------------------------------------
        SCCD |   8.869165   1.197971     7.40   0.000     6.511102    11.22723
         DEI |   5.874133   2.225523     2.64   0.009     1.493453    10.25481
             |
c.SCCD#c.DEI |  -25.91319   7.935639    -3.27   0.001    -41.53356   -10.29282
             |
       SCCD2 |  -7.976924   1.423302    -5.60   0.000    -10.77853   -5.175322
         DEI |          0  (omitted)
             |
     c.SCCD2#|
       c.DEI |   24.17338   6.665149     3.63   0.000     11.05382    37.29294
             |
        OPEN |    .263425   .0829404     3.18   0.002     .1001667    .4266833
          UR |   .0245273   .0038411     6.39   0.000     .0169665    .0320881
         URG |  -.0895793   .0667506    -1.34   0.181      -.22097    .0418114
          GI |  -2.007667   .5440436    -3.69   0.000    -3.078553   -.9367815
             |
        year |
       2007  |   .1238932   .0286726     4.32   0.000     .0674545    .1803319
       2008  |   .2024753   .0330827     6.12   0.000      .137356    .2675947
       2009  |   .2500883   .0377412     6.63   0.000     .1757993    .3243774
       2010  |   .2762771   .0441564     6.26   0.000     .1893604    .3631937
       2011  |   .2836158   .0719653     3.94   0.000     .1419607     .425271
       2012  |   .3241073   .0732773     4.42   0.000     .1798696     .468345
       2013  |   .2299858   .0853417     2.69   0.007     .0620007    .3979708
       2014  |   .2578607   .0895008     2.88   0.004     .0816889    .4340326
       2015  |   1.032642   .0931221    11.09   0.000     .8493426    1.215942
       2016  |   1.081081   .0934476    11.57   0.000     .8971405    1.265022
       2017  |   1.140203   .1042199    10.94   0.000     .9350589    1.345348
       2018  |   1.097241   .1103702     9.94   0.000     .8799906    1.314492
       2019  |    1.01559   .1009351    10.06   0.000     .8169112    1.214269
       2020  |  -.0696672    .069512    -1.00   0.317    -.2064933     .067159
       2021  |   .0223692   .0617607     0.36   0.717    -.0991995    .1439379
             |
       _cons |   1.363873   .3699944     3.69   0.000     .6355825    2.092163
-------------+----------------------------------------------------------------
     sigma_u |  .60961592
     sigma_e |  .51969417
         rho |  .57912373   (fraction of variance due to u_i)
------------------------------------------------------------------------------

. eststo mod_dei_obs

. xtreg CE c.SCCD##c.POLY c.SCCD2##c.POLY $BASE_CONTROLS i.year if is_fitted ==
>  0, fe vce(cluster id)
note: POLY omitted because of collinearity.

Fixed-effects (within) regression               Number of obs     =      4,514
Group variable: id                              Number of groups  =        284

R-squared:                                      Obs per group:
     Within  = 0.6526                                         min =          1
     Between = 0.6207                                         avg =       15.9
     Overall = 0.6306                                         max =         16

                                                F(24, 283)        =      95.96
corr(u_i, Xb) = 0.1691                          Prob > F          =     0.0000

                                   (Std. err. adjusted for 284 clusters in id)
------------------------------------------------------------------------------
             |               Robust
          CE | Coefficient  std. err.      t    P>|t|     [95% conf. interval]
-------------+----------------------------------------------------------------
        SCCD |   7.925006   2.146434     3.69   0.000     3.700005    12.15001
        POLY |  -1.042828   .9413454    -1.11   0.269    -2.895755    .8100997
             |
      c.SCCD#|
      c.POLY |   2.842087    4.78184     0.59   0.553    -6.570401    12.25457
             |
       SCCD2 |  -8.677608   2.659852    -3.26   0.001    -13.91321   -3.442003
        POLY |          0  (omitted)
             |
     c.SCCD2#|
      c.POLY |   .1593194   5.484888     0.03   0.977    -10.63703    10.95567
             |
        OPEN |   .2770523   .0822355     3.37   0.001     .1151815    .4389231
          UR |   .0243502   .0039067     6.23   0.000     .0166604      .03204
         URG |  -.0897448   .0668478    -1.34   0.181    -.2213268    .0418371
          GI |  -1.954006   .5323535    -3.67   0.000    -3.001881   -.9061313
             |
        year |
       2007  |   .1237425   .0283964     4.36   0.000     .0678475    .1796374
       2008  |   .2102664    .033496     6.28   0.000     .1443334    .2761994
       2009  |   .2567725   .0381821     6.72   0.000     .1816156    .3319295
       2010  |   .2848233   .0437577     6.51   0.000     .1986914    .3709551
       2011  |   .3038312   .0532318     5.71   0.000     .1990506    .4086118
       2012  |   .3399871   .0599152     5.67   0.000     .2220512     .457923
       2013  |   .2377734   .0729018     3.26   0.001     .0942749     .381272
       2014  |   .2651023   .0782618     3.39   0.001     .1110531    .4191515
       2015  |   1.035772    .081973    12.64   0.000     .8744174    1.197126
       2016  |     1.0892   .0872808    12.48   0.000     .9173976    1.261001
       2017  |   1.136239   .0913828    12.43   0.000     .9563631    1.316116
       2018  |    1.09717   .1006942    10.90   0.000     .8989659    1.295375
       2019  |   1.025811   .0940264    10.91   0.000     .8407312    1.210891
       2020  |  -.0822091   .0694426    -1.18   0.237    -.2188986    .0544804
       2021  |   .0159031   .0622651     0.26   0.799    -.1066585    .1384647
             |
       _cons |   1.762538    .487369     3.62   0.000     .8032094    2.721866
-------------+----------------------------------------------------------------
     sigma_u |  .61018503
     sigma_e |  .51932445
         rho |  .57992531   (fraction of variance due to u_i)
------------------------------------------------------------------------------

. eststo mod_poly_obs

. 
. esttab mod_er_obs mod_dei_obs mod_poly_obs using "$TABLES/table07_moderation_
> observed_2006_2021.rtf", replace ///
>     mtitles("ER" "DEI" "POLY") ///
>     b(%9.3f) se(%9.3f) star(* 0.10 ** 0.05 *** 0.01) ///
>     drop(*.year) ///
>     stats(N r2_w, labels("N" "Within R-squared") fmt(0 3)) ///
>     label compress title("Moderation analysis: observed-only sample, 2006-202
> 1")
(output written to D:/Workplace/SCS/outputs/tables/table07_moderation_observed_
> 2006_2021.rtf)

. 
. log close log06
      name:  log06
       log:  D:/Workplace/SCS/outputs/logs/06_moderation.log
  log type:  text
 closed on:  15 May 2026, 00:28:48
-------------------------------------------------------------------------------
