-------------------------------------------------------------------------------
      name:  log07_noer
       log:  D:/Workplace/SCS/outputs/logs/07_figures_2006_2024_noER.log
  log type:  text
 opened on:  16 May 2026, 04:09:15

. 
. use "$DATA", clear

. keep if inrange(year, 2006, 2024)
(0 observations deleted)

. 
. gen double lnCE = CE

. label variable lnCE "Log carbon emissions"

. 
. capture confirm variable SCCD2

. if _rc gen double SCCD2 = SCCD^2

. xtset id year

Panel variable: id (strongly balanced)
 Time variable: year, 2006 to 2024
         Delta: 1 unit

. 
. graph set window fontface "Arial"

. 
. histogram SCCD, percent width(0.025) ///
>     title("Distribution of SCCD") ///
>     subtitle("Main sample, 2006-2024") ///
>     xtitle("Spatial coupling coordination degree") ytitle("Percent")
(bin=29, start=.1214217, width=.025)

. graph export "$FIGURES/fig_sccd_distribution_2006_2024_noER.png", replace wid
> th(2400)
file
    D:/Workplace/SCS/outputs/figures/fig_sccd_distribution_2006_2024_noER.png
    saved as PNG format

. 
. twoway ///
>     (scatter lnCE SCCD, mcolor(gs12%35) msize(tiny)) ///
>     (qfit lnCE SCCD, lcolor(navy) lwidth(medthick)), ///
>     title("lnCE and SCCD") ///
>     subtitle("Main sample, 2006-2024") ///
>     xtitle("SCCD") ytitle("lnCE") ///
>     legend(order(1 "City-year observations" 2 "Quadratic fit") pos(6) row(1))

. graph export "$FIGURES/fig_nonlinear_sccd_lnce_2006_2024_noER.png", replace w
> idth(2400)
file
    D:/Workplace/SCS/outputs/figures/fig_nonlinear_sccd_lnce_2006_2024_noER.p
    > ng saved as PNG format

. 
. log close log07_noer
      name:  log07_noer
       log:  D:/Workplace/SCS/outputs/logs/07_figures_2006_2024_noER.log
  log type:  text
 closed on:  16 May 2026, 04:09:18
-------------------------------------------------------------------------------
